=== OpenSSL for Ruby configurator ===
=== Checking for system dependent stuff... ===
have_library: checking for t_open() in -lnsl... -------------------- no

" clang -o conftest -I/Users/Jun/.rbenv/versions/2.7.8/include/ruby-2.7.0/x86_64-darwin17 -I/Users/Jun/.rbenv/versions/2.7.8/include/ruby-2.7.0/ruby/backward -I/Users/Jun/.rbenv/versions/2.7.8/include/ruby-2.7.0 -I. -I/Users/Jun/.rbenv/versions/2.7.8/openssl/include -I/Users/Jun/.rbenv/versions/2.7.8/include  -D_XOPEN_SOURCE -D_DARWIN_C_SOURCE -D_DARWIN_UNLIMITED_SELECT -D_REENTRANT    -O3 -Wno-error=shorten-64-to-32  -fno-common -pipe conftest.c  -L. -L/Users/Jun/.rbenv/versions/2.7.8/lib -L/Users/Jun/.rbenv/versions/2.7.8/openssl/lib -L. -L/Users/Jun/.rbenv/versions/2.7.8/lib  -fstack-protector-strong -L/usr/local/lib     -lruby.2.7   "
checked program was:
/* begin */
1: #include "ruby.h"
2: 
3: int main(int argc, char **argv)
4: {
5:   return !!argv[argc];
6: }
/* end */

" clang -o conftest -I/Users/Jun/.rbenv/versions/2.7.8/include/ruby-2.7.0/x86_64-darwin17 -I/Users/Jun/.rbenv/versions/2.7.8/include/ruby-2.7.0/ruby/backward -I/Users/Jun/.rbenv/versions/2.7.8/include/ruby-2.7.0 -I. -I/Users/Jun/.rbenv/versions/2.7.8/openssl/include -I/Users/Jun/.rbenv/versions/2.7.8/include  -D_XOPEN_SOURCE -D_DARWIN_C_SOURCE -D_DARWIN_UNLIMITED_SELECT -D_REENTRANT    -O3 -Wno-error=shorten-64-to-32  -fno-common -pipe conftest.c  -L. -L/Users/Jun/.rbenv/versions/2.7.8/lib -L/Users/Jun/.rbenv/versions/2.7.8/openssl/lib -L. -L/Users/Jun/.rbenv/versions/2.7.8/lib  -fstack-protector-strong -L/usr/local/lib     -lruby.2.7 -lnsl   "
conftest.c:14:57: error: use of undeclared identifier 't_open'
int t(void) { void ((*volatile p)()); p = (void ((*)()))t_open; return !p; }
                                                        ^
1 error generated.
checked program was:
/* begin */
 1: #include "ruby.h"
 2: 
 3: /*top*/
 4: extern int t(void);
 5: int main(int argc, char **argv)
 6: {
 7:   if (argc > 1000000) {
 8:     int (* volatile tp)(void)=(int (*)(void))&t;
 9:     printf("%d", (*tp)());
10:   }
11: 
12:   return !!argv[argc];
13: }
14: int t(void) { void ((*volatile p)()); p = (void ((*)()))t_open; return !p; }
/* end */

" clang -o conftest -I/Users/Jun/.rbenv/versions/2.7.8/include/ruby-2.7.0/x86_64-darwin17 -I/Users/Jun/.rbenv/versions/2.7.8/include/ruby-2.7.0/ruby/backward -I/Users/Jun/.rbenv/versions/2.7.8/include/ruby-2.7.0 -I. -I/Users/Jun/.rbenv/versions/2.7.8/openssl/include -I/Users/Jun/.rbenv/versions/2.7.8/include  -D_XOPEN_SOURCE -D_DARWIN_C_SOURCE -D_DARWIN_UNLIMITED_SELECT -D_REENTRANT    -O3 -Wno-error=shorten-64-to-32  -fno-common -pipe conftest.c  -L. -L/Users/Jun/.rbenv/versions/2.7.8/lib -L/Users/Jun/.rbenv/versions/2.7.8/openssl/lib -L. -L/Users/Jun/.rbenv/versions/2.7.8/lib  -fstack-protector-strong -L/usr/local/lib     -lruby.2.7 -lnsl   "
ld: library not found for -lnsl
clang: error: linker command failed with exit code 1 (use -v to see invocation)
checked program was:
/* begin */
 1: #include "ruby.h"
 2: 
 3: /*top*/
 4: extern int t(void);
 5: int main(int argc, char **argv)
 6: {
 7:   if (argc > 1000000) {
 8:     int (* volatile tp)(void)=(int (*)(void))&t;
 9:     printf("%d", (*tp)());
10:   }
11: 
12:   return !!argv[argc];
13: }
14: extern void t_open();
15: int t(void) { t_open(); return 0; }
/* end */

--------------------

have_library: checking for socket() in -lsocket... -------------------- no

" clang -o conftest -I/Users/Jun/.rbenv/versions/2.7.8/include/ruby-2.7.0/x86_64-darwin17 -I/Users/Jun/.rbenv/versions/2.7.8/include/ruby-2.7.0/ruby/backward -I/Users/Jun/.rbenv/versions/2.7.8/include/ruby-2.7.0 -I. -I/Users/Jun/.rbenv/versions/2.7.8/openssl/include -I/Users/Jun/.rbenv/versions/2.7.8/include  -D_XOPEN_SOURCE -D_DARWIN_C_SOURCE -D_DARWIN_UNLIMITED_SELECT -D_REENTRANT    -O3 -Wno-error=shorten-64-to-32  -fno-common -pipe conftest.c  -L. -L/Users/Jun/.rbenv/versions/2.7.8/lib -L/Users/Jun/.rbenv/versions/2.7.8/openssl/lib -L. -L/Users/Jun/.rbenv/versions/2.7.8/lib  -fstack-protector-strong -L/usr/local/lib     -lruby.2.7 -lsocket   "
conftest.c:14:57: error: use of undeclared identifier 'socket'
int t(void) { void ((*volatile p)()); p = (void ((*)()))socket; return !p; }
                                                        ^
1 error generated.
checked program was:
/* begin */
 1: #include "ruby.h"
 2: 
 3: /*top*/
 4: extern int t(void);
 5: int main(int argc, char **argv)
 6: {
 7:   if (argc > 1000000) {
 8:     int (* volatile tp)(void)=(int (*)(void))&t;
 9:     printf("%d", (*tp)());
10:   }
11: 
12:   return !!argv[argc];
13: }
14: int t(void) { void ((*volatile p)()); p = (void ((*)()))socket; return !p; }
/* end */

" clang -o conftest -I/Users/Jun/.rbenv/versions/2.7.8/include/ruby-2.7.0/x86_64-darwin17 -I/Users/Jun/.rbenv/versions/2.7.8/include/ruby-2.7.0/ruby/backward -I/Users/Jun/.rbenv/versions/2.7.8/include/ruby-2.7.0 -I. -I/Users/Jun/.rbenv/versions/2.7.8/openssl/include -I/Users/Jun/.rbenv/versions/2.7.8/include  -D_XOPEN_SOURCE -D_DARWIN_C_SOURCE -D_DARWIN_UNLIMITED_SELECT -D_REENTRANT    -O3 -Wno-error=shorten-64-to-32  -fno-common -pipe conftest.c  -L. -L/Users/Jun/.rbenv/versions/2.7.8/lib -L/Users/Jun/.rbenv/versions/2.7.8/openssl/lib -L. -L/Users/Jun/.rbenv/versions/2.7.8/lib  -fstack-protector-strong -L/usr/local/lib     -lruby.2.7 -lsocket   "
ld: library not found for -lsocket
clang: error: linker command failed with exit code 1 (use -v to see invocation)
checked program was:
/* begin */
 1: #include "ruby.h"
 2: 
 3: /*top*/
 4: extern int t(void);
 5: int main(int argc, char **argv)
 6: {
 7:   if (argc > 1000000) {
 8:     int (* volatile tp)(void)=(int (*)(void))&t;
 9:     printf("%d", (*tp)());
10:   }
11: 
12:   return !!argv[argc];
13: }
14: extern void socket();
15: int t(void) { socket(); return 0; }
/* end */

--------------------

=== Checking for required stuff... ===
have_header: checking for openssl/ssl.h... -------------------- yes

" clang -E -I/Users/Jun/.rbenv/versions/2.7.8/include/ruby-2.7.0/x86_64-darwin17 -I/Users/Jun/.rbenv/versions/2.7.8/include/ruby-2.7.0/ruby/backward -I/Users/Jun/.rbenv/versions/2.7.8/include/ruby-2.7.0 -I. -I/Users/Jun/.rbenv/versions/2.7.8/openssl/include -I/Users/Jun/.rbenv/versions/2.7.8/include  -D_XOPEN_SOURCE -D_DARWIN_C_SOURCE -D_DARWIN_UNLIMITED_SELECT -D_REENTRANT    -O3 -Wno-error=shorten-64-to-32  -fno-common -pipe  conftest.c -o conftest.i"
checked program was:
/* begin */
1: #include "ruby.h"
2: 
3: #include <openssl/ssl.h>
/* end */

--------------------

have_library: checking for CRYPTO_malloc() in -lcrypto... -------------------- yes

" clang -o conftest -I/Users/Jun/.rbenv/versions/2.7.8/include/ruby-2.7.0/x86_64-darwin17 -I/Users/Jun/.rbenv/versions/2.7.8/include/ruby-2.7.0/ruby/backward -I/Users/Jun/.rbenv/versions/2.7.8/include/ruby-2.7.0 -I. -I/Users/Jun/.rbenv/versions/2.7.8/openssl/include -I/Users/Jun/.rbenv/versions/2.7.8/include  -D_XOPEN_SOURCE -D_DARWIN_C_SOURCE -D_DARWIN_UNLIMITED_SELECT -D_REENTRANT    -O3 -Wno-error=shorten-64-to-32  -fno-common -pipe conftest.c  -L. -L/Users/Jun/.rbenv/versions/2.7.8/lib -L/Users/Jun/.rbenv/versions/2.7.8/openssl/lib -L. -L/Users/Jun/.rbenv/versions/2.7.8/lib  -fstack-protector-strong -L/usr/local/lib     -lruby.2.7 -lcrypto   "
conftest.c:14:57: error: use of undeclared identifier 'CRYPTO_malloc'
int t(void) { void ((*volatile p)()); p = (void ((*)()))CRYPTO_malloc; return !p; }
                                                        ^
1 error generated.
checked program was:
/* begin */
 1: #include "ruby.h"
 2: 
 3: /*top*/
 4: extern int t(void);
 5: int main(int argc, char **argv)
 6: {
 7:   if (argc > 1000000) {
 8:     int (* volatile tp)(void)=(int (*)(void))&t;
 9:     printf("%d", (*tp)());
10:   }
11: 
12:   return !!argv[argc];
13: }
14: int t(void) { void ((*volatile p)()); p = (void ((*)()))CRYPTO_malloc; return !p; }
/* end */

" clang -o conftest -I/Users/Jun/.rbenv/versions/2.7.8/include/ruby-2.7.0/x86_64-darwin17 -I/Users/Jun/.rbenv/versions/2.7.8/include/ruby-2.7.0/ruby/backward -I/Users/Jun/.rbenv/versions/2.7.8/include/ruby-2.7.0 -I. -I/Users/Jun/.rbenv/versions/2.7.8/openssl/include -I/Users/Jun/.rbenv/versions/2.7.8/include  -D_XOPEN_SOURCE -D_DARWIN_C_SOURCE -D_DARWIN_UNLIMITED_SELECT -D_REENTRANT    -O3 -Wno-error=shorten-64-to-32  -fno-common -pipe conftest.c  -L. -L/Users/Jun/.rbenv/versions/2.7.8/lib -L/Users/Jun/.rbenv/versions/2.7.8/openssl/lib -L. -L/Users/Jun/.rbenv/versions/2.7.8/lib  -fstack-protector-strong -L/usr/local/lib     -lruby.2.7 -lcrypto   "
checked program was:
/* begin */
 1: #include "ruby.h"
 2: 
 3: /*top*/
 4: extern int t(void);
 5: int main(int argc, char **argv)
 6: {
 7:   if (argc > 1000000) {
 8:     int (* volatile tp)(void)=(int (*)(void))&t;
 9:     printf("%d", (*tp)());
10:   }
11: 
12:   return !!argv[argc];
13: }
14: extern void CRYPTO_malloc();
15: int t(void) { CRYPTO_malloc(); return 0; }
/* end */

--------------------

have_library: checking for SSL_new() in -lssl... -------------------- yes

" clang -o conftest -I/Users/Jun/.rbenv/versions/2.7.8/include/ruby-2.7.0/x86_64-darwin17 -I/Users/Jun/.rbenv/versions/2.7.8/include/ruby-2.7.0/ruby/backward -I/Users/Jun/.rbenv/versions/2.7.8/include/ruby-2.7.0 -I. -I/Users/Jun/.rbenv/versions/2.7.8/openssl/include -I/Users/Jun/.rbenv/versions/2.7.8/include  -D_XOPEN_SOURCE -D_DARWIN_C_SOURCE -D_DARWIN_UNLIMITED_SELECT -D_REENTRANT    -O3 -Wno-error=shorten-64-to-32  -fno-common -pipe conftest.c  -L. -L/Users/Jun/.rbenv/versions/2.7.8/lib -L/Users/Jun/.rbenv/versions/2.7.8/openssl/lib -L. -L/Users/Jun/.rbenv/versions/2.7.8/lib  -fstack-protector-strong -L/usr/local/lib    -lcrypto  -lruby.2.7 -lssl -lcrypto   "
conftest.c:14:57: error: use of undeclared identifier 'SSL_new'
int t(void) { void ((*volatile p)()); p = (void ((*)()))SSL_new; return !p; }
                                                        ^
1 error generated.
checked program was:
/* begin */
 1: #include "ruby.h"
 2: 
 3: /*top*/
 4: extern int t(void);
 5: int main(int argc, char **argv)
 6: {
 7:   if (argc > 1000000) {
 8:     int (* volatile tp)(void)=(int (*)(void))&t;
 9:     printf("%d", (*tp)());
10:   }
11: 
12:   return !!argv[argc];
13: }
14: int t(void) { void ((*volatile p)()); p = (void ((*)()))SSL_new; return !p; }
/* end */

" clang -o conftest -I/Users/Jun/.rbenv/versions/2.7.8/include/ruby-2.7.0/x86_64-darwin17 -I/Users/Jun/.rbenv/versions/2.7.8/include/ruby-2.7.0/ruby/backward -I/Users/Jun/.rbenv/versions/2.7.8/include/ruby-2.7.0 -I. -I/Users/Jun/.rbenv/versions/2.7.8/openssl/include -I/Users/Jun/.rbenv/versions/2.7.8/include  -D_XOPEN_SOURCE -D_DARWIN_C_SOURCE -D_DARWIN_UNLIMITED_SELECT -D_REENTRANT    -O3 -Wno-error=shorten-64-to-32  -fno-common -pipe conftest.c  -L. -L/Users/Jun/.rbenv/versions/2.7.8/lib -L/Users/Jun/.rbenv/versions/2.7.8/openssl/lib -L. -L/Users/Jun/.rbenv/versions/2.7.8/lib  -fstack-protector-strong -L/usr/local/lib    -lcrypto  -lruby.2.7 -lssl -lcrypto   "
checked program was:
/* begin */
 1: #include "ruby.h"
 2: 
 3: /*top*/
 4: extern int t(void);
 5: int main(int argc, char **argv)
 6: {
 7:   if (argc > 1000000) {
 8:     int (* volatile tp)(void)=(int (*)(void))&t;
 9:     printf("%d", (*tp)());
10:   }
11: 
12:   return !!argv[argc];
13: }
14: extern void SSL_new();
15: int t(void) { SSL_new(); return 0; }
/* end */

--------------------

have_macro: checking for LIBRESSL_VERSION_NUMBER in openssl/opensslv.h... -------------------- no

" clang -I/Users/Jun/.rbenv/versions/2.7.8/include/ruby-2.7.0/x86_64-darwin17 -I/Users/Jun/.rbenv/versions/2.7.8/include/ruby-2.7.0/ruby/backward -I/Users/Jun/.rbenv/versions/2.7.8/include/ruby-2.7.0 -I. -I/Users/Jun/.rbenv/versions/2.7.8/openssl/include -I/Users/Jun/.rbenv/versions/2.7.8/include  -D_XOPEN_SOURCE -D_DARWIN_C_SOURCE -D_DARWIN_UNLIMITED_SELECT -D_REENTRANT    -O3 -Wno-error=shorten-64-to-32  -fno-common -pipe   -c conftest.c"
conftest.c:6:3: error: 
# error
  ^
conftest.c:7:1: error: expected identifier or '('
|:/ === LIBRESSL_VERSION_NUMBER undefined === /:|
^
2 errors generated.
checked program was:
/* begin */
1: #include "ruby.h"
2: 
3: #include <openssl/opensslv.h>
4: /*top*/
5: #ifndef LIBRESSL_VERSION_NUMBER
6: # error
7: |:/ === LIBRESSL_VERSION_NUMBER undefined === /:|
8: #endif
/* end */

--------------------

checking for OpenSSL version >= 1.0.1 and < 3.0.0... -------------------- yes

" clang -I/Users/Jun/.rbenv/versions/2.7.8/include/ruby-2.7.0/x86_64-darwin17 -I/Users/Jun/.rbenv/versions/2.7.8/include/ruby-2.7.0/ruby/backward -I/Users/Jun/.rbenv/versions/2.7.8/include/ruby-2.7.0 -I. -I/Users/Jun/.rbenv/versions/2.7.8/openssl/include -I/Users/Jun/.rbenv/versions/2.7.8/include  -D_XOPEN_SOURCE -D_DARWIN_C_SOURCE -D_DARWIN_UNLIMITED_SELECT -D_REENTRANT    -O3 -Wno-error=shorten-64-to-32  -fno-common -pipe   -c conftest.c"
checked program was:
/* begin */
1: #include "ruby.h"
2: 
3: #include <openssl/opensslv.h>
4: 
5: /*top*/
6: int conftest_const[(OPENSSL_VERSION_NUMBER >= 0x10001000L) ? 1 : -1];
/* end */

" clang -I/Users/Jun/.rbenv/versions/2.7.8/include/ruby-2.7.0/x86_64-darwin17 -I/Users/Jun/.rbenv/versions/2.7.8/include/ruby-2.7.0/ruby/backward -I/Users/Jun/.rbenv/versions/2.7.8/include/ruby-2.7.0 -I. -I/Users/Jun/.rbenv/versions/2.7.8/openssl/include -I/Users/Jun/.rbenv/versions/2.7.8/include  -D_XOPEN_SOURCE -D_DARWIN_C_SOURCE -D_DARWIN_UNLIMITED_SELECT -D_REENTRANT    -O3 -Wno-error=shorten-64-to-32  -fno-common -pipe   -c conftest.c"
conftest.c:6:21: error: use of undeclared identifier 'OPENSSL_VERSION_MAJOR'
int conftest_const[(OPENSSL_VERSION_MAJOR >= 3) ? 1 : -1];
                    ^
1 error generated.
checked program was:
/* begin */
1: #include "ruby.h"
2: 
3: #include <openssl/opensslv.h>
4: 
5: /*top*/
6: int conftest_const[(OPENSSL_VERSION_MAJOR >= 3) ? 1 : -1];
/* end */

--------------------

=== Checking for OpenSSL features... ===
have_func: checking for RAND_egd()... -------------------- no

" clang -o conftest -I/Users/Jun/.rbenv/versions/2.7.8/include/ruby-2.7.0/x86_64-darwin17 -I/Users/Jun/.rbenv/versions/2.7.8/include/ruby-2.7.0/ruby/backward -I/Users/Jun/.rbenv/versions/2.7.8/include/ruby-2.7.0 -I. -I/Users/Jun/.rbenv/versions/2.7.8/openssl/include -I/Users/Jun/.rbenv/versions/2.7.8/include  -D_XOPEN_SOURCE -D_DARWIN_C_SOURCE -D_DARWIN_UNLIMITED_SELECT -D_REENTRANT    -O3 -Wno-error=shorten-64-to-32  -fno-common -pipe conftest.c  -L. -L/Users/Jun/.rbenv/versions/2.7.8/lib -L/Users/Jun/.rbenv/versions/2.7.8/openssl/lib -L. -L/Users/Jun/.rbenv/versions/2.7.8/lib  -fstack-protector-strong -L/usr/local/lib    -lssl -lcrypto  -lruby.2.7 -lssl -lcrypto   "
conftest.c:14:57: error: use of undeclared identifier 'RAND_egd'
int t(void) { void ((*volatile p)()); p = (void ((*)()))RAND_egd; return !p; }
                                                        ^
1 error generated.
checked program was:
/* begin */
 1: #include "ruby.h"
 2: 
 3: /*top*/
 4: extern int t(void);
 5: int main(int argc, char **argv)
 6: {
 7:   if (argc > 1000000) {
 8:     int (* volatile tp)(void)=(int (*)(void))&t;
 9:     printf("%d", (*tp)());
10:   }
11: 
12:   return !!argv[argc];
13: }
14: int t(void) { void ((*volatile p)()); p = (void ((*)()))RAND_egd; return !p; }
/* end */

" clang -o conftest -I/Users/Jun/.rbenv/versions/2.7.8/include/ruby-2.7.0/x86_64-darwin17 -I/Users/Jun/.rbenv/versions/2.7.8/include/ruby-2.7.0/ruby/backward -I/Users/Jun/.rbenv/versions/2.7.8/include/ruby-2.7.0 -I. -I/Users/Jun/.rbenv/versions/2.7.8/openssl/include -I/Users/Jun/.rbenv/versions/2.7.8/include  -D_XOPEN_SOURCE -D_DARWIN_C_SOURCE -D_DARWIN_UNLIMITED_SELECT -D_REENTRANT    -O3 -Wno-error=shorten-64-to-32  -fno-common -pipe conftest.c  -L. -L/Users/Jun/.rbenv/versions/2.7.8/lib -L/Users/Jun/.rbenv/versions/2.7.8/openssl/lib -L. -L/Users/Jun/.rbenv/versions/2.7.8/lib  -fstack-protector-strong -L/usr/local/lib    -lssl -lcrypto  -lruby.2.7 -lssl -lcrypto   "
Undefined symbols for architecture x86_64:
  "_RAND_egd", referenced from:
      _t in conftest-d5aef4.o
ld: symbol(s) not found for architecture x86_64
clang: error: linker command failed with exit code 1 (use -v to see invocation)
checked program was:
/* begin */
 1: #include "ruby.h"
 2: 
 3: /*top*/
 4: extern int t(void);
 5: int main(int argc, char **argv)
 6: {
 7:   if (argc > 1000000) {
 8:     int (* volatile tp)(void)=(int (*)(void))&t;
 9:     printf("%d", (*tp)());
10:   }
11: 
12:   return !!argv[argc];
13: }
14: extern void RAND_egd();
15: int t(void) { RAND_egd(); return 0; }
/* end */

--------------------

have_func: checking for ENGINE_load_dynamic() in openssl/engine.h... -------------------- yes

" clang -o conftest -I/Users/Jun/.rbenv/versions/2.7.8/include/ruby-2.7.0/x86_64-darwin17 -I/Users/Jun/.rbenv/versions/2.7.8/include/ruby-2.7.0/ruby/backward -I/Users/Jun/.rbenv/versions/2.7.8/include/ruby-2.7.0 -I. -I/Users/Jun/.rbenv/versions/2.7.8/openssl/include -I/Users/Jun/.rbenv/versions/2.7.8/include  -D_XOPEN_SOURCE -D_DARWIN_C_SOURCE -D_DARWIN_UNLIMITED_SELECT -D_REENTRANT    -O3 -Wno-error=shorten-64-to-32  -fno-common -pipe conftest.c  -L. -L/Users/Jun/.rbenv/versions/2.7.8/lib -L/Users/Jun/.rbenv/versions/2.7.8/openssl/lib -L. -L/Users/Jun/.rbenv/versions/2.7.8/lib  -fstack-protector-strong -L/usr/local/lib    -lssl -lcrypto  -lruby.2.7 -lssl -lcrypto   "
checked program was:
/* begin */
 1: #include "ruby.h"
 2: 
 3: #include <openssl/engine.h>
 4: 
 5: /*top*/
 6: extern int t(void);
 7: int main(int argc, char **argv)
 8: {
 9:   if (argc > 1000000) {
10:     int (* volatile tp)(void)=(int (*)(void))&t;
11:     printf("%d", (*tp)());
12:   }
13: 
14:   return !!argv[argc];
15: }
16: 
17: int t(void) { ENGINE_load_dynamic(); return 0; }
/* end */

--------------------

have_func: checking for ENGINE_load_4758cca() in openssl/engine.h... -------------------- no

" clang -o conftest -I/Users/Jun/.rbenv/versions/2.7.8/include/ruby-2.7.0/x86_64-darwin17 -I/Users/Jun/.rbenv/versions/2.7.8/include/ruby-2.7.0/ruby/backward -I/Users/Jun/.rbenv/versions/2.7.8/include/ruby-2.7.0 -I. -I/Users/Jun/.rbenv/versions/2.7.8/openssl/include -I/Users/Jun/.rbenv/versions/2.7.8/include  -D_XOPEN_SOURCE -D_DARWIN_C_SOURCE -D_DARWIN_UNLIMITED_SELECT -D_REENTRANT    -O3 -Wno-error=shorten-64-to-32  -fno-common -pipe conftest.c  -L. -L/Users/Jun/.rbenv/versions/2.7.8/lib -L/Users/Jun/.rbenv/versions/2.7.8/openssl/lib -L. -L/Users/Jun/.rbenv/versions/2.7.8/lib  -fstack-protector-strong -L/usr/local/lib    -lssl -lcrypto  -lruby.2.7 -lssl -lcrypto   "
conftest.c:17:15: warning: implicit declaration of function 'ENGINE_load_4758cca' is invalid in C99 [-Wimplicit-function-declaration]
int t(void) { ENGINE_load_4758cca(); return 0; }
              ^
1 warning generated.
Undefined symbols for architecture x86_64:
  "_ENGINE_load_4758cca", referenced from:
      _t in conftest-c1c2e8.o
ld: symbol(s) not found for architecture x86_64
clang: error: linker command failed with exit code 1 (use -v to see invocation)
checked program was:
/* begin */
 1: #include "ruby.h"
 2: 
 3: #include <openssl/engine.h>
 4: 
 5: /*top*/
 6: extern int t(void);
 7: int main(int argc, char **argv)
 8: {
 9:   if (argc > 1000000) {
10:     int (* volatile tp)(void)=(int (*)(void))&t;
11:     printf("%d", (*tp)());
12:   }
13: 
14:   return !!argv[argc];
15: }
16: 
17: int t(void) { ENGINE_load_4758cca(); return 0; }
/* end */

--------------------

have_func: checking for ENGINE_load_aep() in openssl/engine.h... -------------------- no

" clang -o conftest -I/Users/Jun/.rbenv/versions/2.7.8/include/ruby-2.7.0/x86_64-darwin17 -I/Users/Jun/.rbenv/versions/2.7.8/include/ruby-2.7.0/ruby/backward -I/Users/Jun/.rbenv/versions/2.7.8/include/ruby-2.7.0 -I. -I/Users/Jun/.rbenv/versions/2.7.8/openssl/include -I/Users/Jun/.rbenv/versions/2.7.8/include  -D_XOPEN_SOURCE -D_DARWIN_C_SOURCE -D_DARWIN_UNLIMITED_SELECT -D_REENTRANT    -O3 -Wno-error=shorten-64-to-32  -fno-common -pipe conftest.c  -L. -L/Users/Jun/.rbenv/versions/2.7.8/lib -L/Users/Jun/.rbenv/versions/2.7.8/openssl/lib -L. -L/Users/Jun/.rbenv/versions/2.7.8/lib  -fstack-protector-strong -L/usr/local/lib    -lssl -lcrypto  -lruby.2.7 -lssl -lcrypto   "
conftest.c:17:15: warning: implicit declaration of function 'ENGINE_load_aep' is invalid in C99 [-Wimplicit-function-declaration]
int t(void) { ENGINE_load_aep(); return 0; }
              ^
1 warning generated.
Undefined symbols for architecture x86_64:
  "_ENGINE_load_aep", referenced from:
      _t in conftest-230a4e.o
ld: symbol(s) not found for architecture x86_64
clang: error: linker command failed with exit code 1 (use -v to see invocation)
checked program was:
/* begin */
 1: #include "ruby.h"
 2: 
 3: #include <openssl/engine.h>
 4: 
 5: /*top*/
 6: extern int t(void);
 7: int main(int argc, char **argv)
 8: {
 9:   if (argc > 1000000) {
10:     int (* volatile tp)(void)=(int (*)(void))&t;
11:     printf("%d", (*tp)());
12:   }
13: 
14:   return !!argv[argc];
15: }
16: 
17: int t(void) { ENGINE_load_aep(); return 0; }
/* end */

--------------------

have_func: checking for ENGINE_load_atalla() in openssl/engine.h... -------------------- no

" clang -o conftest -I/Users/Jun/.rbenv/versions/2.7.8/include/ruby-2.7.0/x86_64-darwin17 -I/Users/Jun/.rbenv/versions/2.7.8/include/ruby-2.7.0/ruby/backward -I/Users/Jun/.rbenv/versions/2.7.8/include/ruby-2.7.0 -I. -I/Users/Jun/.rbenv/versions/2.7.8/openssl/include -I/Users/Jun/.rbenv/versions/2.7.8/include  -D_XOPEN_SOURCE -D_DARWIN_C_SOURCE -D_DARWIN_UNLIMITED_SELECT -D_REENTRANT    -O3 -Wno-error=shorten-64-to-32  -fno-common -pipe conftest.c  -L. -L/Users/Jun/.rbenv/versions/2.7.8/lib -L/Users/Jun/.rbenv/versions/2.7.8/openssl/lib -L. -L/Users/Jun/.rbenv/versions/2.7.8/lib  -fstack-protector-strong -L/usr/local/lib    -lssl -lcrypto  -lruby.2.7 -lssl -lcrypto   "
conftest.c:17:15: warning: implicit declaration of function 'ENGINE_load_atalla' is invalid in C99 [-Wimplicit-function-declaration]
int t(void) { ENGINE_load_atalla(); return 0; }
              ^
1 warning generated.
Undefined symbols for architecture x86_64:
  "_ENGINE_load_atalla", referenced from:
      _t in conftest-f09743.o
ld: symbol(s) not found for architecture x86_64
clang: error: linker command failed with exit code 1 (use -v to see invocation)
checked program was:
/* begin */
 1: #include "ruby.h"
 2: 
 3: #include <openssl/engine.h>
 4: 
 5: /*top*/
 6: extern int t(void);
 7: int main(int argc, char **argv)
 8: {
 9:   if (argc > 1000000) {
10:     int (* volatile tp)(void)=(int (*)(void))&t;
11:     printf("%d", (*tp)());
12:   }
13: 
14:   return !!argv[argc];
15: }
16: 
17: int t(void) { ENGINE_load_atalla(); return 0; }
/* end */

--------------------

have_func: checking for ENGINE_load_chil() in openssl/engine.h... -------------------- no

" clang -o conftest -I/Users/Jun/.rbenv/versions/2.7.8/include/ruby-2.7.0/x86_64-darwin17 -I/Users/Jun/.rbenv/versions/2.7.8/include/ruby-2.7.0/ruby/backward -I/Users/Jun/.rbenv/versions/2.7.8/include/ruby-2.7.0 -I. -I/Users/Jun/.rbenv/versions/2.7.8/openssl/include -I/Users/Jun/.rbenv/versions/2.7.8/include  -D_XOPEN_SOURCE -D_DARWIN_C_SOURCE -D_DARWIN_UNLIMITED_SELECT -D_REENTRANT    -O3 -Wno-error=shorten-64-to-32  -fno-common -pipe conftest.c  -L. -L/Users/Jun/.rbenv/versions/2.7.8/lib -L/Users/Jun/.rbenv/versions/2.7.8/openssl/lib -L. -L/Users/Jun/.rbenv/versions/2.7.8/lib  -fstack-protector-strong -L/usr/local/lib    -lssl -lcrypto  -lruby.2.7 -lssl -lcrypto   "
conftest.c:17:15: warning: implicit declaration of function 'ENGINE_load_chil' is invalid in C99 [-Wimplicit-function-declaration]
int t(void) { ENGINE_load_chil(); return 0; }
              ^
1 warning generated.
Undefined symbols for architecture x86_64:
  "_ENGINE_load_chil", referenced from:
      _t in conftest-1d4e60.o
ld: symbol(s) not found for architecture x86_64
clang: error: linker command failed with exit code 1 (use -v to see invocation)
checked program was:
/* begin */
 1: #include "ruby.h"
 2: 
 3: #include <openssl/engine.h>
 4: 
 5: /*top*/
 6: extern int t(void);
 7: int main(int argc, char **argv)
 8: {
 9:   if (argc > 1000000) {
10:     int (* volatile tp)(void)=(int (*)(void))&t;
11:     printf("%d", (*tp)());
12:   }
13: 
14:   return !!argv[argc];
15: }
16: 
17: int t(void) { ENGINE_load_chil(); return 0; }
/* end */

--------------------

have_func: checking for ENGINE_load_cswift() in openssl/engine.h... -------------------- no

" clang -o conftest -I/Users/Jun/.rbenv/versions/2.7.8/include/ruby-2.7.0/x86_64-darwin17 -I/Users/Jun/.rbenv/versions/2.7.8/include/ruby-2.7.0/ruby/backward -I/Users/Jun/.rbenv/versions/2.7.8/include/ruby-2.7.0 -I. -I/Users/Jun/.rbenv/versions/2.7.8/openssl/include -I/Users/Jun/.rbenv/versions/2.7.8/include  -D_XOPEN_SOURCE -D_DARWIN_C_SOURCE -D_DARWIN_UNLIMITED_SELECT -D_REENTRANT    -O3 -Wno-error=shorten-64-to-32  -fno-common -pipe conftest.c  -L. -L/Users/Jun/.rbenv/versions/2.7.8/lib -L/Users/Jun/.rbenv/versions/2.7.8/openssl/lib -L. -L/Users/Jun/.rbenv/versions/2.7.8/lib  -fstack-protector-strong -L/usr/local/lib    -lssl -lcrypto  -lruby.2.7 -lssl -lcrypto   "
conftest.c:17:15: warning: implicit declaration of function 'ENGINE_load_cswift' is invalid in C99 [-Wimplicit-function-declaration]
int t(void) { ENGINE_load_cswift(); return 0; }
              ^
1 warning generated.
Undefined symbols for architecture x86_64:
  "_ENGINE_load_cswift", referenced from:
      _t in conftest-21d77b.o
ld: symbol(s) not found for architecture x86_64
clang: error: linker command failed with exit code 1 (use -v to see invocation)
checked program was:
/* begin */
 1: #include "ruby.h"
 2: 
 3: #include <openssl/engine.h>
 4: 
 5: /*top*/
 6: extern int t(void);
 7: int main(int argc, char **argv)
 8: {
 9:   if (argc > 1000000) {
10:     int (* volatile tp)(void)=(int (*)(void))&t;
11:     printf("%d", (*tp)());
12:   }
13: 
14:   return !!argv[argc];
15: }
16: 
17: int t(void) { ENGINE_load_cswift(); return 0; }
/* end */

--------------------

have_func: checking for ENGINE_load_nuron() in openssl/engine.h... -------------------- no

" clang -o conftest -I/Users/Jun/.rbenv/versions/2.7.8/include/ruby-2.7.0/x86_64-darwin17 -I/Users/Jun/.rbenv/versions/2.7.8/include/ruby-2.7.0/ruby/backward -I/Users/Jun/.rbenv/versions/2.7.8/include/ruby-2.7.0 -I. -I/Users/Jun/.rbenv/versions/2.7.8/openssl/include -I/Users/Jun/.rbenv/versions/2.7.8/include  -D_XOPEN_SOURCE -D_DARWIN_C_SOURCE -D_DARWIN_UNLIMITED_SELECT -D_REENTRANT    -O3 -Wno-error=shorten-64-to-32  -fno-common -pipe conftest.c  -L. -L/Users/Jun/.rbenv/versions/2.7.8/lib -L/Users/Jun/.rbenv/versions/2.7.8/openssl/lib -L. -L/Users/Jun/.rbenv/versions/2.7.8/lib  -fstack-protector-strong -L/usr/local/lib    -lssl -lcrypto  -lruby.2.7 -lssl -lcrypto   "
conftest.c:17:15: warning: implicit declaration of function 'ENGINE_load_nuron' is invalid in C99 [-Wimplicit-function-declaration]
int t(void) { ENGINE_load_nuron(); return 0; }
              ^
1 warning generated.
Undefined symbols for architecture x86_64:
  "_ENGINE_load_nuron", referenced from:
      _t in conftest-11d428.o
ld: symbol(s) not found for architecture x86_64
clang: error: linker command failed with exit code 1 (use -v to see invocation)
checked program was:
/* begin */
 1: #include "ruby.h"
 2: 
 3: #include <openssl/engine.h>
 4: 
 5: /*top*/
 6: extern int t(void);
 7: int main(int argc, char **argv)
 8: {
 9:   if (argc > 1000000) {
10:     int (* volatile tp)(void)=(int (*)(void))&t;
11:     printf("%d", (*tp)());
12:   }
13: 
14:   return !!argv[argc];
15: }
16: 
17: int t(void) { ENGINE_load_nuron(); return 0; }
/* end */

--------------------

have_func: checking for ENGINE_load_sureware() in openssl/engine.h... -------------------- no

" clang -o conftest -I/Users/Jun/.rbenv/versions/2.7.8/include/ruby-2.7.0/x86_64-darwin17 -I/Users/Jun/.rbenv/versions/2.7.8/include/ruby-2.7.0/ruby/backward -I/Users/Jun/.rbenv/versions/2.7.8/include/ruby-2.7.0 -I. -I/Users/Jun/.rbenv/versions/2.7.8/openssl/include -I/Users/Jun/.rbenv/versions/2.7.8/include  -D_XOPEN_SOURCE -D_DARWIN_C_SOURCE -D_DARWIN_UNLIMITED_SELECT -D_REENTRANT    -O3 -Wno-error=shorten-64-to-32  -fno-common -pipe conftest.c  -L. -L/Users/Jun/.rbenv/versions/2.7.8/lib -L/Users/Jun/.rbenv/versions/2.7.8/openssl/lib -L. -L/Users/Jun/.rbenv/versions/2.7.8/lib  -fstack-protector-strong -L/usr/local/lib    -lssl -lcrypto  -lruby.2.7 -lssl -lcrypto   "
conftest.c:17:15: warning: implicit declaration of function 'ENGINE_load_sureware' is invalid in C99 [-Wimplicit-function-declaration]
int t(void) { ENGINE_load_sureware(); return 0; }
              ^
1 warning generated.
Undefined symbols for architecture x86_64:
  "_ENGINE_load_sureware", referenced from:
      _t in conftest-5dd340.o
ld: symbol(s) not found for architecture x86_64
clang: error: linker command failed with exit code 1 (use -v to see invocation)
checked program was:
/* begin */
 1: #include "ruby.h"
 2: 
 3: #include <openssl/engine.h>
 4: 
 5: /*top*/
 6: extern int t(void);
 7: int main(int argc, char **argv)
 8: {
 9:   if (argc > 1000000) {
10:     int (* volatile tp)(void)=(int (*)(void))&t;
11:     printf("%d", (*tp)());
12:   }
13: 
14:   return !!argv[argc];
15: }
16: 
17: int t(void) { ENGINE_load_sureware(); return 0; }
/* end */

--------------------

have_func: checking for ENGINE_load_ubsec() in openssl/engine.h... -------------------- no

" clang -o conftest -I/Users/Jun/.rbenv/versions/2.7.8/include/ruby-2.7.0/x86_64-darwin17 -I/Users/Jun/.rbenv/versions/2.7.8/include/ruby-2.7.0/ruby/backward -I/Users/Jun/.rbenv/versions/2.7.8/include/ruby-2.7.0 -I. -I/Users/Jun/.rbenv/versions/2.7.8/openssl/include -I/Users/Jun/.rbenv/versions/2.7.8/include  -D_XOPEN_SOURCE -D_DARWIN_C_SOURCE -D_DARWIN_UNLIMITED_SELECT -D_REENTRANT    -O3 -Wno-error=shorten-64-to-32  -fno-common -pipe conftest.c  -L. -L/Users/Jun/.rbenv/versions/2.7.8/lib -L/Users/Jun/.rbenv/versions/2.7.8/openssl/lib -L. -L/Users/Jun/.rbenv/versions/2.7.8/lib  -fstack-protector-strong -L/usr/local/lib    -lssl -lcrypto  -lruby.2.7 -lssl -lcrypto   "
conftest.c:17:15: warning: implicit declaration of function 'ENGINE_load_ubsec' is invalid in C99 [-Wimplicit-function-declaration]
int t(void) { ENGINE_load_ubsec(); return 0; }
              ^
1 warning generated.
Undefined symbols for architecture x86_64:
  "_ENGINE_load_ubsec", referenced from:
      _t in conftest-d782bd.o
ld: symbol(s) not found for architecture x86_64
clang: error: linker command failed with exit code 1 (use -v to see invocation)
checked program was:
/* begin */
 1: #include "ruby.h"
 2: 
 3: #include <openssl/engine.h>
 4: 
 5: /*top*/
 6: extern int t(void);
 7: int main(int argc, char **argv)
 8: {
 9:   if (argc > 1000000) {
10:     int (* volatile tp)(void)=(int (*)(void))&t;
11:     printf("%d", (*tp)());
12:   }
13: 
14:   return !!argv[argc];
15: }
16: 
17: int t(void) { ENGINE_load_ubsec(); return 0; }
/* end */

--------------------

have_func: checking for ENGINE_load_padlock() in openssl/engine.h... -------------------- no

" clang -o conftest -I/Users/Jun/.rbenv/versions/2.7.8/include/ruby-2.7.0/x86_64-darwin17 -I/Users/Jun/.rbenv/versions/2.7.8/include/ruby-2.7.0/ruby/backward -I/Users/Jun/.rbenv/versions/2.7.8/include/ruby-2.7.0 -I. -I/Users/Jun/.rbenv/versions/2.7.8/openssl/include -I/Users/Jun/.rbenv/versions/2.7.8/include  -D_XOPEN_SOURCE -D_DARWIN_C_SOURCE -D_DARWIN_UNLIMITED_SELECT -D_REENTRANT    -O3 -Wno-error=shorten-64-to-32  -fno-common -pipe conftest.c  -L. -L/Users/Jun/.rbenv/versions/2.7.8/lib -L/Users/Jun/.rbenv/versions/2.7.8/openssl/lib -L. -L/Users/Jun/.rbenv/versions/2.7.8/lib  -fstack-protector-strong -L/usr/local/lib    -lssl -lcrypto  -lruby.2.7 -lssl -lcrypto   "
conftest.c:17:15: warning: implicit declaration of function 'ENGINE_load_padlock' is invalid in C99 [-Wimplicit-function-declaration]
int t(void) { ENGINE_load_padlock(); return 0; }
              ^
1 warning generated.
Undefined symbols for architecture x86_64:
  "_ENGINE_load_padlock", referenced from:
      _t in conftest-cfec29.o
ld: symbol(s) not found for architecture x86_64
clang: error: linker command failed with exit code 1 (use -v to see invocation)
checked program was:
/* begin */
 1: #include "ruby.h"
 2: 
 3: #include <openssl/engine.h>
 4: 
 5: /*top*/
 6: extern int t(void);
 7: int main(int argc, char **argv)
 8: {
 9:   if (argc > 1000000) {
10:     int (* volatile tp)(void)=(int (*)(void))&t;
11:     printf("%d", (*tp)());
12:   }
13: 
14:   return !!argv[argc];
15: }
16: 
17: int t(void) { ENGINE_load_padlock(); return 0; }
/* end */

--------------------

have_func: checking for ENGINE_load_capi() in openssl/engine.h... -------------------- no

" clang -o conftest -I/Users/Jun/.rbenv/versions/2.7.8/include/ruby-2.7.0/x86_64-darwin17 -I/Users/Jun/.rbenv/versions/2.7.8/include/ruby-2.7.0/ruby/backward -I/Users/Jun/.rbenv/versions/2.7.8/include/ruby-2.7.0 -I. -I/Users/Jun/.rbenv/versions/2.7.8/openssl/include -I/Users/Jun/.rbenv/versions/2.7.8/include  -D_XOPEN_SOURCE -D_DARWIN_C_SOURCE -D_DARWIN_UNLIMITED_SELECT -D_REENTRANT    -O3 -Wno-error=shorten-64-to-32  -fno-common -pipe conftest.c  -L. -L/Users/Jun/.rbenv/versions/2.7.8/lib -L/Users/Jun/.rbenv/versions/2.7.8/openssl/lib -L. -L/Users/Jun/.rbenv/versions/2.7.8/lib  -fstack-protector-strong -L/usr/local/lib    -lssl -lcrypto  -lruby.2.7 -lssl -lcrypto   "
conftest.c:17:15: warning: implicit declaration of function 'ENGINE_load_capi' is invalid in C99 [-Wimplicit-function-declaration]
int t(void) { ENGINE_load_capi(); return 0; }
              ^
1 warning generated.
Undefined symbols for architecture x86_64:
  "_ENGINE_load_capi", referenced from:
      _t in conftest-2259c0.o
ld: symbol(s) not found for architecture x86_64
clang: error: linker command failed with exit code 1 (use -v to see invocation)
checked program was:
/* begin */
 1: #include "ruby.h"
 2: 
 3: #include <openssl/engine.h>
 4: 
 5: /*top*/
 6: extern int t(void);
 7: int main(int argc, char **argv)
 8: {
 9:   if (argc > 1000000) {
10:     int (* volatile tp)(void)=(int (*)(void))&t;
11:     printf("%d", (*tp)());
12:   }
13: 
14:   return !!argv[argc];
15: }
16: 
17: int t(void) { ENGINE_load_capi(); return 0; }
/* end */

--------------------

have_func: checking for ENGINE_load_gmp() in openssl/engine.h... -------------------- no

" clang -o conftest -I/Users/Jun/.rbenv/versions/2.7.8/include/ruby-2.7.0/x86_64-darwin17 -I/Users/Jun/.rbenv/versions/2.7.8/include/ruby-2.7.0/ruby/backward -I/Users/Jun/.rbenv/versions/2.7.8/include/ruby-2.7.0 -I. -I/Users/Jun/.rbenv/versions/2.7.8/openssl/include -I/Users/Jun/.rbenv/versions/2.7.8/include  -D_XOPEN_SOURCE -D_DARWIN_C_SOURCE -D_DARWIN_UNLIMITED_SELECT -D_REENTRANT    -O3 -Wno-error=shorten-64-to-32  -fno-common -pipe conftest.c  -L. -L/Users/Jun/.rbenv/versions/2.7.8/lib -L/Users/Jun/.rbenv/versions/2.7.8/openssl/lib -L. -L/Users/Jun/.rbenv/versions/2.7.8/lib  -fstack-protector-strong -L/usr/local/lib    -lssl -lcrypto  -lruby.2.7 -lssl -lcrypto   "
conftest.c:17:15: warning: implicit declaration of function 'ENGINE_load_gmp' is invalid in C99 [-Wimplicit-function-declaration]
int t(void) { ENGINE_load_gmp(); return 0; }
              ^
1 warning generated.
Undefined symbols for architecture x86_64:
  "_ENGINE_load_gmp", referenced from:
      _t in conftest-c47354.o
ld: symbol(s) not found for architecture x86_64
clang: error: linker command failed with exit code 1 (use -v to see invocation)
checked program was:
/* begin */
 1: #include "ruby.h"
 2: 
 3: #include <openssl/engine.h>
 4: 
 5: /*top*/
 6: extern int t(void);
 7: int main(int argc, char **argv)
 8: {
 9:   if (argc > 1000000) {
10:     int (* volatile tp)(void)=(int (*)(void))&t;
11:     printf("%d", (*tp)());
12:   }
13: 
14:   return !!argv[argc];
15: }
16: 
17: int t(void) { ENGINE_load_gmp(); return 0; }
/* end */

--------------------

have_func: checking for ENGINE_load_gost() in openssl/engine.h... -------------------- no

" clang -o conftest -I/Users/Jun/.rbenv/versions/2.7.8/include/ruby-2.7.0/x86_64-darwin17 -I/Users/Jun/.rbenv/versions/2.7.8/include/ruby-2.7.0/ruby/backward -I/Users/Jun/.rbenv/versions/2.7.8/include/ruby-2.7.0 -I. -I/Users/Jun/.rbenv/versions/2.7.8/openssl/include -I/Users/Jun/.rbenv/versions/2.7.8/include  -D_XOPEN_SOURCE -D_DARWIN_C_SOURCE -D_DARWIN_UNLIMITED_SELECT -D_REENTRANT    -O3 -Wno-error=shorten-64-to-32  -fno-common -pipe conftest.c  -L. -L/Users/Jun/.rbenv/versions/2.7.8/lib -L/Users/Jun/.rbenv/versions/2.7.8/openssl/lib -L. -L/Users/Jun/.rbenv/versions/2.7.8/lib  -fstack-protector-strong -L/usr/local/lib    -lssl -lcrypto  -lruby.2.7 -lssl -lcrypto   "
conftest.c:17:15: warning: implicit declaration of function 'ENGINE_load_gost' is invalid in C99 [-Wimplicit-function-declaration]
int t(void) { ENGINE_load_gost(); return 0; }
              ^
1 warning generated.
Undefined symbols for architecture x86_64:
  "_ENGINE_load_gost", referenced from:
      _t in conftest-edb6be.o
ld: symbol(s) not found for architecture x86_64
clang: error: linker command failed with exit code 1 (use -v to see invocation)
checked program was:
/* begin */
 1: #include "ruby.h"
 2: 
 3: #include <openssl/engine.h>
 4: 
 5: /*top*/
 6: extern int t(void);
 7: int main(int argc, char **argv)
 8: {
 9:   if (argc > 1000000) {
10:     int (* volatile tp)(void)=(int (*)(void))&t;
11:     printf("%d", (*tp)());
12:   }
13: 
14:   return !!argv[argc];
15: }
16: 
17: int t(void) { ENGINE_load_gost(); return 0; }
/* end */

--------------------

have_func: checking for ENGINE_load_cryptodev() in openssl/engine.h... -------------------- yes

" clang -o conftest -I/Users/Jun/.rbenv/versions/2.7.8/include/ruby-2.7.0/x86_64-darwin17 -I/Users/Jun/.rbenv/versions/2.7.8/include/ruby-2.7.0/ruby/backward -I/Users/Jun/.rbenv/versions/2.7.8/include/ruby-2.7.0 -I. -I/Users/Jun/.rbenv/versions/2.7.8/openssl/include -I/Users/Jun/.rbenv/versions/2.7.8/include  -D_XOPEN_SOURCE -D_DARWIN_C_SOURCE -D_DARWIN_UNLIMITED_SELECT -D_REENTRANT    -O3 -Wno-error=shorten-64-to-32  -fno-common -pipe conftest.c  -L. -L/Users/Jun/.rbenv/versions/2.7.8/lib -L/Users/Jun/.rbenv/versions/2.7.8/openssl/lib -L. -L/Users/Jun/.rbenv/versions/2.7.8/lib  -fstack-protector-strong -L/usr/local/lib    -lssl -lcrypto  -lruby.2.7 -lssl -lcrypto   "
checked program was:
/* begin */
 1: #include "ruby.h"
 2: 
 3: #include <openssl/engine.h>
 4: 
 5: /*top*/
 6: extern int t(void);
 7: int main(int argc, char **argv)
 8: {
 9:   if (argc > 1000000) {
10:     int (* volatile tp)(void)=(int (*)(void))&t;
11:     printf("%d", (*tp)());
12:   }
13: 
14:   return !!argv[argc];
15: }
16: 
17: int t(void) { ENGINE_load_cryptodev(); return 0; }
/* end */

--------------------

have_func: checking for EC_curve_nist2nid()... -------------------- yes

" clang -o conftest -I/Users/Jun/.rbenv/versions/2.7.8/include/ruby-2.7.0/x86_64-darwin17 -I/Users/Jun/.rbenv/versions/2.7.8/include/ruby-2.7.0/ruby/backward -I/Users/Jun/.rbenv/versions/2.7.8/include/ruby-2.7.0 -I. -I/Users/Jun/.rbenv/versions/2.7.8/openssl/include -I/Users/Jun/.rbenv/versions/2.7.8/include  -D_XOPEN_SOURCE -D_DARWIN_C_SOURCE -D_DARWIN_UNLIMITED_SELECT -D_REENTRANT    -O3 -Wno-error=shorten-64-to-32  -fno-common -pipe conftest.c  -L. -L/Users/Jun/.rbenv/versions/2.7.8/lib -L/Users/Jun/.rbenv/versions/2.7.8/openssl/lib -L. -L/Users/Jun/.rbenv/versions/2.7.8/lib  -fstack-protector-strong -L/usr/local/lib    -lssl -lcrypto  -lruby.2.7 -lssl -lcrypto   "
conftest.c:14:57: error: use of undeclared identifier 'EC_curve_nist2nid'
int t(void) { void ((*volatile p)()); p = (void ((*)()))EC_curve_nist2nid; return !p; }
                                                        ^
1 error generated.
checked program was:
/* begin */
 1: #include "ruby.h"
 2: 
 3: /*top*/
 4: extern int t(void);
 5: int main(int argc, char **argv)
 6: {
 7:   if (argc > 1000000) {
 8:     int (* volatile tp)(void)=(int (*)(void))&t;
 9:     printf("%d", (*tp)());
10:   }
11: 
12:   return !!argv[argc];
13: }
14: int t(void) { void ((*volatile p)()); p = (void ((*)()))EC_curve_nist2nid; return !p; }
/* end */

" clang -o conftest -I/Users/Jun/.rbenv/versions/2.7.8/include/ruby-2.7.0/x86_64-darwin17 -I/Users/Jun/.rbenv/versions/2.7.8/include/ruby-2.7.0/ruby/backward -I/Users/Jun/.rbenv/versions/2.7.8/include/ruby-2.7.0 -I. -I/Users/Jun/.rbenv/versions/2.7.8/openssl/include -I/Users/Jun/.rbenv/versions/2.7.8/include  -D_XOPEN_SOURCE -D_DARWIN_C_SOURCE -D_DARWIN_UNLIMITED_SELECT -D_REENTRANT    -O3 -Wno-error=shorten-64-to-32  -fno-common -pipe conftest.c  -L. -L/Users/Jun/.rbenv/versions/2.7.8/lib -L/Users/Jun/.rbenv/versions/2.7.8/openssl/lib -L. -L/Users/Jun/.rbenv/versions/2.7.8/lib  -fstack-protector-strong -L/usr/local/lib    -lssl -lcrypto  -lruby.2.7 -lssl -lcrypto   "
checked program was:
/* begin */
 1: #include "ruby.h"
 2: 
 3: /*top*/
 4: extern int t(void);
 5: int main(int argc, char **argv)
 6: {
 7:   if (argc > 1000000) {
 8:     int (* volatile tp)(void)=(int (*)(void))&t;
 9:     printf("%d", (*tp)());
10:   }
11: 
12:   return !!argv[argc];
13: }
14: extern void EC_curve_nist2nid();
15: int t(void) { EC_curve_nist2nid(); return 0; }
/* end */

--------------------

have_func: checking for X509_REVOKED_dup()... -------------------- yes

" clang -o conftest -I/Users/Jun/.rbenv/versions/2.7.8/include/ruby-2.7.0/x86_64-darwin17 -I/Users/Jun/.rbenv/versions/2.7.8/include/ruby-2.7.0/ruby/backward -I/Users/Jun/.rbenv/versions/2.7.8/include/ruby-2.7.0 -I. -I/Users/Jun/.rbenv/versions/2.7.8/openssl/include -I/Users/Jun/.rbenv/versions/2.7.8/include  -D_XOPEN_SOURCE -D_DARWIN_C_SOURCE -D_DARWIN_UNLIMITED_SELECT -D_REENTRANT    -O3 -Wno-error=shorten-64-to-32  -fno-common -pipe conftest.c  -L. -L/Users/Jun/.rbenv/versions/2.7.8/lib -L/Users/Jun/.rbenv/versions/2.7.8/openssl/lib -L. -L/Users/Jun/.rbenv/versions/2.7.8/lib  -fstack-protector-strong -L/usr/local/lib    -lssl -lcrypto  -lruby.2.7 -lssl -lcrypto   "
conftest.c:14:57: error: use of undeclared identifier 'X509_REVOKED_dup'
int t(void) { void ((*volatile p)()); p = (void ((*)()))X509_REVOKED_dup; return !p; }
                                                        ^
1 error generated.
checked program was:
/* begin */
 1: #include "ruby.h"
 2: 
 3: /*top*/
 4: extern int t(void);
 5: int main(int argc, char **argv)
 6: {
 7:   if (argc > 1000000) {
 8:     int (* volatile tp)(void)=(int (*)(void))&t;
 9:     printf("%d", (*tp)());
10:   }
11: 
12:   return !!argv[argc];
13: }
14: int t(void) { void ((*volatile p)()); p = (void ((*)()))X509_REVOKED_dup; return !p; }
/* end */

" clang -o conftest -I/Users/Jun/.rbenv/versions/2.7.8/include/ruby-2.7.0/x86_64-darwin17 -I/Users/Jun/.rbenv/versions/2.7.8/include/ruby-2.7.0/ruby/backward -I/Users/Jun/.rbenv/versions/2.7.8/include/ruby-2.7.0 -I. -I/Users/Jun/.rbenv/versions/2.7.8/openssl/include -I/Users/Jun/.rbenv/versions/2.7.8/include  -D_XOPEN_SOURCE -D_DARWIN_C_SOURCE -D_DARWIN_UNLIMITED_SELECT -D_REENTRANT    -O3 -Wno-error=shorten-64-to-32  -fno-common -pipe conftest.c  -L. -L/Users/Jun/.rbenv/versions/2.7.8/lib -L/Users/Jun/.rbenv/versions/2.7.8/openssl/lib -L. -L/Users/Jun/.rbenv/versions/2.7.8/lib  -fstack-protector-strong -L/usr/local/lib    -lssl -lcrypto  -lruby.2.7 -lssl -lcrypto   "
checked program was:
/* begin */
 1: #include "ruby.h"
 2: 
 3: /*top*/
 4: extern int t(void);
 5: int main(int argc, char **argv)
 6: {
 7:   if (argc > 1000000) {
 8:     int (* volatile tp)(void)=(int (*)(void))&t;
 9:     printf("%d", (*tp)());
10:   }
11: 
12:   return !!argv[argc];
13: }
14: extern void X509_REVOKED_dup();
15: int t(void) { X509_REVOKED_dup(); return 0; }
/* end */

--------------------

have_func: checking for X509_STORE_CTX_get0_store()... -------------------- yes

" clang -o conftest -I/Users/Jun/.rbenv/versions/2.7.8/include/ruby-2.7.0/x86_64-darwin17 -I/Users/Jun/.rbenv/versions/2.7.8/include/ruby-2.7.0/ruby/backward -I/Users/Jun/.rbenv/versions/2.7.8/include/ruby-2.7.0 -I. -I/Users/Jun/.rbenv/versions/2.7.8/openssl/include -I/Users/Jun/.rbenv/versions/2.7.8/include  -D_XOPEN_SOURCE -D_DARWIN_C_SOURCE -D_DARWIN_UNLIMITED_SELECT -D_REENTRANT    -O3 -Wno-error=shorten-64-to-32  -fno-common -pipe conftest.c  -L. -L/Users/Jun/.rbenv/versions/2.7.8/lib -L/Users/Jun/.rbenv/versions/2.7.8/openssl/lib -L. -L/Users/Jun/.rbenv/versions/2.7.8/lib  -fstack-protector-strong -L/usr/local/lib    -lssl -lcrypto  -lruby.2.7 -lssl -lcrypto   "
conftest.c:14:57: error: use of undeclared identifier 'X509_STORE_CTX_get0_store'
int t(void) { void ((*volatile p)()); p = (void ((*)()))X509_STORE_CTX_get0_store; return !p; }
                                                        ^
1 error generated.
checked program was:
/* begin */
 1: #include "ruby.h"
 2: 
 3: /*top*/
 4: extern int t(void);
 5: int main(int argc, char **argv)
 6: {
 7:   if (argc > 1000000) {
 8:     int (* volatile tp)(void)=(int (*)(void))&t;
 9:     printf("%d", (*tp)());
10:   }
11: 
12:   return !!argv[argc];
13: }
14: int t(void) { void ((*volatile p)()); p = (void ((*)()))X509_STORE_CTX_get0_store; return !p; }
/* end */

" clang -o conftest -I/Users/Jun/.rbenv/versions/2.7.8/include/ruby-2.7.0/x86_64-darwin17 -I/Users/Jun/.rbenv/versions/2.7.8/include/ruby-2.7.0/ruby/backward -I/Users/Jun/.rbenv/versions/2.7.8/include/ruby-2.7.0 -I. -I/Users/Jun/.rbenv/versions/2.7.8/openssl/include -I/Users/Jun/.rbenv/versions/2.7.8/include  -D_XOPEN_SOURCE -D_DARWIN_C_SOURCE -D_DARWIN_UNLIMITED_SELECT -D_REENTRANT    -O3 -Wno-error=shorten-64-to-32  -fno-common -pipe conftest.c  -L. -L/Users/Jun/.rbenv/versions/2.7.8/lib -L/Users/Jun/.rbenv/versions/2.7.8/openssl/lib -L. -L/Users/Jun/.rbenv/versions/2.7.8/lib  -fstack-protector-strong -L/usr/local/lib    -lssl -lcrypto  -lruby.2.7 -lssl -lcrypto   "
checked program was:
/* begin */
 1: #include "ruby.h"
 2: 
 3: /*top*/
 4: extern int t(void);
 5: int main(int argc, char **argv)
 6: {
 7:   if (argc > 1000000) {
 8:     int (* volatile tp)(void)=(int (*)(void))&t;
 9:     printf("%d", (*tp)());
10:   }
11: 
12:   return !!argv[argc];
13: }
14: extern void X509_STORE_CTX_get0_store();
15: int t(void) { X509_STORE_CTX_get0_store(); return 0; }
/* end */

--------------------

have_func: checking for SSL_CTX_set_alpn_select_cb()... -------------------- yes

" clang -o conftest -I/Users/Jun/.rbenv/versions/2.7.8/include/ruby-2.7.0/x86_64-darwin17 -I/Users/Jun/.rbenv/versions/2.7.8/include/ruby-2.7.0/ruby/backward -I/Users/Jun/.rbenv/versions/2.7.8/include/ruby-2.7.0 -I. -I/Users/Jun/.rbenv/versions/2.7.8/openssl/include -I/Users/Jun/.rbenv/versions/2.7.8/include  -D_XOPEN_SOURCE -D_DARWIN_C_SOURCE -D_DARWIN_UNLIMITED_SELECT -D_REENTRANT    -O3 -Wno-error=shorten-64-to-32  -fno-common -pipe conftest.c  -L. -L/Users/Jun/.rbenv/versions/2.7.8/lib -L/Users/Jun/.rbenv/versions/2.7.8/openssl/lib -L. -L/Users/Jun/.rbenv/versions/2.7.8/lib  -fstack-protector-strong -L/usr/local/lib    -lssl -lcrypto  -lruby.2.7 -lssl -lcrypto   "
conftest.c:14:57: error: use of undeclared identifier 'SSL_CTX_set_alpn_select_cb'
int t(void) { void ((*volatile p)()); p = (void ((*)()))SSL_CTX_set_alpn_select_cb; return !p; }
                                                        ^
1 error generated.
checked program was:
/* begin */
 1: #include "ruby.h"
 2: 
 3: /*top*/
 4: extern int t(void);
 5: int main(int argc, char **argv)
 6: {
 7:   if (argc > 1000000) {
 8:     int (* volatile tp)(void)=(int (*)(void))&t;
 9:     printf("%d", (*tp)());
10:   }
11: 
12:   return !!argv[argc];
13: }
14: int t(void) { void ((*volatile p)()); p = (void ((*)()))SSL_CTX_set_alpn_select_cb; return !p; }
/* end */

" clang -o conftest -I/Users/Jun/.rbenv/versions/2.7.8/include/ruby-2.7.0/x86_64-darwin17 -I/Users/Jun/.rbenv/versions/2.7.8/include/ruby-2.7.0/ruby/backward -I/Users/Jun/.rbenv/versions/2.7.8/include/ruby-2.7.0 -I. -I/Users/Jun/.rbenv/versions/2.7.8/openssl/include -I/Users/Jun/.rbenv/versions/2.7.8/include  -D_XOPEN_SOURCE -D_DARWIN_C_SOURCE -D_DARWIN_UNLIMITED_SELECT -D_REENTRANT    -O3 -Wno-error=shorten-64-to-32  -fno-common -pipe conftest.c  -L. -L/Users/Jun/.rbenv/versions/2.7.8/lib -L/Users/Jun/.rbenv/versions/2.7.8/openssl/lib -L. -L/Users/Jun/.rbenv/versions/2.7.8/lib  -fstack-protector-strong -L/usr/local/lib    -lssl -lcrypto  -lruby.2.7 -lssl -lcrypto   "
checked program was:
/* begin */
 1: #include "ruby.h"
 2: 
 3: /*top*/
 4: extern int t(void);
 5: int main(int argc, char **argv)
 6: {
 7:   if (argc > 1000000) {
 8:     int (* volatile tp)(void)=(int (*)(void))&t;
 9:     printf("%d", (*tp)());
10:   }
11: 
12:   return !!argv[argc];
13: }
14: extern void SSL_CTX_set_alpn_select_cb();
15: int t(void) { SSL_CTX_set_alpn_select_cb(); return 0; }
/* end */

--------------------

have_func: checking for SSL_CTX_set1_curves_list(NULL, NULL) in openssl/ssl.h... -------------------- yes

" clang -o conftest -I/Users/Jun/.rbenv/versions/2.7.8/include/ruby-2.7.0/x86_64-darwin17 -I/Users/Jun/.rbenv/versions/2.7.8/include/ruby-2.7.0/ruby/backward -I/Users/Jun/.rbenv/versions/2.7.8/include/ruby-2.7.0 -I. -I/Users/Jun/.rbenv/versions/2.7.8/openssl/include -I/Users/Jun/.rbenv/versions/2.7.8/include  -D_XOPEN_SOURCE -D_DARWIN_C_SOURCE -D_DARWIN_UNLIMITED_SELECT -D_REENTRANT    -O3 -Wno-error=shorten-64-to-32  -fno-common -pipe conftest.c  -L. -L/Users/Jun/.rbenv/versions/2.7.8/lib -L/Users/Jun/.rbenv/versions/2.7.8/openssl/lib -L. -L/Users/Jun/.rbenv/versions/2.7.8/lib  -fstack-protector-strong -L/usr/local/lib    -lssl -lcrypto  -lruby.2.7 -lssl -lcrypto   "
checked program was:
/* begin */
 1: #include "ruby.h"
 2: 
 3: #include <openssl/ssl.h>
 4: 
 5: /*top*/
 6: extern int t(void);
 7: int main(int argc, char **argv)
 8: {
 9:   if (argc > 1000000) {
10:     int (* volatile tp)(void)=(int (*)(void))&t;
11:     printf("%d", (*tp)());
12:   }
13: 
14:   return !!argv[argc];
15: }
16: 
17: int t(void) { SSL_CTX_set1_curves_list(NULL, NULL); return 0; }
/* end */

--------------------

have_func: checking for SSL_CTX_set_ecdh_auto(NULL, 0) in openssl/ssl.h... -------------------- yes

" clang -o conftest -I/Users/Jun/.rbenv/versions/2.7.8/include/ruby-2.7.0/x86_64-darwin17 -I/Users/Jun/.rbenv/versions/2.7.8/include/ruby-2.7.0/ruby/backward -I/Users/Jun/.rbenv/versions/2.7.8/include/ruby-2.7.0 -I. -I/Users/Jun/.rbenv/versions/2.7.8/openssl/include -I/Users/Jun/.rbenv/versions/2.7.8/include  -D_XOPEN_SOURCE -D_DARWIN_C_SOURCE -D_DARWIN_UNLIMITED_SELECT -D_REENTRANT    -O3 -Wno-error=shorten-64-to-32  -fno-common -pipe conftest.c  -L. -L/Users/Jun/.rbenv/versions/2.7.8/lib -L/Users/Jun/.rbenv/versions/2.7.8/openssl/lib -L. -L/Users/Jun/.rbenv/versions/2.7.8/lib  -fstack-protector-strong -L/usr/local/lib    -lssl -lcrypto  -lruby.2.7 -lssl -lcrypto   "
checked program was:
/* begin */
 1: #include "ruby.h"
 2: 
 3: #include <openssl/ssl.h>
 4: 
 5: /*top*/
 6: extern int t(void);
 7: int main(int argc, char **argv)
 8: {
 9:   if (argc > 1000000) {
10:     int (* volatile tp)(void)=(int (*)(void))&t;
11:     printf("%d", (*tp)());
12:   }
13: 
14:   return !!argv[argc];
15: }
16: 
17: int t(void) { SSL_CTX_set_ecdh_auto(NULL, 0); return 0; }
/* end */

--------------------

have_func: checking for SSL_get_server_tmp_key(NULL, NULL) in openssl/ssl.h... -------------------- yes

" clang -o conftest -I/Users/Jun/.rbenv/versions/2.7.8/include/ruby-2.7.0/x86_64-darwin17 -I/Users/Jun/.rbenv/versions/2.7.8/include/ruby-2.7.0/ruby/backward -I/Users/Jun/.rbenv/versions/2.7.8/include/ruby-2.7.0 -I. -I/Users/Jun/.rbenv/versions/2.7.8/openssl/include -I/Users/Jun/.rbenv/versions/2.7.8/include  -D_XOPEN_SOURCE -D_DARWIN_C_SOURCE -D_DARWIN_UNLIMITED_SELECT -D_REENTRANT    -O3 -Wno-error=shorten-64-to-32  -fno-common -pipe conftest.c  -L. -L/Users/Jun/.rbenv/versions/2.7.8/lib -L/Users/Jun/.rbenv/versions/2.7.8/openssl/lib -L. -L/Users/Jun/.rbenv/versions/2.7.8/lib  -fstack-protector-strong -L/usr/local/lib    -lssl -lcrypto  -lruby.2.7 -lssl -lcrypto   "
checked program was:
/* begin */
 1: #include "ruby.h"
 2: 
 3: #include <openssl/ssl.h>
 4: 
 5: /*top*/
 6: extern int t(void);
 7: int main(int argc, char **argv)
 8: {
 9:   if (argc > 1000000) {
10:     int (* volatile tp)(void)=(int (*)(void))&t;
11:     printf("%d", (*tp)());
12:   }
13: 
14:   return !!argv[argc];
15: }
16: 
17: int t(void) { SSL_get_server_tmp_key(NULL, NULL); return 0; }
/* end */

--------------------

have_func: checking for SSL_is_server()... -------------------- yes

" clang -o conftest -I/Users/Jun/.rbenv/versions/2.7.8/include/ruby-2.7.0/x86_64-darwin17 -I/Users/Jun/.rbenv/versions/2.7.8/include/ruby-2.7.0/ruby/backward -I/Users/Jun/.rbenv/versions/2.7.8/include/ruby-2.7.0 -I. -I/Users/Jun/.rbenv/versions/2.7.8/openssl/include -I/Users/Jun/.rbenv/versions/2.7.8/include  -D_XOPEN_SOURCE -D_DARWIN_C_SOURCE -D_DARWIN_UNLIMITED_SELECT -D_REENTRANT    -O3 -Wno-error=shorten-64-to-32  -fno-common -pipe conftest.c  -L. -L/Users/Jun/.rbenv/versions/2.7.8/lib -L/Users/Jun/.rbenv/versions/2.7.8/openssl/lib -L. -L/Users/Jun/.rbenv/versions/2.7.8/lib  -fstack-protector-strong -L/usr/local/lib    -lssl -lcrypto  -lruby.2.7 -lssl -lcrypto   "
conftest.c:14:57: error: use of undeclared identifier 'SSL_is_server'
int t(void) { void ((*volatile p)()); p = (void ((*)()))SSL_is_server; return !p; }
                                                        ^
1 error generated.
checked program was:
/* begin */
 1: #include "ruby.h"
 2: 
 3: /*top*/
 4: extern int t(void);
 5: int main(int argc, char **argv)
 6: {
 7:   if (argc > 1000000) {
 8:     int (* volatile tp)(void)=(int (*)(void))&t;
 9:     printf("%d", (*tp)());
10:   }
11: 
12:   return !!argv[argc];
13: }
14: int t(void) { void ((*volatile p)()); p = (void ((*)()))SSL_is_server; return !p; }
/* end */

" clang -o conftest -I/Users/Jun/.rbenv/versions/2.7.8/include/ruby-2.7.0/x86_64-darwin17 -I/Users/Jun/.rbenv/versions/2.7.8/include/ruby-2.7.0/ruby/backward -I/Users/Jun/.rbenv/versions/2.7.8/include/ruby-2.7.0 -I. -I/Users/Jun/.rbenv/versions/2.7.8/openssl/include -I/Users/Jun/.rbenv/versions/2.7.8/include  -D_XOPEN_SOURCE -D_DARWIN_C_SOURCE -D_DARWIN_UNLIMITED_SELECT -D_REENTRANT    -O3 -Wno-error=shorten-64-to-32  -fno-common -pipe conftest.c  -L. -L/Users/Jun/.rbenv/versions/2.7.8/lib -L/Users/Jun/.rbenv/versions/2.7.8/openssl/lib -L. -L/Users/Jun/.rbenv/versions/2.7.8/lib  -fstack-protector-strong -L/usr/local/lib    -lssl -lcrypto  -lruby.2.7 -lssl -lcrypto   "
checked program was:
/* begin */
 1: #include "ruby.h"
 2: 
 3: /*top*/
 4: extern int t(void);
 5: int main(int argc, char **argv)
 6: {
 7:   if (argc > 1000000) {
 8:     int (* volatile tp)(void)=(int (*)(void))&t;
 9:     printf("%d", (*tp)());
10:   }
11: 
12:   return !!argv[argc];
13: }
14: extern void SSL_is_server();
15: int t(void) { SSL_is_server(); return 0; }
/* end */

--------------------

have_struct_member: checking for SSL.ctx in openssl/ssl.h... -------------------- no

" clang -I/Users/Jun/.rbenv/versions/2.7.8/include/ruby-2.7.0/x86_64-darwin17 -I/Users/Jun/.rbenv/versions/2.7.8/include/ruby-2.7.0/ruby/backward -I/Users/Jun/.rbenv/versions/2.7.8/include/ruby-2.7.0 -I. -I/Users/Jun/.rbenv/versions/2.7.8/openssl/include -I/Users/Jun/.rbenv/versions/2.7.8/include  -D_XOPEN_SOURCE -D_DARWIN_C_SOURCE -D_DARWIN_UNLIMITED_SELECT -D_REENTRANT    -O3 -Wno-error=shorten-64-to-32  -fno-common -pipe   -c conftest.c"
conftest.c:6:27: error: incomplete definition of type 'struct ssl_st'
int s = (char *)&((SSL*)0)->ctx - (char *)0;
                 ~~~~~~~~~^
/Users/Jun/.rbenv/versions/2.7.8/openssl/include/openssl/ossl_typ.h:148:16: note: forward declaration of 'struct ssl_st'
typedef struct ssl_st SSL;
               ^
1 error generated.
checked program was:
/* begin */
 1: #include "ruby.h"
 2: 
 3: #include <openssl/ssl.h>
 4: 
 5: /*top*/
 6: int s = (char *)&((SSL*)0)->ctx - (char *)0;
 7: int main(int argc, char **argv)
 8: {
 9:   return !!argv[argc];
10: }
/* end */

--------------------

have_func: checking for CRYPTO_lock()... -------------------- no

" clang -o conftest -I/Users/Jun/.rbenv/versions/2.7.8/include/ruby-2.7.0/x86_64-darwin17 -I/Users/Jun/.rbenv/versions/2.7.8/include/ruby-2.7.0/ruby/backward -I/Users/Jun/.rbenv/versions/2.7.8/include/ruby-2.7.0 -I. -I/Users/Jun/.rbenv/versions/2.7.8/openssl/include -I/Users/Jun/.rbenv/versions/2.7.8/include  -D_XOPEN_SOURCE -D_DARWIN_C_SOURCE -D_DARWIN_UNLIMITED_SELECT -D_REENTRANT    -O3 -Wno-error=shorten-64-to-32  -fno-common -pipe conftest.c  -L. -L/Users/Jun/.rbenv/versions/2.7.8/lib -L/Users/Jun/.rbenv/versions/2.7.8/openssl/lib -L. -L/Users/Jun/.rbenv/versions/2.7.8/lib  -fstack-protector-strong -L/usr/local/lib    -lssl -lcrypto  -lruby.2.7 -lssl -lcrypto   "
conftest.c:14:57: error: use of undeclared identifier 'CRYPTO_lock'
int t(void) { void ((*volatile p)()); p = (void ((*)()))CRYPTO_lock; return !p; }
                                                        ^
1 error generated.
checked program was:
/* begin */
 1: #include "ruby.h"
 2: 
 3: /*top*/
 4: extern int t(void);
 5: int main(int argc, char **argv)
 6: {
 7:   if (argc > 1000000) {
 8:     int (* volatile tp)(void)=(int (*)(void))&t;
 9:     printf("%d", (*tp)());
10:   }
11: 
12:   return !!argv[argc];
13: }
14: int t(void) { void ((*volatile p)()); p = (void ((*)()))CRYPTO_lock; return !p; }
/* end */

" clang -o conftest -I/Users/Jun/.rbenv/versions/2.7.8/include/ruby-2.7.0/x86_64-darwin17 -I/Users/Jun/.rbenv/versions/2.7.8/include/ruby-2.7.0/ruby/backward -I/Users/Jun/.rbenv/versions/2.7.8/include/ruby-2.7.0 -I. -I/Users/Jun/.rbenv/versions/2.7.8/openssl/include -I/Users/Jun/.rbenv/versions/2.7.8/include  -D_XOPEN_SOURCE -D_DARWIN_C_SOURCE -D_DARWIN_UNLIMITED_SELECT -D_REENTRANT    -O3 -Wno-error=shorten-64-to-32  -fno-common -pipe conftest.c  -L. -L/Users/Jun/.rbenv/versions/2.7.8/lib -L/Users/Jun/.rbenv/versions/2.7.8/openssl/lib -L. -L/Users/Jun/.rbenv/versions/2.7.8/lib  -fstack-protector-strong -L/usr/local/lib    -lssl -lcrypto  -lruby.2.7 -lssl -lcrypto   "
Undefined symbols for architecture x86_64:
  "_CRYPTO_lock", referenced from:
      _t in conftest-27afdb.o
ld: symbol(s) not found for architecture x86_64
clang: error: linker command failed with exit code 1 (use -v to see invocation)
checked program was:
/* begin */
 1: #include "ruby.h"
 2: 
 3: /*top*/
 4: extern int t(void);
 5: int main(int argc, char **argv)
 6: {
 7:   if (argc > 1000000) {
 8:     int (* volatile tp)(void)=(int (*)(void))&t;
 9:     printf("%d", (*tp)());
10:   }
11: 
12:   return !!argv[argc];
13: }
14: extern void CRYPTO_lock();
15: int t(void) { CRYPTO_lock(); return 0; }
/* end */

--------------------

have_func: checking for BN_GENCB_new()... -------------------- yes

" clang -o conftest -I/Users/Jun/.rbenv/versions/2.7.8/include/ruby-2.7.0/x86_64-darwin17 -I/Users/Jun/.rbenv/versions/2.7.8/include/ruby-2.7.0/ruby/backward -I/Users/Jun/.rbenv/versions/2.7.8/include/ruby-2.7.0 -I. -I/Users/Jun/.rbenv/versions/2.7.8/openssl/include -I/Users/Jun/.rbenv/versions/2.7.8/include  -D_XOPEN_SOURCE -D_DARWIN_C_SOURCE -D_DARWIN_UNLIMITED_SELECT -D_REENTRANT    -O3 -Wno-error=shorten-64-to-32  -fno-common -pipe conftest.c  -L. -L/Users/Jun/.rbenv/versions/2.7.8/lib -L/Users/Jun/.rbenv/versions/2.7.8/openssl/lib -L. -L/Users/Jun/.rbenv/versions/2.7.8/lib  -fstack-protector-strong -L/usr/local/lib    -lssl -lcrypto  -lruby.2.7 -lssl -lcrypto   "
conftest.c:14:57: error: use of undeclared identifier 'BN_GENCB_new'
int t(void) { void ((*volatile p)()); p = (void ((*)()))BN_GENCB_new; return !p; }
                                                        ^
1 error generated.
checked program was:
/* begin */
 1: #include "ruby.h"
 2: 
 3: /*top*/
 4: extern int t(void);
 5: int main(int argc, char **argv)
 6: {
 7:   if (argc > 1000000) {
 8:     int (* volatile tp)(void)=(int (*)(void))&t;
 9:     printf("%d", (*tp)());
10:   }
11: 
12:   return !!argv[argc];
13: }
14: int t(void) { void ((*volatile p)()); p = (void ((*)()))BN_GENCB_new; return !p; }
/* end */

" clang -o conftest -I/Users/Jun/.rbenv/versions/2.7.8/include/ruby-2.7.0/x86_64-darwin17 -I/Users/Jun/.rbenv/versions/2.7.8/include/ruby-2.7.0/ruby/backward -I/Users/Jun/.rbenv/versions/2.7.8/include/ruby-2.7.0 -I. -I/Users/Jun/.rbenv/versions/2.7.8/openssl/include -I/Users/Jun/.rbenv/versions/2.7.8/include  -D_XOPEN_SOURCE -D_DARWIN_C_SOURCE -D_DARWIN_UNLIMITED_SELECT -D_REENTRANT    -O3 -Wno-error=shorten-64-to-32  -fno-common -pipe conftest.c  -L. -L/Users/Jun/.rbenv/versions/2.7.8/lib -L/Users/Jun/.rbenv/versions/2.7.8/openssl/lib -L. -L/Users/Jun/.rbenv/versions/2.7.8/lib  -fstack-protector-strong -L/usr/local/lib    -lssl -lcrypto  -lruby.2.7 -lssl -lcrypto   "
checked program was:
/* begin */
 1: #include "ruby.h"
 2: 
 3: /*top*/
 4: extern int t(void);
 5: int main(int argc, char **argv)
 6: {
 7:   if (argc > 1000000) {
 8:     int (* volatile tp)(void)=(int (*)(void))&t;
 9:     printf("%d", (*tp)());
10:   }
11: 
12:   return !!argv[argc];
13: }
14: extern void BN_GENCB_new();
15: int t(void) { BN_GENCB_new(); return 0; }
/* end */

--------------------

have_func: checking for BN_GENCB_free()... -------------------- yes

" clang -o conftest -I/Users/Jun/.rbenv/versions/2.7.8/include/ruby-2.7.0/x86_64-darwin17 -I/Users/Jun/.rbenv/versions/2.7.8/include/ruby-2.7.0/ruby/backward -I/Users/Jun/.rbenv/versions/2.7.8/include/ruby-2.7.0 -I. -I/Users/Jun/.rbenv/versions/2.7.8/openssl/include -I/Users/Jun/.rbenv/versions/2.7.8/include  -D_XOPEN_SOURCE -D_DARWIN_C_SOURCE -D_DARWIN_UNLIMITED_SELECT -D_REENTRANT    -O3 -Wno-error=shorten-64-to-32  -fno-common -pipe conftest.c  -L. -L/Users/Jun/.rbenv/versions/2.7.8/lib -L/Users/Jun/.rbenv/versions/2.7.8/openssl/lib -L. -L/Users/Jun/.rbenv/versions/2.7.8/lib  -fstack-protector-strong -L/usr/local/lib    -lssl -lcrypto  -lruby.2.7 -lssl -lcrypto   "
conftest.c:14:57: error: use of undeclared identifier 'BN_GENCB_free'
int t(void) { void ((*volatile p)()); p = (void ((*)()))BN_GENCB_free; return !p; }
                                                        ^
1 error generated.
checked program was:
/* begin */
 1: #include "ruby.h"
 2: 
 3: /*top*/
 4: extern int t(void);
 5: int main(int argc, char **argv)
 6: {
 7:   if (argc > 1000000) {
 8:     int (* volatile tp)(void)=(int (*)(void))&t;
 9:     printf("%d", (*tp)());
10:   }
11: 
12:   return !!argv[argc];
13: }
14: int t(void) { void ((*volatile p)()); p = (void ((*)()))BN_GENCB_free; return !p; }
/* end */

" clang -o conftest -I/Users/Jun/.rbenv/versions/2.7.8/include/ruby-2.7.0/x86_64-darwin17 -I/Users/Jun/.rbenv/versions/2.7.8/include/ruby-2.7.0/ruby/backward -I/Users/Jun/.rbenv/versions/2.7.8/include/ruby-2.7.0 -I. -I/Users/Jun/.rbenv/versions/2.7.8/openssl/include -I/Users/Jun/.rbenv/versions/2.7.8/include  -D_XOPEN_SOURCE -D_DARWIN_C_SOURCE -D_DARWIN_UNLIMITED_SELECT -D_REENTRANT    -O3 -Wno-error=shorten-64-to-32  -fno-common -pipe conftest.c  -L. -L/Users/Jun/.rbenv/versions/2.7.8/lib -L/Users/Jun/.rbenv/versions/2.7.8/openssl/lib -L. -L/Users/Jun/.rbenv/versions/2.7.8/lib  -fstack-protector-strong -L/usr/local/lib    -lssl -lcrypto  -lruby.2.7 -lssl -lcrypto   "
checked program was:
/* begin */
 1: #include "ruby.h"
 2: 
 3: /*top*/
 4: extern int t(void);
 5: int main(int argc, char **argv)
 6: {
 7:   if (argc > 1000000) {
 8:     int (* volatile tp)(void)=(int (*)(void))&t;
 9:     printf("%d", (*tp)());
10:   }
11: 
12:   return !!argv[argc];
13: }
14: extern void BN_GENCB_free();
15: int t(void) { BN_GENCB_free(); return 0; }
/* end */

--------------------

have_func: checking for BN_GENCB_get_arg()... -------------------- yes

" clang -o conftest -I/Users/Jun/.rbenv/versions/2.7.8/include/ruby-2.7.0/x86_64-darwin17 -I/Users/Jun/.rbenv/versions/2.7.8/include/ruby-2.7.0/ruby/backward -I/Users/Jun/.rbenv/versions/2.7.8/include/ruby-2.7.0 -I. -I/Users/Jun/.rbenv/versions/2.7.8/openssl/include -I/Users/Jun/.rbenv/versions/2.7.8/include  -D_XOPEN_SOURCE -D_DARWIN_C_SOURCE -D_DARWIN_UNLIMITED_SELECT -D_REENTRANT    -O3 -Wno-error=shorten-64-to-32  -fno-common -pipe conftest.c  -L. -L/Users/Jun/.rbenv/versions/2.7.8/lib -L/Users/Jun/.rbenv/versions/2.7.8/openssl/lib -L. -L/Users/Jun/.rbenv/versions/2.7.8/lib  -fstack-protector-strong -L/usr/local/lib    -lssl -lcrypto  -lruby.2.7 -lssl -lcrypto   "
conftest.c:14:57: error: use of undeclared identifier 'BN_GENCB_get_arg'
int t(void) { void ((*volatile p)()); p = (void ((*)()))BN_GENCB_get_arg; return !p; }
                                                        ^
1 error generated.
checked program was:
/* begin */
 1: #include "ruby.h"
 2: 
 3: /*top*/
 4: extern int t(void);
 5: int main(int argc, char **argv)
 6: {
 7:   if (argc > 1000000) {
 8:     int (* volatile tp)(void)=(int (*)(void))&t;
 9:     printf("%d", (*tp)());
10:   }
11: 
12:   return !!argv[argc];
13: }
14: int t(void) { void ((*volatile p)()); p = (void ((*)()))BN_GENCB_get_arg; return !p; }
/* end */

" clang -o conftest -I/Users/Jun/.rbenv/versions/2.7.8/include/ruby-2.7.0/x86_64-darwin17 -I/Users/Jun/.rbenv/versions/2.7.8/include/ruby-2.7.0/ruby/backward -I/Users/Jun/.rbenv/versions/2.7.8/include/ruby-2.7.0 -I. -I/Users/Jun/.rbenv/versions/2.7.8/openssl/include -I/Users/Jun/.rbenv/versions/2.7.8/include  -D_XOPEN_SOURCE -D_DARWIN_C_SOURCE -D_DARWIN_UNLIMITED_SELECT -D_REENTRANT    -O3 -Wno-error=shorten-64-to-32  -fno-common -pipe conftest.c  -L. -L/Users/Jun/.rbenv/versions/2.7.8/lib -L/Users/Jun/.rbenv/versions/2.7.8/openssl/lib -L. -L/Users/Jun/.rbenv/versions/2.7.8/lib  -fstack-protector-strong -L/usr/local/lib    -lssl -lcrypto  -lruby.2.7 -lssl -lcrypto   "
checked program was:
/* begin */
 1: #include "ruby.h"
 2: 
 3: /*top*/
 4: extern int t(void);
 5: int main(int argc, char **argv)
 6: {
 7:   if (argc > 1000000) {
 8:     int (* volatile tp)(void)=(int (*)(void))&t;
 9:     printf("%d", (*tp)());
10:   }
11: 
12:   return !!argv[argc];
13: }
14: extern void BN_GENCB_get_arg();
15: int t(void) { BN_GENCB_get_arg(); return 0; }
/* end */

--------------------

have_func: checking for EVP_MD_CTX_new()... -------------------- yes

" clang -o conftest -I/Users/Jun/.rbenv/versions/2.7.8/include/ruby-2.7.0/x86_64-darwin17 -I/Users/Jun/.rbenv/versions/2.7.8/include/ruby-2.7.0/ruby/backward -I/Users/Jun/.rbenv/versions/2.7.8/include/ruby-2.7.0 -I. -I/Users/Jun/.rbenv/versions/2.7.8/openssl/include -I/Users/Jun/.rbenv/versions/2.7.8/include  -D_XOPEN_SOURCE -D_DARWIN_C_SOURCE -D_DARWIN_UNLIMITED_SELECT -D_REENTRANT    -O3 -Wno-error=shorten-64-to-32  -fno-common -pipe conftest.c  -L. -L/Users/Jun/.rbenv/versions/2.7.8/lib -L/Users/Jun/.rbenv/versions/2.7.8/openssl/lib -L. -L/Users/Jun/.rbenv/versions/2.7.8/lib  -fstack-protector-strong -L/usr/local/lib    -lssl -lcrypto  -lruby.2.7 -lssl -lcrypto   "
conftest.c:14:57: error: use of undeclared identifier 'EVP_MD_CTX_new'
int t(void) { void ((*volatile p)()); p = (void ((*)()))EVP_MD_CTX_new; return !p; }
                                                        ^
1 error generated.
checked program was:
/* begin */
 1: #include "ruby.h"
 2: 
 3: /*top*/
 4: extern int t(void);
 5: int main(int argc, char **argv)
 6: {
 7:   if (argc > 1000000) {
 8:     int (* volatile tp)(void)=(int (*)(void))&t;
 9:     printf("%d", (*tp)());
10:   }
11: 
12:   return !!argv[argc];
13: }
14: int t(void) { void ((*volatile p)()); p = (void ((*)()))EVP_MD_CTX_new; return !p; }
/* end */

" clang -o conftest -I/Users/Jun/.rbenv/versions/2.7.8/include/ruby-2.7.0/x86_64-darwin17 -I/Users/Jun/.rbenv/versions/2.7.8/include/ruby-2.7.0/ruby/backward -I/Users/Jun/.rbenv/versions/2.7.8/include/ruby-2.7.0 -I. -I/Users/Jun/.rbenv/versions/2.7.8/openssl/include -I/Users/Jun/.rbenv/versions/2.7.8/include  -D_XOPEN_SOURCE -D_DARWIN_C_SOURCE -D_DARWIN_UNLIMITED_SELECT -D_REENTRANT    -O3 -Wno-error=shorten-64-to-32  -fno-common -pipe conftest.c  -L. -L/Users/Jun/.rbenv/versions/2.7.8/lib -L/Users/Jun/.rbenv/versions/2.7.8/openssl/lib -L. -L/Users/Jun/.rbenv/versions/2.7.8/lib  -fstack-protector-strong -L/usr/local/lib    -lssl -lcrypto  -lruby.2.7 -lssl -lcrypto   "
checked program was:
/* begin */
 1: #include "ruby.h"
 2: 
 3: /*top*/
 4: extern int t(void);
 5: int main(int argc, char **argv)
 6: {
 7:   if (argc > 1000000) {
 8:     int (* volatile tp)(void)=(int (*)(void))&t;
 9:     printf("%d", (*tp)());
10:   }
11: 
12:   return !!argv[argc];
13: }
14: extern void EVP_MD_CTX_new();
15: int t(void) { EVP_MD_CTX_new(); return 0; }
/* end */

--------------------

have_func: checking for EVP_MD_CTX_free()... -------------------- yes

" clang -o conftest -I/Users/Jun/.rbenv/versions/2.7.8/include/ruby-2.7.0/x86_64-darwin17 -I/Users/Jun/.rbenv/versions/2.7.8/include/ruby-2.7.0/ruby/backward -I/Users/Jun/.rbenv/versions/2.7.8/include/ruby-2.7.0 -I. -I/Users/Jun/.rbenv/versions/2.7.8/openssl/include -I/Users/Jun/.rbenv/versions/2.7.8/include  -D_XOPEN_SOURCE -D_DARWIN_C_SOURCE -D_DARWIN_UNLIMITED_SELECT -D_REENTRANT    -O3 -Wno-error=shorten-64-to-32  -fno-common -pipe conftest.c  -L. -L/Users/Jun/.rbenv/versions/2.7.8/lib -L/Users/Jun/.rbenv/versions/2.7.8/openssl/lib -L. -L/Users/Jun/.rbenv/versions/2.7.8/lib  -fstack-protector-strong -L/usr/local/lib    -lssl -lcrypto  -lruby.2.7 -lssl -lcrypto   "
conftest.c:14:57: error: use of undeclared identifier 'EVP_MD_CTX_free'
int t(void) { void ((*volatile p)()); p = (void ((*)()))EVP_MD_CTX_free; return !p; }
                                                        ^
1 error generated.
checked program was:
/* begin */
 1: #include "ruby.h"
 2: 
 3: /*top*/
 4: extern int t(void);
 5: int main(int argc, char **argv)
 6: {
 7:   if (argc > 1000000) {
 8:     int (* volatile tp)(void)=(int (*)(void))&t;
 9:     printf("%d", (*tp)());
10:   }
11: 
12:   return !!argv[argc];
13: }
14: int t(void) { void ((*volatile p)()); p = (void ((*)()))EVP_MD_CTX_free; return !p; }
/* end */

" clang -o conftest -I/Users/Jun/.rbenv/versions/2.7.8/include/ruby-2.7.0/x86_64-darwin17 -I/Users/Jun/.rbenv/versions/2.7.8/include/ruby-2.7.0/ruby/backward -I/Users/Jun/.rbenv/versions/2.7.8/include/ruby-2.7.0 -I. -I/Users/Jun/.rbenv/versions/2.7.8/openssl/include -I/Users/Jun/.rbenv/versions/2.7.8/include  -D_XOPEN_SOURCE -D_DARWIN_C_SOURCE -D_DARWIN_UNLIMITED_SELECT -D_REENTRANT    -O3 -Wno-error=shorten-64-to-32  -fno-common -pipe conftest.c  -L. -L/Users/Jun/.rbenv/versions/2.7.8/lib -L/Users/Jun/.rbenv/versions/2.7.8/openssl/lib -L. -L/Users/Jun/.rbenv/versions/2.7.8/lib  -fstack-protector-strong -L/usr/local/lib    -lssl -lcrypto  -lruby.2.7 -lssl -lcrypto   "
checked program was:
/* begin */
 1: #include "ruby.h"
 2: 
 3: /*top*/
 4: extern int t(void);
 5: int main(int argc, char **argv)
 6: {
 7:   if (argc > 1000000) {
 8:     int (* volatile tp)(void)=(int (*)(void))&t;
 9:     printf("%d", (*tp)());
10:   }
11: 
12:   return !!argv[argc];
13: }
14: extern void EVP_MD_CTX_free();
15: int t(void) { EVP_MD_CTX_free(); return 0; }
/* end */

--------------------

have_func: checking for HMAC_CTX_new()... -------------------- yes

" clang -o conftest -I/Users/Jun/.rbenv/versions/2.7.8/include/ruby-2.7.0/x86_64-darwin17 -I/Users/Jun/.rbenv/versions/2.7.8/include/ruby-2.7.0/ruby/backward -I/Users/Jun/.rbenv/versions/2.7.8/include/ruby-2.7.0 -I. -I/Users/Jun/.rbenv/versions/2.7.8/openssl/include -I/Users/Jun/.rbenv/versions/2.7.8/include  -D_XOPEN_SOURCE -D_DARWIN_C_SOURCE -D_DARWIN_UNLIMITED_SELECT -D_REENTRANT    -O3 -Wno-error=shorten-64-to-32  -fno-common -pipe conftest.c  -L. -L/Users/Jun/.rbenv/versions/2.7.8/lib -L/Users/Jun/.rbenv/versions/2.7.8/openssl/lib -L. -L/Users/Jun/.rbenv/versions/2.7.8/lib  -fstack-protector-strong -L/usr/local/lib    -lssl -lcrypto  -lruby.2.7 -lssl -lcrypto   "
conftest.c:14:57: error: use of undeclared identifier 'HMAC_CTX_new'
int t(void) { void ((*volatile p)()); p = (void ((*)()))HMAC_CTX_new; return !p; }
                                                        ^
1 error generated.
checked program was:
/* begin */
 1: #include "ruby.h"
 2: 
 3: /*top*/
 4: extern int t(void);
 5: int main(int argc, char **argv)
 6: {
 7:   if (argc > 1000000) {
 8:     int (* volatile tp)(void)=(int (*)(void))&t;
 9:     printf("%d", (*tp)());
10:   }
11: 
12:   return !!argv[argc];
13: }
14: int t(void) { void ((*volatile p)()); p = (void ((*)()))HMAC_CTX_new; return !p; }
/* end */

" clang -o conftest -I/Users/Jun/.rbenv/versions/2.7.8/include/ruby-2.7.0/x86_64-darwin17 -I/Users/Jun/.rbenv/versions/2.7.8/include/ruby-2.7.0/ruby/backward -I/Users/Jun/.rbenv/versions/2.7.8/include/ruby-2.7.0 -I. -I/Users/Jun/.rbenv/versions/2.7.8/openssl/include -I/Users/Jun/.rbenv/versions/2.7.8/include  -D_XOPEN_SOURCE -D_DARWIN_C_SOURCE -D_DARWIN_UNLIMITED_SELECT -D_REENTRANT    -O3 -Wno-error=shorten-64-to-32  -fno-common -pipe conftest.c  -L. -L/Users/Jun/.rbenv/versions/2.7.8/lib -L/Users/Jun/.rbenv/versions/2.7.8/openssl/lib -L. -L/Users/Jun/.rbenv/versions/2.7.8/lib  -fstack-protector-strong -L/usr/local/lib    -lssl -lcrypto  -lruby.2.7 -lssl -lcrypto   "
checked program was:
/* begin */
 1: #include "ruby.h"
 2: 
 3: /*top*/
 4: extern int t(void);
 5: int main(int argc, char **argv)
 6: {
 7:   if (argc > 1000000) {
 8:     int (* volatile tp)(void)=(int (*)(void))&t;
 9:     printf("%d", (*tp)());
10:   }
11: 
12:   return !!argv[argc];
13: }
14: extern void HMAC_CTX_new();
15: int t(void) { HMAC_CTX_new(); return 0; }
/* end */

--------------------

have_func: checking for HMAC_CTX_free()... -------------------- yes

" clang -o conftest -I/Users/Jun/.rbenv/versions/2.7.8/include/ruby-2.7.0/x86_64-darwin17 -I/Users/Jun/.rbenv/versions/2.7.8/include/ruby-2.7.0/ruby/backward -I/Users/Jun/.rbenv/versions/2.7.8/include/ruby-2.7.0 -I. -I/Users/Jun/.rbenv/versions/2.7.8/openssl/include -I/Users/Jun/.rbenv/versions/2.7.8/include  -D_XOPEN_SOURCE -D_DARWIN_C_SOURCE -D_DARWIN_UNLIMITED_SELECT -D_REENTRANT    -O3 -Wno-error=shorten-64-to-32  -fno-common -pipe conftest.c  -L. -L/Users/Jun/.rbenv/versions/2.7.8/lib -L/Users/Jun/.rbenv/versions/2.7.8/openssl/lib -L. -L/Users/Jun/.rbenv/versions/2.7.8/lib  -fstack-protector-strong -L/usr/local/lib    -lssl -lcrypto  -lruby.2.7 -lssl -lcrypto   "
conftest.c:14:57: error: use of undeclared identifier 'HMAC_CTX_free'
int t(void) { void ((*volatile p)()); p = (void ((*)()))HMAC_CTX_free; return !p; }
                                                        ^
1 error generated.
checked program was:
/* begin */
 1: #include "ruby.h"
 2: 
 3: /*top*/
 4: extern int t(void);
 5: int main(int argc, char **argv)
 6: {
 7:   if (argc > 1000000) {
 8:     int (* volatile tp)(void)=(int (*)(void))&t;
 9:     printf("%d", (*tp)());
10:   }
11: 
12:   return !!argv[argc];
13: }
14: int t(void) { void ((*volatile p)()); p = (void ((*)()))HMAC_CTX_free; return !p; }
/* end */

" clang -o conftest -I/Users/Jun/.rbenv/versions/2.7.8/include/ruby-2.7.0/x86_64-darwin17 -I/Users/Jun/.rbenv/versions/2.7.8/include/ruby-2.7.0/ruby/backward -I/Users/Jun/.rbenv/versions/2.7.8/include/ruby-2.7.0 -I. -I/Users/Jun/.rbenv/versions/2.7.8/openssl/include -I/Users/Jun/.rbenv/versions/2.7.8/include  -D_XOPEN_SOURCE -D_DARWIN_C_SOURCE -D_DARWIN_UNLIMITED_SELECT -D_REENTRANT    -O3 -Wno-error=shorten-64-to-32  -fno-common -pipe conftest.c  -L. -L/Users/Jun/.rbenv/versions/2.7.8/lib -L/Users/Jun/.rbenv/versions/2.7.8/openssl/lib -L. -L/Users/Jun/.rbenv/versions/2.7.8/lib  -fstack-protector-strong -L/usr/local/lib    -lssl -lcrypto  -lruby.2.7 -lssl -lcrypto   "
checked program was:
/* begin */
 1: #include "ruby.h"
 2: 
 3: /*top*/
 4: extern int t(void);
 5: int main(int argc, char **argv)
 6: {
 7:   if (argc > 1000000) {
 8:     int (* volatile tp)(void)=(int (*)(void))&t;
 9:     printf("%d", (*tp)());
10:   }
11: 
12:   return !!argv[argc];
13: }
14: extern void HMAC_CTX_free();
15: int t(void) { HMAC_CTX_free(); return 0; }
/* end */

--------------------

have_func: checking for X509_STORE_get_ex_data()... -------------------- yes

" clang -o conftest -I/Users/Jun/.rbenv/versions/2.7.8/include/ruby-2.7.0/x86_64-darwin17 -I/Users/Jun/.rbenv/versions/2.7.8/include/ruby-2.7.0/ruby/backward -I/Users/Jun/.rbenv/versions/2.7.8/include/ruby-2.7.0 -I. -I/Users/Jun/.rbenv/versions/2.7.8/openssl/include -I/Users/Jun/.rbenv/versions/2.7.8/include  -D_XOPEN_SOURCE -D_DARWIN_C_SOURCE -D_DARWIN_UNLIMITED_SELECT -D_REENTRANT    -O3 -Wno-error=shorten-64-to-32  -fno-common -pipe conftest.c  -L. -L/Users/Jun/.rbenv/versions/2.7.8/lib -L/Users/Jun/.rbenv/versions/2.7.8/openssl/lib -L. -L/Users/Jun/.rbenv/versions/2.7.8/lib  -fstack-protector-strong -L/usr/local/lib    -lssl -lcrypto  -lruby.2.7 -lssl -lcrypto   "
conftest.c:14:57: error: use of undeclared identifier 'X509_STORE_get_ex_data'
int t(void) { void ((*volatile p)()); p = (void ((*)()))X509_STORE_get_ex_data; return !p; }
                                                        ^
1 error generated.
checked program was:
/* begin */
 1: #include "ruby.h"
 2: 
 3: /*top*/
 4: extern int t(void);
 5: int main(int argc, char **argv)
 6: {
 7:   if (argc > 1000000) {
 8:     int (* volatile tp)(void)=(int (*)(void))&t;
 9:     printf("%d", (*tp)());
10:   }
11: 
12:   return !!argv[argc];
13: }
14: int t(void) { void ((*volatile p)()); p = (void ((*)()))X509_STORE_get_ex_data; return !p; }
/* end */

" clang -o conftest -I/Users/Jun/.rbenv/versions/2.7.8/include/ruby-2.7.0/x86_64-darwin17 -I/Users/Jun/.rbenv/versions/2.7.8/include/ruby-2.7.0/ruby/backward -I/Users/Jun/.rbenv/versions/2.7.8/include/ruby-2.7.0 -I. -I/Users/Jun/.rbenv/versions/2.7.8/openssl/include -I/Users/Jun/.rbenv/versions/2.7.8/include  -D_XOPEN_SOURCE -D_DARWIN_C_SOURCE -D_DARWIN_UNLIMITED_SELECT -D_REENTRANT    -O3 -Wno-error=shorten-64-to-32  -fno-common -pipe conftest.c  -L. -L/Users/Jun/.rbenv/versions/2.7.8/lib -L/Users/Jun/.rbenv/versions/2.7.8/openssl/lib -L. -L/Users/Jun/.rbenv/versions/2.7.8/lib  -fstack-protector-strong -L/usr/local/lib    -lssl -lcrypto  -lruby.2.7 -lssl -lcrypto   "
checked program was:
/* begin */
 1: #include "ruby.h"
 2: 
 3: /*top*/
 4: extern int t(void);
 5: int main(int argc, char **argv)
 6: {
 7:   if (argc > 1000000) {
 8:     int (* volatile tp)(void)=(int (*)(void))&t;
 9:     printf("%d", (*tp)());
10:   }
11: 
12:   return !!argv[argc];
13: }
14: extern void X509_STORE_get_ex_data();
15: int t(void) { X509_STORE_get_ex_data(); return 0; }
/* end */

--------------------

have_func: checking for X509_STORE_set_ex_data()... -------------------- yes

" clang -o conftest -I/Users/Jun/.rbenv/versions/2.7.8/include/ruby-2.7.0/x86_64-darwin17 -I/Users/Jun/.rbenv/versions/2.7.8/include/ruby-2.7.0/ruby/backward -I/Users/Jun/.rbenv/versions/2.7.8/include/ruby-2.7.0 -I. -I/Users/Jun/.rbenv/versions/2.7.8/openssl/include -I/Users/Jun/.rbenv/versions/2.7.8/include  -D_XOPEN_SOURCE -D_DARWIN_C_SOURCE -D_DARWIN_UNLIMITED_SELECT -D_REENTRANT    -O3 -Wno-error=shorten-64-to-32  -fno-common -pipe conftest.c  -L. -L/Users/Jun/.rbenv/versions/2.7.8/lib -L/Users/Jun/.rbenv/versions/2.7.8/openssl/lib -L. -L/Users/Jun/.rbenv/versions/2.7.8/lib  -fstack-protector-strong -L/usr/local/lib    -lssl -lcrypto  -lruby.2.7 -lssl -lcrypto   "
conftest.c:14:57: error: use of undeclared identifier 'X509_STORE_set_ex_data'
int t(void) { void ((*volatile p)()); p = (void ((*)()))X509_STORE_set_ex_data; return !p; }
                                                        ^
1 error generated.
checked program was:
/* begin */
 1: #include "ruby.h"
 2: 
 3: /*top*/
 4: extern int t(void);
 5: int main(int argc, char **argv)
 6: {
 7:   if (argc > 1000000) {
 8:     int (* volatile tp)(void)=(int (*)(void))&t;
 9:     printf("%d", (*tp)());
10:   }
11: 
12:   return !!argv[argc];
13: }
14: int t(void) { void ((*volatile p)()); p = (void ((*)()))X509_STORE_set_ex_data; return !p; }
/* end */

" clang -o conftest -I/Users/Jun/.rbenv/versions/2.7.8/include/ruby-2.7.0/x86_64-darwin17 -I/Users/Jun/.rbenv/versions/2.7.8/include/ruby-2.7.0/ruby/backward -I/Users/Jun/.rbenv/versions/2.7.8/include/ruby-2.7.0 -I. -I/Users/Jun/.rbenv/versions/2.7.8/openssl/include -I/Users/Jun/.rbenv/versions/2.7.8/include  -D_XOPEN_SOURCE -D_DARWIN_C_SOURCE -D_DARWIN_UNLIMITED_SELECT -D_REENTRANT    -O3 -Wno-error=shorten-64-to-32  -fno-common -pipe conftest.c  -L. -L/Users/Jun/.rbenv/versions/2.7.8/lib -L/Users/Jun/.rbenv/versions/2.7.8/openssl/lib -L. -L/Users/Jun/.rbenv/versions/2.7.8/lib  -fstack-protector-strong -L/usr/local/lib    -lssl -lcrypto  -lruby.2.7 -lssl -lcrypto   "
checked program was:
/* begin */
 1: #include "ruby.h"
 2: 
 3: /*top*/
 4: extern int t(void);
 5: int main(int argc, char **argv)
 6: {
 7:   if (argc > 1000000) {
 8:     int (* volatile tp)(void)=(int (*)(void))&t;
 9:     printf("%d", (*tp)());
10:   }
11: 
12:   return !!argv[argc];
13: }
14: extern void X509_STORE_set_ex_data();
15: int t(void) { X509_STORE_set_ex_data(); return 0; }
/* end */

--------------------

have_func: checking for X509_STORE_get_ex_new_index()... -------------------- no

" clang -o conftest -I/Users/Jun/.rbenv/versions/2.7.8/include/ruby-2.7.0/x86_64-darwin17 -I/Users/Jun/.rbenv/versions/2.7.8/include/ruby-2.7.0/ruby/backward -I/Users/Jun/.rbenv/versions/2.7.8/include/ruby-2.7.0 -I. -I/Users/Jun/.rbenv/versions/2.7.8/openssl/include -I/Users/Jun/.rbenv/versions/2.7.8/include  -D_XOPEN_SOURCE -D_DARWIN_C_SOURCE -D_DARWIN_UNLIMITED_SELECT -D_REENTRANT    -O3 -Wno-error=shorten-64-to-32  -fno-common -pipe conftest.c  -L. -L/Users/Jun/.rbenv/versions/2.7.8/lib -L/Users/Jun/.rbenv/versions/2.7.8/openssl/lib -L. -L/Users/Jun/.rbenv/versions/2.7.8/lib  -fstack-protector-strong -L/usr/local/lib    -lssl -lcrypto  -lruby.2.7 -lssl -lcrypto   "
conftest.c:14:57: error: use of undeclared identifier 'X509_STORE_get_ex_new_index'
int t(void) { void ((*volatile p)()); p = (void ((*)()))X509_STORE_get_ex_new_index; return !p; }
                                                        ^
1 error generated.
checked program was:
/* begin */
 1: #include "ruby.h"
 2: 
 3: /*top*/
 4: extern int t(void);
 5: int main(int argc, char **argv)
 6: {
 7:   if (argc > 1000000) {
 8:     int (* volatile tp)(void)=(int (*)(void))&t;
 9:     printf("%d", (*tp)());
10:   }
11: 
12:   return !!argv[argc];
13: }
14: int t(void) { void ((*volatile p)()); p = (void ((*)()))X509_STORE_get_ex_new_index; return !p; }
/* end */

" clang -o conftest -I/Users/Jun/.rbenv/versions/2.7.8/include/ruby-2.7.0/x86_64-darwin17 -I/Users/Jun/.rbenv/versions/2.7.8/include/ruby-2.7.0/ruby/backward -I/Users/Jun/.rbenv/versions/2.7.8/include/ruby-2.7.0 -I. -I/Users/Jun/.rbenv/versions/2.7.8/openssl/include -I/Users/Jun/.rbenv/versions/2.7.8/include  -D_XOPEN_SOURCE -D_DARWIN_C_SOURCE -D_DARWIN_UNLIMITED_SELECT -D_REENTRANT    -O3 -Wno-error=shorten-64-to-32  -fno-common -pipe conftest.c  -L. -L/Users/Jun/.rbenv/versions/2.7.8/lib -L/Users/Jun/.rbenv/versions/2.7.8/openssl/lib -L. -L/Users/Jun/.rbenv/versions/2.7.8/lib  -fstack-protector-strong -L/usr/local/lib    -lssl -lcrypto  -lruby.2.7 -lssl -lcrypto   "
Undefined symbols for architecture x86_64:
  "_X509_STORE_get_ex_new_index", referenced from:
      _t in conftest-d1931b.o
ld: symbol(s) not found for architecture x86_64
clang: error: linker command failed with exit code 1 (use -v to see invocation)
checked program was:
/* begin */
 1: #include "ruby.h"
 2: 
 3: /*top*/
 4: extern int t(void);
 5: int main(int argc, char **argv)
 6: {
 7:   if (argc > 1000000) {
 8:     int (* volatile tp)(void)=(int (*)(void))&t;
 9:     printf("%d", (*tp)());
10:   }
11: 
12:   return !!argv[argc];
13: }
14: extern void X509_STORE_get_ex_new_index();
15: int t(void) { X509_STORE_get_ex_new_index(); return 0; }
/* end */

--------------------

have_func: checking for X509_CRL_get0_signature()... -------------------- yes

" clang -o conftest -I/Users/Jun/.rbenv/versions/2.7.8/include/ruby-2.7.0/x86_64-darwin17 -I/Users/Jun/.rbenv/versions/2.7.8/include/ruby-2.7.0/ruby/backward -I/Users/Jun/.rbenv/versions/2.7.8/include/ruby-2.7.0 -I. -I/Users/Jun/.rbenv/versions/2.7.8/openssl/include -I/Users/Jun/.rbenv/versions/2.7.8/include  -D_XOPEN_SOURCE -D_DARWIN_C_SOURCE -D_DARWIN_UNLIMITED_SELECT -D_REENTRANT    -O3 -Wno-error=shorten-64-to-32  -fno-common -pipe conftest.c  -L. -L/Users/Jun/.rbenv/versions/2.7.8/lib -L/Users/Jun/.rbenv/versions/2.7.8/openssl/lib -L. -L/Users/Jun/.rbenv/versions/2.7.8/lib  -fstack-protector-strong -L/usr/local/lib    -lssl -lcrypto  -lruby.2.7 -lssl -lcrypto   "
conftest.c:14:57: error: use of undeclared identifier 'X509_CRL_get0_signature'
int t(void) { void ((*volatile p)()); p = (void ((*)()))X509_CRL_get0_signature; return !p; }
                                                        ^
1 error generated.
checked program was:
/* begin */
 1: #include "ruby.h"
 2: 
 3: /*top*/
 4: extern int t(void);
 5: int main(int argc, char **argv)
 6: {
 7:   if (argc > 1000000) {
 8:     int (* volatile tp)(void)=(int (*)(void))&t;
 9:     printf("%d", (*tp)());
10:   }
11: 
12:   return !!argv[argc];
13: }
14: int t(void) { void ((*volatile p)()); p = (void ((*)()))X509_CRL_get0_signature; return !p; }
/* end */

" clang -o conftest -I/Users/Jun/.rbenv/versions/2.7.8/include/ruby-2.7.0/x86_64-darwin17 -I/Users/Jun/.rbenv/versions/2.7.8/include/ruby-2.7.0/ruby/backward -I/Users/Jun/.rbenv/versions/2.7.8/include/ruby-2.7.0 -I. -I/Users/Jun/.rbenv/versions/2.7.8/openssl/include -I/Users/Jun/.rbenv/versions/2.7.8/include  -D_XOPEN_SOURCE -D_DARWIN_C_SOURCE -D_DARWIN_UNLIMITED_SELECT -D_REENTRANT    -O3 -Wno-error=shorten-64-to-32  -fno-common -pipe conftest.c  -L. -L/Users/Jun/.rbenv/versions/2.7.8/lib -L/Users/Jun/.rbenv/versions/2.7.8/openssl/lib -L. -L/Users/Jun/.rbenv/versions/2.7.8/lib  -fstack-protector-strong -L/usr/local/lib    -lssl -lcrypto  -lruby.2.7 -lssl -lcrypto   "
checked program was:
/* begin */
 1: #include "ruby.h"
 2: 
 3: /*top*/
 4: extern int t(void);
 5: int main(int argc, char **argv)
 6: {
 7:   if (argc > 1000000) {
 8:     int (* volatile tp)(void)=(int (*)(void))&t;
 9:     printf("%d", (*tp)());
10:   }
11: 
12:   return !!argv[argc];
13: }
14: extern void X509_CRL_get0_signature();
15: int t(void) { X509_CRL_get0_signature(); return 0; }
/* end */

--------------------

have_func: checking for X509_REQ_get0_signature()... -------------------- yes

" clang -o conftest -I/Users/Jun/.rbenv/versions/2.7.8/include/ruby-2.7.0/x86_64-darwin17 -I/Users/Jun/.rbenv/versions/2.7.8/include/ruby-2.7.0/ruby/backward -I/Users/Jun/.rbenv/versions/2.7.8/include/ruby-2.7.0 -I. -I/Users/Jun/.rbenv/versions/2.7.8/openssl/include -I/Users/Jun/.rbenv/versions/2.7.8/include  -D_XOPEN_SOURCE -D_DARWIN_C_SOURCE -D_DARWIN_UNLIMITED_SELECT -D_REENTRANT    -O3 -Wno-error=shorten-64-to-32  -fno-common -pipe conftest.c  -L. -L/Users/Jun/.rbenv/versions/2.7.8/lib -L/Users/Jun/.rbenv/versions/2.7.8/openssl/lib -L. -L/Users/Jun/.rbenv/versions/2.7.8/lib  -fstack-protector-strong -L/usr/local/lib    -lssl -lcrypto  -lruby.2.7 -lssl -lcrypto   "
conftest.c:14:57: error: use of undeclared identifier 'X509_REQ_get0_signature'
int t(void) { void ((*volatile p)()); p = (void ((*)()))X509_REQ_get0_signature; return !p; }
                                                        ^
1 error generated.
checked program was:
/* begin */
 1: #include "ruby.h"
 2: 
 3: /*top*/
 4: extern int t(void);
 5: int main(int argc, char **argv)
 6: {
 7:   if (argc > 1000000) {
 8:     int (* volatile tp)(void)=(int (*)(void))&t;
 9:     printf("%d", (*tp)());
10:   }
11: 
12:   return !!argv[argc];
13: }
14: int t(void) { void ((*volatile p)()); p = (void ((*)()))X509_REQ_get0_signature; return !p; }
/* end */

" clang -o conftest -I/Users/Jun/.rbenv/versions/2.7.8/include/ruby-2.7.0/x86_64-darwin17 -I/Users/Jun/.rbenv/versions/2.7.8/include/ruby-2.7.0/ruby/backward -I/Users/Jun/.rbenv/versions/2.7.8/include/ruby-2.7.0 -I. -I/Users/Jun/.rbenv/versions/2.7.8/openssl/include -I/Users/Jun/.rbenv/versions/2.7.8/include  -D_XOPEN_SOURCE -D_DARWIN_C_SOURCE -D_DARWIN_UNLIMITED_SELECT -D_REENTRANT    -O3 -Wno-error=shorten-64-to-32  -fno-common -pipe conftest.c  -L. -L/Users/Jun/.rbenv/versions/2.7.8/lib -L/Users/Jun/.rbenv/versions/2.7.8/openssl/lib -L. -L/Users/Jun/.rbenv/versions/2.7.8/lib  -fstack-protector-strong -L/usr/local/lib    -lssl -lcrypto  -lruby.2.7 -lssl -lcrypto   "
checked program was:
/* begin */
 1: #include "ruby.h"
 2: 
 3: /*top*/
 4: extern int t(void);
 5: int main(int argc, char **argv)
 6: {
 7:   if (argc > 1000000) {
 8:     int (* volatile tp)(void)=(int (*)(void))&t;
 9:     printf("%d", (*tp)());
10:   }
11: 
12:   return !!argv[argc];
13: }
14: extern void X509_REQ_get0_signature();
15: int t(void) { X509_REQ_get0_signature(); return 0; }
/* end */

--------------------

have_func: checking for X509_REVOKED_get0_serialNumber()... -------------------- yes

" clang -o conftest -I/Users/Jun/.rbenv/versions/2.7.8/include/ruby-2.7.0/x86_64-darwin17 -I/Users/Jun/.rbenv/versions/2.7.8/include/ruby-2.7.0/ruby/backward -I/Users/Jun/.rbenv/versions/2.7.8/include/ruby-2.7.0 -I. -I/Users/Jun/.rbenv/versions/2.7.8/openssl/include -I/Users/Jun/.rbenv/versions/2.7.8/include  -D_XOPEN_SOURCE -D_DARWIN_C_SOURCE -D_DARWIN_UNLIMITED_SELECT -D_REENTRANT    -O3 -Wno-error=shorten-64-to-32  -fno-common -pipe conftest.c  -L. -L/Users/Jun/.rbenv/versions/2.7.8/lib -L/Users/Jun/.rbenv/versions/2.7.8/openssl/lib -L. -L/Users/Jun/.rbenv/versions/2.7.8/lib  -fstack-protector-strong -L/usr/local/lib    -lssl -lcrypto  -lruby.2.7 -lssl -lcrypto   "
conftest.c:14:57: error: use of undeclared identifier 'X509_REVOKED_get0_serialNumber'
int t(void) { void ((*volatile p)()); p = (void ((*)()))X509_REVOKED_get0_serialNumber; return !p; }
                                                        ^
1 error generated.
checked program was:
/* begin */
 1: #include "ruby.h"
 2: 
 3: /*top*/
 4: extern int t(void);
 5: int main(int argc, char **argv)
 6: {
 7:   if (argc > 1000000) {
 8:     int (* volatile tp)(void)=(int (*)(void))&t;
 9:     printf("%d", (*tp)());
10:   }
11: 
12:   return !!argv[argc];
13: }
14: int t(void) { void ((*volatile p)()); p = (void ((*)()))X509_REVOKED_get0_serialNumber; return !p; }
/* end */

" clang -o conftest -I/Users/Jun/.rbenv/versions/2.7.8/include/ruby-2.7.0/x86_64-darwin17 -I/Users/Jun/.rbenv/versions/2.7.8/include/ruby-2.7.0/ruby/backward -I/Users/Jun/.rbenv/versions/2.7.8/include/ruby-2.7.0 -I. -I/Users/Jun/.rbenv/versions/2.7.8/openssl/include -I/Users/Jun/.rbenv/versions/2.7.8/include  -D_XOPEN_SOURCE -D_DARWIN_C_SOURCE -D_DARWIN_UNLIMITED_SELECT -D_REENTRANT    -O3 -Wno-error=shorten-64-to-32  -fno-common -pipe conftest.c  -L. -L/Users/Jun/.rbenv/versions/2.7.8/lib -L/Users/Jun/.rbenv/versions/2.7.8/openssl/lib -L. -L/Users/Jun/.rbenv/versions/2.7.8/lib  -fstack-protector-strong -L/usr/local/lib    -lssl -lcrypto  -lruby.2.7 -lssl -lcrypto   "
checked program was:
/* begin */
 1: #include "ruby.h"
 2: 
 3: /*top*/
 4: extern int t(void);
 5: int main(int argc, char **argv)
 6: {
 7:   if (argc > 1000000) {
 8:     int (* volatile tp)(void)=(int (*)(void))&t;
 9:     printf("%d", (*tp)());
10:   }
11: 
12:   return !!argv[argc];
13: }
14: extern void X509_REVOKED_get0_serialNumber();
15: int t(void) { X509_REVOKED_get0_serialNumber(); return 0; }
/* end */

--------------------

have_func: checking for X509_REVOKED_get0_revocationDate()... -------------------- yes

" clang -o conftest -I/Users/Jun/.rbenv/versions/2.7.8/include/ruby-2.7.0/x86_64-darwin17 -I/Users/Jun/.rbenv/versions/2.7.8/include/ruby-2.7.0/ruby/backward -I/Users/Jun/.rbenv/versions/2.7.8/include/ruby-2.7.0 -I. -I/Users/Jun/.rbenv/versions/2.7.8/openssl/include -I/Users/Jun/.rbenv/versions/2.7.8/include  -D_XOPEN_SOURCE -D_DARWIN_C_SOURCE -D_DARWIN_UNLIMITED_SELECT -D_REENTRANT    -O3 -Wno-error=shorten-64-to-32  -fno-common -pipe conftest.c  -L. -L/Users/Jun/.rbenv/versions/2.7.8/lib -L/Users/Jun/.rbenv/versions/2.7.8/openssl/lib -L. -L/Users/Jun/.rbenv/versions/2.7.8/lib  -fstack-protector-strong -L/usr/local/lib    -lssl -lcrypto  -lruby.2.7 -lssl -lcrypto   "
conftest.c:14:57: error: use of undeclared identifier 'X509_REVOKED_get0_revocationDate'
int t(void) { void ((*volatile p)()); p = (void ((*)()))X509_REVOKED_get0_revocationDate; return !p; }
                                                        ^
1 error generated.
checked program was:
/* begin */
 1: #include "ruby.h"
 2: 
 3: /*top*/
 4: extern int t(void);
 5: int main(int argc, char **argv)
 6: {
 7:   if (argc > 1000000) {
 8:     int (* volatile tp)(void)=(int (*)(void))&t;
 9:     printf("%d", (*tp)());
10:   }
11: 
12:   return !!argv[argc];
13: }
14: int t(void) { void ((*volatile p)()); p = (void ((*)()))X509_REVOKED_get0_revocationDate; return !p; }
/* end */

" clang -o conftest -I/Users/Jun/.rbenv/versions/2.7.8/include/ruby-2.7.0/x86_64-darwin17 -I/Users/Jun/.rbenv/versions/2.7.8/include/ruby-2.7.0/ruby/backward -I/Users/Jun/.rbenv/versions/2.7.8/include/ruby-2.7.0 -I. -I/Users/Jun/.rbenv/versions/2.7.8/openssl/include -I/Users/Jun/.rbenv/versions/2.7.8/include  -D_XOPEN_SOURCE -D_DARWIN_C_SOURCE -D_DARWIN_UNLIMITED_SELECT -D_REENTRANT    -O3 -Wno-error=shorten-64-to-32  -fno-common -pipe conftest.c  -L. -L/Users/Jun/.rbenv/versions/2.7.8/lib -L/Users/Jun/.rbenv/versions/2.7.8/openssl/lib -L. -L/Users/Jun/.rbenv/versions/2.7.8/lib  -fstack-protector-strong -L/usr/local/lib    -lssl -lcrypto  -lruby.2.7 -lssl -lcrypto   "
checked program was:
/* begin */
 1: #include "ruby.h"
 2: 
 3: /*top*/
 4: extern int t(void);
 5: int main(int argc, char **argv)
 6: {
 7:   if (argc > 1000000) {
 8:     int (* volatile tp)(void)=(int (*)(void))&t;
 9:     printf("%d", (*tp)());
10:   }
11: 
12:   return !!argv[argc];
13: }
14: extern void X509_REVOKED_get0_revocationDate();
15: int t(void) { X509_REVOKED_get0_revocationDate(); return 0; }
/* end */

--------------------

have_func: checking for X509_get0_tbs_sigalg()... -------------------- yes

" clang -o conftest -I/Users/Jun/.rbenv/versions/2.7.8/include/ruby-2.7.0/x86_64-darwin17 -I/Users/Jun/.rbenv/versions/2.7.8/include/ruby-2.7.0/ruby/backward -I/Users/Jun/.rbenv/versions/2.7.8/include/ruby-2.7.0 -I. -I/Users/Jun/.rbenv/versions/2.7.8/openssl/include -I/Users/Jun/.rbenv/versions/2.7.8/include  -D_XOPEN_SOURCE -D_DARWIN_C_SOURCE -D_DARWIN_UNLIMITED_SELECT -D_REENTRANT    -O3 -Wno-error=shorten-64-to-32  -fno-common -pipe conftest.c  -L. -L/Users/Jun/.rbenv/versions/2.7.8/lib -L/Users/Jun/.rbenv/versions/2.7.8/openssl/lib -L. -L/Users/Jun/.rbenv/versions/2.7.8/lib  -fstack-protector-strong -L/usr/local/lib    -lssl -lcrypto  -lruby.2.7 -lssl -lcrypto   "
conftest.c:14:57: error: use of undeclared identifier 'X509_get0_tbs_sigalg'
int t(void) { void ((*volatile p)()); p = (void ((*)()))X509_get0_tbs_sigalg; return !p; }
                                                        ^
1 error generated.
checked program was:
/* begin */
 1: #include "ruby.h"
 2: 
 3: /*top*/
 4: extern int t(void);
 5: int main(int argc, char **argv)
 6: {
 7:   if (argc > 1000000) {
 8:     int (* volatile tp)(void)=(int (*)(void))&t;
 9:     printf("%d", (*tp)());
10:   }
11: 
12:   return !!argv[argc];
13: }
14: int t(void) { void ((*volatile p)()); p = (void ((*)()))X509_get0_tbs_sigalg; return !p; }
/* end */

" clang -o conftest -I/Users/Jun/.rbenv/versions/2.7.8/include/ruby-2.7.0/x86_64-darwin17 -I/Users/Jun/.rbenv/versions/2.7.8/include/ruby-2.7.0/ruby/backward -I/Users/Jun/.rbenv/versions/2.7.8/include/ruby-2.7.0 -I. -I/Users/Jun/.rbenv/versions/2.7.8/openssl/include -I/Users/Jun/.rbenv/versions/2.7.8/include  -D_XOPEN_SOURCE -D_DARWIN_C_SOURCE -D_DARWIN_UNLIMITED_SELECT -D_REENTRANT    -O3 -Wno-error=shorten-64-to-32  -fno-common -pipe conftest.c  -L. -L/Users/Jun/.rbenv/versions/2.7.8/lib -L/Users/Jun/.rbenv/versions/2.7.8/openssl/lib -L. -L/Users/Jun/.rbenv/versions/2.7.8/lib  -fstack-protector-strong -L/usr/local/lib    -lssl -lcrypto  -lruby.2.7 -lssl -lcrypto   "
checked program was:
/* begin */
 1: #include "ruby.h"
 2: 
 3: /*top*/
 4: extern int t(void);
 5: int main(int argc, char **argv)
 6: {
 7:   if (argc > 1000000) {
 8:     int (* volatile tp)(void)=(int (*)(void))&t;
 9:     printf("%d", (*tp)());
10:   }
11: 
12:   return !!argv[argc];
13: }
14: extern void X509_get0_tbs_sigalg();
15: int t(void) { X509_get0_tbs_sigalg(); return 0; }
/* end */

--------------------

have_func: checking for X509_STORE_CTX_get0_untrusted()... -------------------- yes

" clang -o conftest -I/Users/Jun/.rbenv/versions/2.7.8/include/ruby-2.7.0/x86_64-darwin17 -I/Users/Jun/.rbenv/versions/2.7.8/include/ruby-2.7.0/ruby/backward -I/Users/Jun/.rbenv/versions/2.7.8/include/ruby-2.7.0 -I. -I/Users/Jun/.rbenv/versions/2.7.8/openssl/include -I/Users/Jun/.rbenv/versions/2.7.8/include  -D_XOPEN_SOURCE -D_DARWIN_C_SOURCE -D_DARWIN_UNLIMITED_SELECT -D_REENTRANT    -O3 -Wno-error=shorten-64-to-32  -fno-common -pipe conftest.c  -L. -L/Users/Jun/.rbenv/versions/2.7.8/lib -L/Users/Jun/.rbenv/versions/2.7.8/openssl/lib -L. -L/Users/Jun/.rbenv/versions/2.7.8/lib  -fstack-protector-strong -L/usr/local/lib    -lssl -lcrypto  -lruby.2.7 -lssl -lcrypto   "
conftest.c:14:57: error: use of undeclared identifier 'X509_STORE_CTX_get0_untrusted'
int t(void) { void ((*volatile p)()); p = (void ((*)()))X509_STORE_CTX_get0_untrusted; return !p; }
                                                        ^
1 error generated.
checked program was:
/* begin */
 1: #include "ruby.h"
 2: 
 3: /*top*/
 4: extern int t(void);
 5: int main(int argc, char **argv)
 6: {
 7:   if (argc > 1000000) {
 8:     int (* volatile tp)(void)=(int (*)(void))&t;
 9:     printf("%d", (*tp)());
10:   }
11: 
12:   return !!argv[argc];
13: }
14: int t(void) { void ((*volatile p)()); p = (void ((*)()))X509_STORE_CTX_get0_untrusted; return !p; }
/* end */

" clang -o conftest -I/Users/Jun/.rbenv/versions/2.7.8/include/ruby-2.7.0/x86_64-darwin17 -I/Users/Jun/.rbenv/versions/2.7.8/include/ruby-2.7.0/ruby/backward -I/Users/Jun/.rbenv/versions/2.7.8/include/ruby-2.7.0 -I. -I/Users/Jun/.rbenv/versions/2.7.8/openssl/include -I/Users/Jun/.rbenv/versions/2.7.8/include  -D_XOPEN_SOURCE -D_DARWIN_C_SOURCE -D_DARWIN_UNLIMITED_SELECT -D_REENTRANT    -O3 -Wno-error=shorten-64-to-32  -fno-common -pipe conftest.c  -L. -L/Users/Jun/.rbenv/versions/2.7.8/lib -L/Users/Jun/.rbenv/versions/2.7.8/openssl/lib -L. -L/Users/Jun/.rbenv/versions/2.7.8/lib  -fstack-protector-strong -L/usr/local/lib    -lssl -lcrypto  -lruby.2.7 -lssl -lcrypto   "
checked program was:
/* begin */
 1: #include "ruby.h"
 2: 
 3: /*top*/
 4: extern int t(void);
 5: int main(int argc, char **argv)
 6: {
 7:   if (argc > 1000000) {
 8:     int (* volatile tp)(void)=(int (*)(void))&t;
 9:     printf("%d", (*tp)());
10:   }
11: 
12:   return !!argv[argc];
13: }
14: extern void X509_STORE_CTX_get0_untrusted();
15: int t(void) { X509_STORE_CTX_get0_untrusted(); return 0; }
/* end */

--------------------

have_func: checking for X509_STORE_CTX_get0_cert()... -------------------- yes

" clang -o conftest -I/Users/Jun/.rbenv/versions/2.7.8/include/ruby-2.7.0/x86_64-darwin17 -I/Users/Jun/.rbenv/versions/2.7.8/include/ruby-2.7.0/ruby/backward -I/Users/Jun/.rbenv/versions/2.7.8/include/ruby-2.7.0 -I. -I/Users/Jun/.rbenv/versions/2.7.8/openssl/include -I/Users/Jun/.rbenv/versions/2.7.8/include  -D_XOPEN_SOURCE -D_DARWIN_C_SOURCE -D_DARWIN_UNLIMITED_SELECT -D_REENTRANT    -O3 -Wno-error=shorten-64-to-32  -fno-common -pipe conftest.c  -L. -L/Users/Jun/.rbenv/versions/2.7.8/lib -L/Users/Jun/.rbenv/versions/2.7.8/openssl/lib -L. -L/Users/Jun/.rbenv/versions/2.7.8/lib  -fstack-protector-strong -L/usr/local/lib    -lssl -lcrypto  -lruby.2.7 -lssl -lcrypto   "
conftest.c:14:57: error: use of undeclared identifier 'X509_STORE_CTX_get0_cert'
int t(void) { void ((*volatile p)()); p = (void ((*)()))X509_STORE_CTX_get0_cert; return !p; }
                                                        ^
1 error generated.
checked program was:
/* begin */
 1: #include "ruby.h"
 2: 
 3: /*top*/
 4: extern int t(void);
 5: int main(int argc, char **argv)
 6: {
 7:   if (argc > 1000000) {
 8:     int (* volatile tp)(void)=(int (*)(void))&t;
 9:     printf("%d", (*tp)());
10:   }
11: 
12:   return !!argv[argc];
13: }
14: int t(void) { void ((*volatile p)()); p = (void ((*)()))X509_STORE_CTX_get0_cert; return !p; }
/* end */

" clang -o conftest -I/Users/Jun/.rbenv/versions/2.7.8/include/ruby-2.7.0/x86_64-darwin17 -I/Users/Jun/.rbenv/versions/2.7.8/include/ruby-2.7.0/ruby/backward -I/Users/Jun/.rbenv/versions/2.7.8/include/ruby-2.7.0 -I. -I/Users/Jun/.rbenv/versions/2.7.8/openssl/include -I/Users/Jun/.rbenv/versions/2.7.8/include  -D_XOPEN_SOURCE -D_DARWIN_C_SOURCE -D_DARWIN_UNLIMITED_SELECT -D_REENTRANT    -O3 -Wno-error=shorten-64-to-32  -fno-common -pipe conftest.c  -L. -L/Users/Jun/.rbenv/versions/2.7.8/lib -L/Users/Jun/.rbenv/versions/2.7.8/openssl/lib -L. -L/Users/Jun/.rbenv/versions/2.7.8/lib  -fstack-protector-strong -L/usr/local/lib    -lssl -lcrypto  -lruby.2.7 -lssl -lcrypto   "
checked program was:
/* begin */
 1: #include "ruby.h"
 2: 
 3: /*top*/
 4: extern int t(void);
 5: int main(int argc, char **argv)
 6: {
 7:   if (argc > 1000000) {
 8:     int (* volatile tp)(void)=(int (*)(void))&t;
 9:     printf("%d", (*tp)());
10:   }
11: 
12:   return !!argv[argc];
13: }
14: extern void X509_STORE_CTX_get0_cert();
15: int t(void) { X509_STORE_CTX_get0_cert(); return 0; }
/* end */

--------------------

have_func: checking for X509_STORE_CTX_get0_chain()... -------------------- yes

" clang -o conftest -I/Users/Jun/.rbenv/versions/2.7.8/include/ruby-2.7.0/x86_64-darwin17 -I/Users/Jun/.rbenv/versions/2.7.8/include/ruby-2.7.0/ruby/backward -I/Users/Jun/.rbenv/versions/2.7.8/include/ruby-2.7.0 -I. -I/Users/Jun/.rbenv/versions/2.7.8/openssl/include -I/Users/Jun/.rbenv/versions/2.7.8/include  -D_XOPEN_SOURCE -D_DARWIN_C_SOURCE -D_DARWIN_UNLIMITED_SELECT -D_REENTRANT    -O3 -Wno-error=shorten-64-to-32  -fno-common -pipe conftest.c  -L. -L/Users/Jun/.rbenv/versions/2.7.8/lib -L/Users/Jun/.rbenv/versions/2.7.8/openssl/lib -L. -L/Users/Jun/.rbenv/versions/2.7.8/lib  -fstack-protector-strong -L/usr/local/lib    -lssl -lcrypto  -lruby.2.7 -lssl -lcrypto   "
conftest.c:14:57: error: use of undeclared identifier 'X509_STORE_CTX_get0_chain'
int t(void) { void ((*volatile p)()); p = (void ((*)()))X509_STORE_CTX_get0_chain; return !p; }
                                                        ^
1 error generated.
checked program was:
/* begin */
 1: #include "ruby.h"
 2: 
 3: /*top*/
 4: extern int t(void);
 5: int main(int argc, char **argv)
 6: {
 7:   if (argc > 1000000) {
 8:     int (* volatile tp)(void)=(int (*)(void))&t;
 9:     printf("%d", (*tp)());
10:   }
11: 
12:   return !!argv[argc];
13: }
14: int t(void) { void ((*volatile p)()); p = (void ((*)()))X509_STORE_CTX_get0_chain; return !p; }
/* end */

" clang -o conftest -I/Users/Jun/.rbenv/versions/2.7.8/include/ruby-2.7.0/x86_64-darwin17 -I/Users/Jun/.rbenv/versions/2.7.8/include/ruby-2.7.0/ruby/backward -I/Users/Jun/.rbenv/versions/2.7.8/include/ruby-2.7.0 -I. -I/Users/Jun/.rbenv/versions/2.7.8/openssl/include -I/Users/Jun/.rbenv/versions/2.7.8/include  -D_XOPEN_SOURCE -D_DARWIN_C_SOURCE -D_DARWIN_UNLIMITED_SELECT -D_REENTRANT    -O3 -Wno-error=shorten-64-to-32  -fno-common -pipe conftest.c  -L. -L/Users/Jun/.rbenv/versions/2.7.8/lib -L/Users/Jun/.rbenv/versions/2.7.8/openssl/lib -L. -L/Users/Jun/.rbenv/versions/2.7.8/lib  -fstack-protector-strong -L/usr/local/lib    -lssl -lcrypto  -lruby.2.7 -lssl -lcrypto   "
checked program was:
/* begin */
 1: #include "ruby.h"
 2: 
 3: /*top*/
 4: extern int t(void);
 5: int main(int argc, char **argv)
 6: {
 7:   if (argc > 1000000) {
 8:     int (* volatile tp)(void)=(int (*)(void))&t;
 9:     printf("%d", (*tp)());
10:   }
11: 
12:   return !!argv[argc];
13: }
14: extern void X509_STORE_CTX_get0_chain();
15: int t(void) { X509_STORE_CTX_get0_chain(); return 0; }
/* end */

--------------------

have_func: checking for OCSP_SINGLERESP_get0_id()... -------------------- yes

" clang -o conftest -I/Users/Jun/.rbenv/versions/2.7.8/include/ruby-2.7.0/x86_64-darwin17 -I/Users/Jun/.rbenv/versions/2.7.8/include/ruby-2.7.0/ruby/backward -I/Users/Jun/.rbenv/versions/2.7.8/include/ruby-2.7.0 -I. -I/Users/Jun/.rbenv/versions/2.7.8/openssl/include -I/Users/Jun/.rbenv/versions/2.7.8/include  -D_XOPEN_SOURCE -D_DARWIN_C_SOURCE -D_DARWIN_UNLIMITED_SELECT -D_REENTRANT    -O3 -Wno-error=shorten-64-to-32  -fno-common -pipe conftest.c  -L. -L/Users/Jun/.rbenv/versions/2.7.8/lib -L/Users/Jun/.rbenv/versions/2.7.8/openssl/lib -L. -L/Users/Jun/.rbenv/versions/2.7.8/lib  -fstack-protector-strong -L/usr/local/lib    -lssl -lcrypto  -lruby.2.7 -lssl -lcrypto   "
conftest.c:14:57: error: use of undeclared identifier 'OCSP_SINGLERESP_get0_id'
int t(void) { void ((*volatile p)()); p = (void ((*)()))OCSP_SINGLERESP_get0_id; return !p; }
                                                        ^
1 error generated.
checked program was:
/* begin */
 1: #include "ruby.h"
 2: 
 3: /*top*/
 4: extern int t(void);
 5: int main(int argc, char **argv)
 6: {
 7:   if (argc > 1000000) {
 8:     int (* volatile tp)(void)=(int (*)(void))&t;
 9:     printf("%d", (*tp)());
10:   }
11: 
12:   return !!argv[argc];
13: }
14: int t(void) { void ((*volatile p)()); p = (void ((*)()))OCSP_SINGLERESP_get0_id; return !p; }
/* end */

" clang -o conftest -I/Users/Jun/.rbenv/versions/2.7.8/include/ruby-2.7.0/x86_64-darwin17 -I/Users/Jun/.rbenv/versions/2.7.8/include/ruby-2.7.0/ruby/backward -I/Users/Jun/.rbenv/versions/2.7.8/include/ruby-2.7.0 -I. -I/Users/Jun/.rbenv/versions/2.7.8/openssl/include -I/Users/Jun/.rbenv/versions/2.7.8/include  -D_XOPEN_SOURCE -D_DARWIN_C_SOURCE -D_DARWIN_UNLIMITED_SELECT -D_REENTRANT    -O3 -Wno-error=shorten-64-to-32  -fno-common -pipe conftest.c  -L. -L/Users/Jun/.rbenv/versions/2.7.8/lib -L/Users/Jun/.rbenv/versions/2.7.8/openssl/lib -L. -L/Users/Jun/.rbenv/versions/2.7.8/lib  -fstack-protector-strong -L/usr/local/lib    -lssl -lcrypto  -lruby.2.7 -lssl -lcrypto   "
checked program was:
/* begin */
 1: #include "ruby.h"
 2: 
 3: /*top*/
 4: extern int t(void);
 5: int main(int argc, char **argv)
 6: {
 7:   if (argc > 1000000) {
 8:     int (* volatile tp)(void)=(int (*)(void))&t;
 9:     printf("%d", (*tp)());
10:   }
11: 
12:   return !!argv[argc];
13: }
14: extern void OCSP_SINGLERESP_get0_id();
15: int t(void) { OCSP_SINGLERESP_get0_id(); return 0; }
/* end */

--------------------

have_func: checking for SSL_CTX_get_ciphers()... -------------------- yes

" clang -o conftest -I/Users/Jun/.rbenv/versions/2.7.8/include/ruby-2.7.0/x86_64-darwin17 -I/Users/Jun/.rbenv/versions/2.7.8/include/ruby-2.7.0/ruby/backward -I/Users/Jun/.rbenv/versions/2.7.8/include/ruby-2.7.0 -I. -I/Users/Jun/.rbenv/versions/2.7.8/openssl/include -I/Users/Jun/.rbenv/versions/2.7.8/include  -D_XOPEN_SOURCE -D_DARWIN_C_SOURCE -D_DARWIN_UNLIMITED_SELECT -D_REENTRANT    -O3 -Wno-error=shorten-64-to-32  -fno-common -pipe conftest.c  -L. -L/Users/Jun/.rbenv/versions/2.7.8/lib -L/Users/Jun/.rbenv/versions/2.7.8/openssl/lib -L. -L/Users/Jun/.rbenv/versions/2.7.8/lib  -fstack-protector-strong -L/usr/local/lib    -lssl -lcrypto  -lruby.2.7 -lssl -lcrypto   "
conftest.c:14:57: error: use of undeclared identifier 'SSL_CTX_get_ciphers'
int t(void) { void ((*volatile p)()); p = (void ((*)()))SSL_CTX_get_ciphers; return !p; }
                                                        ^
1 error generated.
checked program was:
/* begin */
 1: #include "ruby.h"
 2: 
 3: /*top*/
 4: extern int t(void);
 5: int main(int argc, char **argv)
 6: {
 7:   if (argc > 1000000) {
 8:     int (* volatile tp)(void)=(int (*)(void))&t;
 9:     printf("%d", (*tp)());
10:   }
11: 
12:   return !!argv[argc];
13: }
14: int t(void) { void ((*volatile p)()); p = (void ((*)()))SSL_CTX_get_ciphers; return !p; }
/* end */

" clang -o conftest -I/Users/Jun/.rbenv/versions/2.7.8/include/ruby-2.7.0/x86_64-darwin17 -I/Users/Jun/.rbenv/versions/2.7.8/include/ruby-2.7.0/ruby/backward -I/Users/Jun/.rbenv/versions/2.7.8/include/ruby-2.7.0 -I. -I/Users/Jun/.rbenv/versions/2.7.8/openssl/include -I/Users/Jun/.rbenv/versions/2.7.8/include  -D_XOPEN_SOURCE -D_DARWIN_C_SOURCE -D_DARWIN_UNLIMITED_SELECT -D_REENTRANT    -O3 -Wno-error=shorten-64-to-32  -fno-common -pipe conftest.c  -L. -L/Users/Jun/.rbenv/versions/2.7.8/lib -L/Users/Jun/.rbenv/versions/2.7.8/openssl/lib -L. -L/Users/Jun/.rbenv/versions/2.7.8/lib  -fstack-protector-strong -L/usr/local/lib    -lssl -lcrypto  -lruby.2.7 -lssl -lcrypto   "
checked program was:
/* begin */
 1: #include "ruby.h"
 2: 
 3: /*top*/
 4: extern int t(void);
 5: int main(int argc, char **argv)
 6: {
 7:   if (argc > 1000000) {
 8:     int (* volatile tp)(void)=(int (*)(void))&t;
 9:     printf("%d", (*tp)());
10:   }
11: 
12:   return !!argv[argc];
13: }
14: extern void SSL_CTX_get_ciphers();
15: int t(void) { SSL_CTX_get_ciphers(); return 0; }
/* end */

--------------------

have_func: checking for X509_up_ref()... -------------------- yes

" clang -o conftest -I/Users/Jun/.rbenv/versions/2.7.8/include/ruby-2.7.0/x86_64-darwin17 -I/Users/Jun/.rbenv/versions/2.7.8/include/ruby-2.7.0/ruby/backward -I/Users/Jun/.rbenv/versions/2.7.8/include/ruby-2.7.0 -I. -I/Users/Jun/.rbenv/versions/2.7.8/openssl/include -I/Users/Jun/.rbenv/versions/2.7.8/include  -D_XOPEN_SOURCE -D_DARWIN_C_SOURCE -D_DARWIN_UNLIMITED_SELECT -D_REENTRANT    -O3 -Wno-error=shorten-64-to-32  -fno-common -pipe conftest.c  -L. -L/Users/Jun/.rbenv/versions/2.7.8/lib -L/Users/Jun/.rbenv/versions/2.7.8/openssl/lib -L. -L/Users/Jun/.rbenv/versions/2.7.8/lib  -fstack-protector-strong -L/usr/local/lib    -lssl -lcrypto  -lruby.2.7 -lssl -lcrypto   "
conftest.c:14:57: error: use of undeclared identifier 'X509_up_ref'
int t(void) { void ((*volatile p)()); p = (void ((*)()))X509_up_ref; return !p; }
                                                        ^
1 error generated.
checked program was:
/* begin */
 1: #include "ruby.h"
 2: 
 3: /*top*/
 4: extern int t(void);
 5: int main(int argc, char **argv)
 6: {
 7:   if (argc > 1000000) {
 8:     int (* volatile tp)(void)=(int (*)(void))&t;
 9:     printf("%d", (*tp)());
10:   }
11: 
12:   return !!argv[argc];
13: }
14: int t(void) { void ((*volatile p)()); p = (void ((*)()))X509_up_ref; return !p; }
/* end */

" clang -o conftest -I/Users/Jun/.rbenv/versions/2.7.8/include/ruby-2.7.0/x86_64-darwin17 -I/Users/Jun/.rbenv/versions/2.7.8/include/ruby-2.7.0/ruby/backward -I/Users/Jun/.rbenv/versions/2.7.8/include/ruby-2.7.0 -I. -I/Users/Jun/.rbenv/versions/2.7.8/openssl/include -I/Users/Jun/.rbenv/versions/2.7.8/include  -D_XOPEN_SOURCE -D_DARWIN_C_SOURCE -D_DARWIN_UNLIMITED_SELECT -D_REENTRANT    -O3 -Wno-error=shorten-64-to-32  -fno-common -pipe conftest.c  -L. -L/Users/Jun/.rbenv/versions/2.7.8/lib -L/Users/Jun/.rbenv/versions/2.7.8/openssl/lib -L. -L/Users/Jun/.rbenv/versions/2.7.8/lib  -fstack-protector-strong -L/usr/local/lib    -lssl -lcrypto  -lruby.2.7 -lssl -lcrypto   "
checked program was:
/* begin */
 1: #include "ruby.h"
 2: 
 3: /*top*/
 4: extern int t(void);
 5: int main(int argc, char **argv)
 6: {
 7:   if (argc > 1000000) {
 8:     int (* volatile tp)(void)=(int (*)(void))&t;
 9:     printf("%d", (*tp)());
10:   }
11: 
12:   return !!argv[argc];
13: }
14: extern void X509_up_ref();
15: int t(void) { X509_up_ref(); return 0; }
/* end */

--------------------

have_func: checking for X509_CRL_up_ref()... -------------------- yes

" clang -o conftest -I/Users/Jun/.rbenv/versions/2.7.8/include/ruby-2.7.0/x86_64-darwin17 -I/Users/Jun/.rbenv/versions/2.7.8/include/ruby-2.7.0/ruby/backward -I/Users/Jun/.rbenv/versions/2.7.8/include/ruby-2.7.0 -I. -I/Users/Jun/.rbenv/versions/2.7.8/openssl/include -I/Users/Jun/.rbenv/versions/2.7.8/include  -D_XOPEN_SOURCE -D_DARWIN_C_SOURCE -D_DARWIN_UNLIMITED_SELECT -D_REENTRANT    -O3 -Wno-error=shorten-64-to-32  -fno-common -pipe conftest.c  -L. -L/Users/Jun/.rbenv/versions/2.7.8/lib -L/Users/Jun/.rbenv/versions/2.7.8/openssl/lib -L. -L/Users/Jun/.rbenv/versions/2.7.8/lib  -fstack-protector-strong -L/usr/local/lib    -lssl -lcrypto  -lruby.2.7 -lssl -lcrypto   "
conftest.c:14:57: error: use of undeclared identifier 'X509_CRL_up_ref'
int t(void) { void ((*volatile p)()); p = (void ((*)()))X509_CRL_up_ref; return !p; }
                                                        ^
1 error generated.
checked program was:
/* begin */
 1: #include "ruby.h"
 2: 
 3: /*top*/
 4: extern int t(void);
 5: int main(int argc, char **argv)
 6: {
 7:   if (argc > 1000000) {
 8:     int (* volatile tp)(void)=(int (*)(void))&t;
 9:     printf("%d", (*tp)());
10:   }
11: 
12:   return !!argv[argc];
13: }
14: int t(void) { void ((*volatile p)()); p = (void ((*)()))X509_CRL_up_ref; return !p; }
/* end */

" clang -o conftest -I/Users/Jun/.rbenv/versions/2.7.8/include/ruby-2.7.0/x86_64-darwin17 -I/Users/Jun/.rbenv/versions/2.7.8/include/ruby-2.7.0/ruby/backward -I/Users/Jun/.rbenv/versions/2.7.8/include/ruby-2.7.0 -I. -I/Users/Jun/.rbenv/versions/2.7.8/openssl/include -I/Users/Jun/.rbenv/versions/2.7.8/include  -D_XOPEN_SOURCE -D_DARWIN_C_SOURCE -D_DARWIN_UNLIMITED_SELECT -D_REENTRANT    -O3 -Wno-error=shorten-64-to-32  -fno-common -pipe conftest.c  -L. -L/Users/Jun/.rbenv/versions/2.7.8/lib -L/Users/Jun/.rbenv/versions/2.7.8/openssl/lib -L. -L/Users/Jun/.rbenv/versions/2.7.8/lib  -fstack-protector-strong -L/usr/local/lib    -lssl -lcrypto  -lruby.2.7 -lssl -lcrypto   "
checked program was:
/* begin */
 1: #include "ruby.h"
 2: 
 3: /*top*/
 4: extern int t(void);
 5: int main(int argc, char **argv)
 6: {
 7:   if (argc > 1000000) {
 8:     int (* volatile tp)(void)=(int (*)(void))&t;
 9:     printf("%d", (*tp)());
10:   }
11: 
12:   return !!argv[argc];
13: }
14: extern void X509_CRL_up_ref();
15: int t(void) { X509_CRL_up_ref(); return 0; }
/* end */

--------------------

have_func: checking for X509_STORE_up_ref()... -------------------- yes

" clang -o conftest -I/Users/Jun/.rbenv/versions/2.7.8/include/ruby-2.7.0/x86_64-darwin17 -I/Users/Jun/.rbenv/versions/2.7.8/include/ruby-2.7.0/ruby/backward -I/Users/Jun/.rbenv/versions/2.7.8/include/ruby-2.7.0 -I. -I/Users/Jun/.rbenv/versions/2.7.8/openssl/include -I/Users/Jun/.rbenv/versions/2.7.8/include  -D_XOPEN_SOURCE -D_DARWIN_C_SOURCE -D_DARWIN_UNLIMITED_SELECT -D_REENTRANT    -O3 -Wno-error=shorten-64-to-32  -fno-common -pipe conftest.c  -L. -L/Users/Jun/.rbenv/versions/2.7.8/lib -L/Users/Jun/.rbenv/versions/2.7.8/openssl/lib -L. -L/Users/Jun/.rbenv/versions/2.7.8/lib  -fstack-protector-strong -L/usr/local/lib    -lssl -lcrypto  -lruby.2.7 -lssl -lcrypto   "
conftest.c:14:57: error: use of undeclared identifier 'X509_STORE_up_ref'
int t(void) { void ((*volatile p)()); p = (void ((*)()))X509_STORE_up_ref; return !p; }
                                                        ^
1 error generated.
checked program was:
/* begin */
 1: #include "ruby.h"
 2: 
 3: /*top*/
 4: extern int t(void);
 5: int main(int argc, char **argv)
 6: {
 7:   if (argc > 1000000) {
 8:     int (* volatile tp)(void)=(int (*)(void))&t;
 9:     printf("%d", (*tp)());
10:   }
11: 
12:   return !!argv[argc];
13: }
14: int t(void) { void ((*volatile p)()); p = (void ((*)()))X509_STORE_up_ref; return !p; }
/* end */

" clang -o conftest -I/Users/Jun/.rbenv/versions/2.7.8/include/ruby-2.7.0/x86_64-darwin17 -I/Users/Jun/.rbenv/versions/2.7.8/include/ruby-2.7.0/ruby/backward -I/Users/Jun/.rbenv/versions/2.7.8/include/ruby-2.7.0 -I. -I/Users/Jun/.rbenv/versions/2.7.8/openssl/include -I/Users/Jun/.rbenv/versions/2.7.8/include  -D_XOPEN_SOURCE -D_DARWIN_C_SOURCE -D_DARWIN_UNLIMITED_SELECT -D_REENTRANT    -O3 -Wno-error=shorten-64-to-32  -fno-common -pipe conftest.c  -L. -L/Users/Jun/.rbenv/versions/2.7.8/lib -L/Users/Jun/.rbenv/versions/2.7.8/openssl/lib -L. -L/Users/Jun/.rbenv/versions/2.7.8/lib  -fstack-protector-strong -L/usr/local/lib    -lssl -lcrypto  -lruby.2.7 -lssl -lcrypto   "
checked program was:
/* begin */
 1: #include "ruby.h"
 2: 
 3: /*top*/
 4: extern int t(void);
 5: int main(int argc, char **argv)
 6: {
 7:   if (argc > 1000000) {
 8:     int (* volatile tp)(void)=(int (*)(void))&t;
 9:     printf("%d", (*tp)());
10:   }
11: 
12:   return !!argv[argc];
13: }
14: extern void X509_STORE_up_ref();
15: int t(void) { X509_STORE_up_ref(); return 0; }
/* end */

--------------------

have_func: checking for SSL_SESSION_up_ref()... -------------------- yes

" clang -o conftest -I/Users/Jun/.rbenv/versions/2.7.8/include/ruby-2.7.0/x86_64-darwin17 -I/Users/Jun/.rbenv/versions/2.7.8/include/ruby-2.7.0/ruby/backward -I/Users/Jun/.rbenv/versions/2.7.8/include/ruby-2.7.0 -I. -I/Users/Jun/.rbenv/versions/2.7.8/openssl/include -I/Users/Jun/.rbenv/versions/2.7.8/include  -D_XOPEN_SOURCE -D_DARWIN_C_SOURCE -D_DARWIN_UNLIMITED_SELECT -D_REENTRANT    -O3 -Wno-error=shorten-64-to-32  -fno-common -pipe conftest.c  -L. -L/Users/Jun/.rbenv/versions/2.7.8/lib -L/Users/Jun/.rbenv/versions/2.7.8/openssl/lib -L. -L/Users/Jun/.rbenv/versions/2.7.8/lib  -fstack-protector-strong -L/usr/local/lib    -lssl -lcrypto  -lruby.2.7 -lssl -lcrypto   "
conftest.c:14:57: error: use of undeclared identifier 'SSL_SESSION_up_ref'
int t(void) { void ((*volatile p)()); p = (void ((*)()))SSL_SESSION_up_ref; return !p; }
                                                        ^
1 error generated.
checked program was:
/* begin */
 1: #include "ruby.h"
 2: 
 3: /*top*/
 4: extern int t(void);
 5: int main(int argc, char **argv)
 6: {
 7:   if (argc > 1000000) {
 8:     int (* volatile tp)(void)=(int (*)(void))&t;
 9:     printf("%d", (*tp)());
10:   }
11: 
12:   return !!argv[argc];
13: }
14: int t(void) { void ((*volatile p)()); p = (void ((*)()))SSL_SESSION_up_ref; return !p; }
/* end */

" clang -o conftest -I/Users/Jun/.rbenv/versions/2.7.8/include/ruby-2.7.0/x86_64-darwin17 -I/Users/Jun/.rbenv/versions/2.7.8/include/ruby-2.7.0/ruby/backward -I/Users/Jun/.rbenv/versions/2.7.8/include/ruby-2.7.0 -I. -I/Users/Jun/.rbenv/versions/2.7.8/openssl/include -I/Users/Jun/.rbenv/versions/2.7.8/include  -D_XOPEN_SOURCE -D_DARWIN_C_SOURCE -D_DARWIN_UNLIMITED_SELECT -D_REENTRANT    -O3 -Wno-error=shorten-64-to-32  -fno-common -pipe conftest.c  -L. -L/Users/Jun/.rbenv/versions/2.7.8/lib -L/Users/Jun/.rbenv/versions/2.7.8/openssl/lib -L. -L/Users/Jun/.rbenv/versions/2.7.8/lib  -fstack-protector-strong -L/usr/local/lib    -lssl -lcrypto  -lruby.2.7 -lssl -lcrypto   "
checked program was:
/* begin */
 1: #include "ruby.h"
 2: 
 3: /*top*/
 4: extern int t(void);
 5: int main(int argc, char **argv)
 6: {
 7:   if (argc > 1000000) {
 8:     int (* volatile tp)(void)=(int (*)(void))&t;
 9:     printf("%d", (*tp)());
10:   }
11: 
12:   return !!argv[argc];
13: }
14: extern void SSL_SESSION_up_ref();
15: int t(void) { SSL_SESSION_up_ref(); return 0; }
/* end */

--------------------

have_func: checking for EVP_PKEY_up_ref()... -------------------- yes

" clang -o conftest -I/Users/Jun/.rbenv/versions/2.7.8/include/ruby-2.7.0/x86_64-darwin17 -I/Users/Jun/.rbenv/versions/2.7.8/include/ruby-2.7.0/ruby/backward -I/Users/Jun/.rbenv/versions/2.7.8/include/ruby-2.7.0 -I. -I/Users/Jun/.rbenv/versions/2.7.8/openssl/include -I/Users/Jun/.rbenv/versions/2.7.8/include  -D_XOPEN_SOURCE -D_DARWIN_C_SOURCE -D_DARWIN_UNLIMITED_SELECT -D_REENTRANT    -O3 -Wno-error=shorten-64-to-32  -fno-common -pipe conftest.c  -L. -L/Users/Jun/.rbenv/versions/2.7.8/lib -L/Users/Jun/.rbenv/versions/2.7.8/openssl/lib -L. -L/Users/Jun/.rbenv/versions/2.7.8/lib  -fstack-protector-strong -L/usr/local/lib    -lssl -lcrypto  -lruby.2.7 -lssl -lcrypto   "
conftest.c:14:57: error: use of undeclared identifier 'EVP_PKEY_up_ref'
int t(void) { void ((*volatile p)()); p = (void ((*)()))EVP_PKEY_up_ref; return !p; }
                                                        ^
1 error generated.
checked program was:
/* begin */
 1: #include "ruby.h"
 2: 
 3: /*top*/
 4: extern int t(void);
 5: int main(int argc, char **argv)
 6: {
 7:   if (argc > 1000000) {
 8:     int (* volatile tp)(void)=(int (*)(void))&t;
 9:     printf("%d", (*tp)());
10:   }
11: 
12:   return !!argv[argc];
13: }
14: int t(void) { void ((*volatile p)()); p = (void ((*)()))EVP_PKEY_up_ref; return !p; }
/* end */

" clang -o conftest -I/Users/Jun/.rbenv/versions/2.7.8/include/ruby-2.7.0/x86_64-darwin17 -I/Users/Jun/.rbenv/versions/2.7.8/include/ruby-2.7.0/ruby/backward -I/Users/Jun/.rbenv/versions/2.7.8/include/ruby-2.7.0 -I. -I/Users/Jun/.rbenv/versions/2.7.8/openssl/include -I/Users/Jun/.rbenv/versions/2.7.8/include  -D_XOPEN_SOURCE -D_DARWIN_C_SOURCE -D_DARWIN_UNLIMITED_SELECT -D_REENTRANT    -O3 -Wno-error=shorten-64-to-32  -fno-common -pipe conftest.c  -L. -L/Users/Jun/.rbenv/versions/2.7.8/lib -L/Users/Jun/.rbenv/versions/2.7.8/openssl/lib -L. -L/Users/Jun/.rbenv/versions/2.7.8/lib  -fstack-protector-strong -L/usr/local/lib    -lssl -lcrypto  -lruby.2.7 -lssl -lcrypto   "
checked program was:
/* begin */
 1: #include "ruby.h"
 2: 
 3: /*top*/
 4: extern int t(void);
 5: int main(int argc, char **argv)
 6: {
 7:   if (argc > 1000000) {
 8:     int (* volatile tp)(void)=(int (*)(void))&t;
 9:     printf("%d", (*tp)());
10:   }
11: 
12:   return !!argv[argc];
13: }
14: extern void EVP_PKEY_up_ref();
15: int t(void) { EVP_PKEY_up_ref(); return 0; }
/* end */

--------------------

have_func: checking for SSL_CTX_set_tmp_ecdh_callback(NULL, NULL) in openssl/ssl.h... -------------------- no

" clang -o conftest -I/Users/Jun/.rbenv/versions/2.7.8/include/ruby-2.7.0/x86_64-darwin17 -I/Users/Jun/.rbenv/versions/2.7.8/include/ruby-2.7.0/ruby/backward -I/Users/Jun/.rbenv/versions/2.7.8/include/ruby-2.7.0 -I. -I/Users/Jun/.rbenv/versions/2.7.8/openssl/include -I/Users/Jun/.rbenv/versions/2.7.8/include  -D_XOPEN_SOURCE -D_DARWIN_C_SOURCE -D_DARWIN_UNLIMITED_SELECT -D_REENTRANT    -O3 -Wno-error=shorten-64-to-32  -fno-common -pipe conftest.c  -L. -L/Users/Jun/.rbenv/versions/2.7.8/lib -L/Users/Jun/.rbenv/versions/2.7.8/openssl/lib -L. -L/Users/Jun/.rbenv/versions/2.7.8/lib  -fstack-protector-strong -L/usr/local/lib    -lssl -lcrypto  -lruby.2.7 -lssl -lcrypto   "
conftest.c:17:15: warning: implicit declaration of function 'SSL_CTX_set_tmp_ecdh_callback' is invalid in C99 [-Wimplicit-function-declaration]
int t(void) { SSL_CTX_set_tmp_ecdh_callback(NULL, NULL); return 0; }
              ^
1 warning generated.
Undefined symbols for architecture x86_64:
  "_SSL_CTX_set_tmp_ecdh_callback", referenced from:
      _t in conftest-f60559.o
ld: symbol(s) not found for architecture x86_64
clang: error: linker command failed with exit code 1 (use -v to see invocation)
checked program was:
/* begin */
 1: #include "ruby.h"
 2: 
 3: #include <openssl/ssl.h>
 4: 
 5: /*top*/
 6: extern int t(void);
 7: int main(int argc, char **argv)
 8: {
 9:   if (argc > 1000000) {
10:     int (* volatile tp)(void)=(int (*)(void))&t;
11:     printf("%d", (*tp)());
12:   }
13: 
14:   return !!argv[argc];
15: }
16: 
17: int t(void) { SSL_CTX_set_tmp_ecdh_callback(NULL, NULL); return 0; }
/* end */

--------------------

have_func: checking for SSL_CTX_set_min_proto_version(NULL, 0) in openssl/ssl.h... -------------------- yes

" clang -o conftest -I/Users/Jun/.rbenv/versions/2.7.8/include/ruby-2.7.0/x86_64-darwin17 -I/Users/Jun/.rbenv/versions/2.7.8/include/ruby-2.7.0/ruby/backward -I/Users/Jun/.rbenv/versions/2.7.8/include/ruby-2.7.0 -I. -I/Users/Jun/.rbenv/versions/2.7.8/openssl/include -I/Users/Jun/.rbenv/versions/2.7.8/include  -D_XOPEN_SOURCE -D_DARWIN_C_SOURCE -D_DARWIN_UNLIMITED_SELECT -D_REENTRANT    -O3 -Wno-error=shorten-64-to-32  -fno-common -pipe conftest.c  -L. -L/Users/Jun/.rbenv/versions/2.7.8/lib -L/Users/Jun/.rbenv/versions/2.7.8/openssl/lib -L. -L/Users/Jun/.rbenv/versions/2.7.8/lib  -fstack-protector-strong -L/usr/local/lib    -lssl -lcrypto  -lruby.2.7 -lssl -lcrypto   "
checked program was:
/* begin */
 1: #include "ruby.h"
 2: 
 3: #include <openssl/ssl.h>
 4: 
 5: /*top*/
 6: extern int t(void);
 7: int main(int argc, char **argv)
 8: {
 9:   if (argc > 1000000) {
10:     int (* volatile tp)(void)=(int (*)(void))&t;
11:     printf("%d", (*tp)());
12:   }
13: 
14:   return !!argv[argc];
15: }
16: 
17: int t(void) { SSL_CTX_set_min_proto_version(NULL, 0); return 0; }
/* end */

--------------------

have_func: checking for SSL_CTX_get_security_level()... -------------------- yes

" clang -o conftest -I/Users/Jun/.rbenv/versions/2.7.8/include/ruby-2.7.0/x86_64-darwin17 -I/Users/Jun/.rbenv/versions/2.7.8/include/ruby-2.7.0/ruby/backward -I/Users/Jun/.rbenv/versions/2.7.8/include/ruby-2.7.0 -I. -I/Users/Jun/.rbenv/versions/2.7.8/openssl/include -I/Users/Jun/.rbenv/versions/2.7.8/include  -D_XOPEN_SOURCE -D_DARWIN_C_SOURCE -D_DARWIN_UNLIMITED_SELECT -D_REENTRANT    -O3 -Wno-error=shorten-64-to-32  -fno-common -pipe conftest.c  -L. -L/Users/Jun/.rbenv/versions/2.7.8/lib -L/Users/Jun/.rbenv/versions/2.7.8/openssl/lib -L. -L/Users/Jun/.rbenv/versions/2.7.8/lib  -fstack-protector-strong -L/usr/local/lib    -lssl -lcrypto  -lruby.2.7 -lssl -lcrypto   "
conftest.c:14:57: error: use of undeclared identifier 'SSL_CTX_get_security_level'
int t(void) { void ((*volatile p)()); p = (void ((*)()))SSL_CTX_get_security_level; return !p; }
                                                        ^
1 error generated.
checked program was:
/* begin */
 1: #include "ruby.h"
 2: 
 3: /*top*/
 4: extern int t(void);
 5: int main(int argc, char **argv)
 6: {
 7:   if (argc > 1000000) {
 8:     int (* volatile tp)(void)=(int (*)(void))&t;
 9:     printf("%d", (*tp)());
10:   }
11: 
12:   return !!argv[argc];
13: }
14: int t(void) { void ((*volatile p)()); p = (void ((*)()))SSL_CTX_get_security_level; return !p; }
/* end */

" clang -o conftest -I/Users/Jun/.rbenv/versions/2.7.8/include/ruby-2.7.0/x86_64-darwin17 -I/Users/Jun/.rbenv/versions/2.7.8/include/ruby-2.7.0/ruby/backward -I/Users/Jun/.rbenv/versions/2.7.8/include/ruby-2.7.0 -I. -I/Users/Jun/.rbenv/versions/2.7.8/openssl/include -I/Users/Jun/.rbenv/versions/2.7.8/include  -D_XOPEN_SOURCE -D_DARWIN_C_SOURCE -D_DARWIN_UNLIMITED_SELECT -D_REENTRANT    -O3 -Wno-error=shorten-64-to-32  -fno-common -pipe conftest.c  -L. -L/Users/Jun/.rbenv/versions/2.7.8/lib -L/Users/Jun/.rbenv/versions/2.7.8/openssl/lib -L. -L/Users/Jun/.rbenv/versions/2.7.8/lib  -fstack-protector-strong -L/usr/local/lib    -lssl -lcrypto  -lruby.2.7 -lssl -lcrypto   "
checked program was:
/* begin */
 1: #include "ruby.h"
 2: 
 3: /*top*/
 4: extern int t(void);
 5: int main(int argc, char **argv)
 6: {
 7:   if (argc > 1000000) {
 8:     int (* volatile tp)(void)=(int (*)(void))&t;
 9:     printf("%d", (*tp)());
10:   }
11: 
12:   return !!argv[argc];
13: }
14: extern void SSL_CTX_get_security_level();
15: int t(void) { SSL_CTX_get_security_level(); return 0; }
/* end */

--------------------

have_func: checking for X509_get0_notBefore()... -------------------- yes

" clang -o conftest -I/Users/Jun/.rbenv/versions/2.7.8/include/ruby-2.7.0/x86_64-darwin17 -I/Users/Jun/.rbenv/versions/2.7.8/include/ruby-2.7.0/ruby/backward -I/Users/Jun/.rbenv/versions/2.7.8/include/ruby-2.7.0 -I. -I/Users/Jun/.rbenv/versions/2.7.8/openssl/include -I/Users/Jun/.rbenv/versions/2.7.8/include  -D_XOPEN_SOURCE -D_DARWIN_C_SOURCE -D_DARWIN_UNLIMITED_SELECT -D_REENTRANT    -O3 -Wno-error=shorten-64-to-32  -fno-common -pipe conftest.c  -L. -L/Users/Jun/.rbenv/versions/2.7.8/lib -L/Users/Jun/.rbenv/versions/2.7.8/openssl/lib -L. -L/Users/Jun/.rbenv/versions/2.7.8/lib  -fstack-protector-strong -L/usr/local/lib    -lssl -lcrypto  -lruby.2.7 -lssl -lcrypto   "
conftest.c:14:57: error: use of undeclared identifier 'X509_get0_notBefore'
int t(void) { void ((*volatile p)()); p = (void ((*)()))X509_get0_notBefore; return !p; }
                                                        ^
1 error generated.
checked program was:
/* begin */
 1: #include "ruby.h"
 2: 
 3: /*top*/
 4: extern int t(void);
 5: int main(int argc, char **argv)
 6: {
 7:   if (argc > 1000000) {
 8:     int (* volatile tp)(void)=(int (*)(void))&t;
 9:     printf("%d", (*tp)());
10:   }
11: 
12:   return !!argv[argc];
13: }
14: int t(void) { void ((*volatile p)()); p = (void ((*)()))X509_get0_notBefore; return !p; }
/* end */

" clang -o conftest -I/Users/Jun/.rbenv/versions/2.7.8/include/ruby-2.7.0/x86_64-darwin17 -I/Users/Jun/.rbenv/versions/2.7.8/include/ruby-2.7.0/ruby/backward -I/Users/Jun/.rbenv/versions/2.7.8/include/ruby-2.7.0 -I. -I/Users/Jun/.rbenv/versions/2.7.8/openssl/include -I/Users/Jun/.rbenv/versions/2.7.8/include  -D_XOPEN_SOURCE -D_DARWIN_C_SOURCE -D_DARWIN_UNLIMITED_SELECT -D_REENTRANT    -O3 -Wno-error=shorten-64-to-32  -fno-common -pipe conftest.c  -L. -L/Users/Jun/.rbenv/versions/2.7.8/lib -L/Users/Jun/.rbenv/versions/2.7.8/openssl/lib -L. -L/Users/Jun/.rbenv/versions/2.7.8/lib  -fstack-protector-strong -L/usr/local/lib    -lssl -lcrypto  -lruby.2.7 -lssl -lcrypto   "
checked program was:
/* begin */
 1: #include "ruby.h"
 2: 
 3: /*top*/
 4: extern int t(void);
 5: int main(int argc, char **argv)
 6: {
 7:   if (argc > 1000000) {
 8:     int (* volatile tp)(void)=(int (*)(void))&t;
 9:     printf("%d", (*tp)());
10:   }
11: 
12:   return !!argv[argc];
13: }
14: extern void X509_get0_notBefore();
15: int t(void) { X509_get0_notBefore(); return 0; }
/* end */

--------------------

have_func: checking for SSL_SESSION_get_protocol_version()... -------------------- yes

" clang -o conftest -I/Users/Jun/.rbenv/versions/2.7.8/include/ruby-2.7.0/x86_64-darwin17 -I/Users/Jun/.rbenv/versions/2.7.8/include/ruby-2.7.0/ruby/backward -I/Users/Jun/.rbenv/versions/2.7.8/include/ruby-2.7.0 -I. -I/Users/Jun/.rbenv/versions/2.7.8/openssl/include -I/Users/Jun/.rbenv/versions/2.7.8/include  -D_XOPEN_SOURCE -D_DARWIN_C_SOURCE -D_DARWIN_UNLIMITED_SELECT -D_REENTRANT    -O3 -Wno-error=shorten-64-to-32  -fno-common -pipe conftest.c  -L. -L/Users/Jun/.rbenv/versions/2.7.8/lib -L/Users/Jun/.rbenv/versions/2.7.8/openssl/lib -L. -L/Users/Jun/.rbenv/versions/2.7.8/lib  -fstack-protector-strong -L/usr/local/lib    -lssl -lcrypto  -lruby.2.7 -lssl -lcrypto   "
conftest.c:14:57: error: use of undeclared identifier 'SSL_SESSION_get_protocol_version'
int t(void) { void ((*volatile p)()); p = (void ((*)()))SSL_SESSION_get_protocol_version; return !p; }
                                                        ^
1 error generated.
checked program was:
/* begin */
 1: #include "ruby.h"
 2: 
 3: /*top*/
 4: extern int t(void);
 5: int main(int argc, char **argv)
 6: {
 7:   if (argc > 1000000) {
 8:     int (* volatile tp)(void)=(int (*)(void))&t;
 9:     printf("%d", (*tp)());
10:   }
11: 
12:   return !!argv[argc];
13: }
14: int t(void) { void ((*volatile p)()); p = (void ((*)()))SSL_SESSION_get_protocol_version; return !p; }
/* end */

" clang -o conftest -I/Users/Jun/.rbenv/versions/2.7.8/include/ruby-2.7.0/x86_64-darwin17 -I/Users/Jun/.rbenv/versions/2.7.8/include/ruby-2.7.0/ruby/backward -I/Users/Jun/.rbenv/versions/2.7.8/include/ruby-2.7.0 -I. -I/Users/Jun/.rbenv/versions/2.7.8/openssl/include -I/Users/Jun/.rbenv/versions/2.7.8/include  -D_XOPEN_SOURCE -D_DARWIN_C_SOURCE -D_DARWIN_UNLIMITED_SELECT -D_REENTRANT    -O3 -Wno-error=shorten-64-to-32  -fno-common -pipe conftest.c  -L. -L/Users/Jun/.rbenv/versions/2.7.8/lib -L/Users/Jun/.rbenv/versions/2.7.8/openssl/lib -L. -L/Users/Jun/.rbenv/versions/2.7.8/lib  -fstack-protector-strong -L/usr/local/lib    -lssl -lcrypto  -lruby.2.7 -lssl -lcrypto   "
checked program was:
/* begin */
 1: #include "ruby.h"
 2: 
 3: /*top*/
 4: extern int t(void);
 5: int main(int argc, char **argv)
 6: {
 7:   if (argc > 1000000) {
 8:     int (* volatile tp)(void)=(int (*)(void))&t;
 9:     printf("%d", (*tp)());
10:   }
11: 
12:   return !!argv[argc];
13: }
14: extern void SSL_SESSION_get_protocol_version();
15: int t(void) { SSL_SESSION_get_protocol_version(); return 0; }
/* end */

--------------------

have_func: checking for TS_STATUS_INFO_get0_status()... -------------------- yes

" clang -o conftest -I/Users/Jun/.rbenv/versions/2.7.8/include/ruby-2.7.0/x86_64-darwin17 -I/Users/Jun/.rbenv/versions/2.7.8/include/ruby-2.7.0/ruby/backward -I/Users/Jun/.rbenv/versions/2.7.8/include/ruby-2.7.0 -I. -I/Users/Jun/.rbenv/versions/2.7.8/openssl/include -I/Users/Jun/.rbenv/versions/2.7.8/include  -D_XOPEN_SOURCE -D_DARWIN_C_SOURCE -D_DARWIN_UNLIMITED_SELECT -D_REENTRANT    -O3 -Wno-error=shorten-64-to-32  -fno-common -pipe conftest.c  -L. -L/Users/Jun/.rbenv/versions/2.7.8/lib -L/Users/Jun/.rbenv/versions/2.7.8/openssl/lib -L. -L/Users/Jun/.rbenv/versions/2.7.8/lib  -fstack-protector-strong -L/usr/local/lib    -lssl -lcrypto  -lruby.2.7 -lssl -lcrypto   "
conftest.c:14:57: error: use of undeclared identifier 'TS_STATUS_INFO_get0_status'
int t(void) { void ((*volatile p)()); p = (void ((*)()))TS_STATUS_INFO_get0_status; return !p; }
                                                        ^
1 error generated.
checked program was:
/* begin */
 1: #include "ruby.h"
 2: 
 3: /*top*/
 4: extern int t(void);
 5: int main(int argc, char **argv)
 6: {
 7:   if (argc > 1000000) {
 8:     int (* volatile tp)(void)=(int (*)(void))&t;
 9:     printf("%d", (*tp)());
10:   }
11: 
12:   return !!argv[argc];
13: }
14: int t(void) { void ((*volatile p)()); p = (void ((*)()))TS_STATUS_INFO_get0_status; return !p; }
/* end */

" clang -o conftest -I/Users/Jun/.rbenv/versions/2.7.8/include/ruby-2.7.0/x86_64-darwin17 -I/Users/Jun/.rbenv/versions/2.7.8/include/ruby-2.7.0/ruby/backward -I/Users/Jun/.rbenv/versions/2.7.8/include/ruby-2.7.0 -I. -I/Users/Jun/.rbenv/versions/2.7.8/openssl/include -I/Users/Jun/.rbenv/versions/2.7.8/include  -D_XOPEN_SOURCE -D_DARWIN_C_SOURCE -D_DARWIN_UNLIMITED_SELECT -D_REENTRANT    -O3 -Wno-error=shorten-64-to-32  -fno-common -pipe conftest.c  -L. -L/Users/Jun/.rbenv/versions/2.7.8/lib -L/Users/Jun/.rbenv/versions/2.7.8/openssl/lib -L. -L/Users/Jun/.rbenv/versions/2.7.8/lib  -fstack-protector-strong -L/usr/local/lib    -lssl -lcrypto  -lruby.2.7 -lssl -lcrypto   "
checked program was:
/* begin */
 1: #include "ruby.h"
 2: 
 3: /*top*/
 4: extern int t(void);
 5: int main(int argc, char **argv)
 6: {
 7:   if (argc > 1000000) {
 8:     int (* volatile tp)(void)=(int (*)(void))&t;
 9:     printf("%d", (*tp)());
10:   }
11: 
12:   return !!argv[argc];
13: }
14: extern void TS_STATUS_INFO_get0_status();
15: int t(void) { TS_STATUS_INFO_get0_status(); return 0; }
/* end */

--------------------

have_func: checking for TS_STATUS_INFO_get0_text()... -------------------- yes

" clang -o conftest -I/Users/Jun/.rbenv/versions/2.7.8/include/ruby-2.7.0/x86_64-darwin17 -I/Users/Jun/.rbenv/versions/2.7.8/include/ruby-2.7.0/ruby/backward -I/Users/Jun/.rbenv/versions/2.7.8/include/ruby-2.7.0 -I. -I/Users/Jun/.rbenv/versions/2.7.8/openssl/include -I/Users/Jun/.rbenv/versions/2.7.8/include  -D_XOPEN_SOURCE -D_DARWIN_C_SOURCE -D_DARWIN_UNLIMITED_SELECT -D_REENTRANT    -O3 -Wno-error=shorten-64-to-32  -fno-common -pipe conftest.c  -L. -L/Users/Jun/.rbenv/versions/2.7.8/lib -L/Users/Jun/.rbenv/versions/2.7.8/openssl/lib -L. -L/Users/Jun/.rbenv/versions/2.7.8/lib  -fstack-protector-strong -L/usr/local/lib    -lssl -lcrypto  -lruby.2.7 -lssl -lcrypto   "
conftest.c:14:57: error: use of undeclared identifier 'TS_STATUS_INFO_get0_text'
int t(void) { void ((*volatile p)()); p = (void ((*)()))TS_STATUS_INFO_get0_text; return !p; }
                                                        ^
1 error generated.
checked program was:
/* begin */
 1: #include "ruby.h"
 2: 
 3: /*top*/
 4: extern int t(void);
 5: int main(int argc, char **argv)
 6: {
 7:   if (argc > 1000000) {
 8:     int (* volatile tp)(void)=(int (*)(void))&t;
 9:     printf("%d", (*tp)());
10:   }
11: 
12:   return !!argv[argc];
13: }
14: int t(void) { void ((*volatile p)()); p = (void ((*)()))TS_STATUS_INFO_get0_text; return !p; }
/* end */

" clang -o conftest -I/Users/Jun/.rbenv/versions/2.7.8/include/ruby-2.7.0/x86_64-darwin17 -I/Users/Jun/.rbenv/versions/2.7.8/include/ruby-2.7.0/ruby/backward -I/Users/Jun/.rbenv/versions/2.7.8/include/ruby-2.7.0 -I. -I/Users/Jun/.rbenv/versions/2.7.8/openssl/include -I/Users/Jun/.rbenv/versions/2.7.8/include  -D_XOPEN_SOURCE -D_DARWIN_C_SOURCE -D_DARWIN_UNLIMITED_SELECT -D_REENTRANT    -O3 -Wno-error=shorten-64-to-32  -fno-common -pipe conftest.c  -L. -L/Users/Jun/.rbenv/versions/2.7.8/lib -L/Users/Jun/.rbenv/versions/2.7.8/openssl/lib -L. -L/Users/Jun/.rbenv/versions/2.7.8/lib  -fstack-protector-strong -L/usr/local/lib    -lssl -lcrypto  -lruby.2.7 -lssl -lcrypto   "
checked program was:
/* begin */
 1: #include "ruby.h"
 2: 
 3: /*top*/
 4: extern int t(void);
 5: int main(int argc, char **argv)
 6: {
 7:   if (argc > 1000000) {
 8:     int (* volatile tp)(void)=(int (*)(void))&t;
 9:     printf("%d", (*tp)());
10:   }
11: 
12:   return !!argv[argc];
13: }
14: extern void TS_STATUS_INFO_get0_text();
15: int t(void) { TS_STATUS_INFO_get0_text(); return 0; }
/* end */

--------------------

have_func: checking for TS_STATUS_INFO_get0_failure_info()... -------------------- yes

" clang -o conftest -I/Users/Jun/.rbenv/versions/2.7.8/include/ruby-2.7.0/x86_64-darwin17 -I/Users/Jun/.rbenv/versions/2.7.8/include/ruby-2.7.0/ruby/backward -I/Users/Jun/.rbenv/versions/2.7.8/include/ruby-2.7.0 -I. -I/Users/Jun/.rbenv/versions/2.7.8/openssl/include -I/Users/Jun/.rbenv/versions/2.7.8/include  -D_XOPEN_SOURCE -D_DARWIN_C_SOURCE -D_DARWIN_UNLIMITED_SELECT -D_REENTRANT    -O3 -Wno-error=shorten-64-to-32  -fno-common -pipe conftest.c  -L. -L/Users/Jun/.rbenv/versions/2.7.8/lib -L/Users/Jun/.rbenv/versions/2.7.8/openssl/lib -L. -L/Users/Jun/.rbenv/versions/2.7.8/lib  -fstack-protector-strong -L/usr/local/lib    -lssl -lcrypto  -lruby.2.7 -lssl -lcrypto   "
conftest.c:14:57: error: use of undeclared identifier 'TS_STATUS_INFO_get0_failure_info'
int t(void) { void ((*volatile p)()); p = (void ((*)()))TS_STATUS_INFO_get0_failure_info; return !p; }
                                                        ^
1 error generated.
checked program was:
/* begin */
 1: #include "ruby.h"
 2: 
 3: /*top*/
 4: extern int t(void);
 5: int main(int argc, char **argv)
 6: {
 7:   if (argc > 1000000) {
 8:     int (* volatile tp)(void)=(int (*)(void))&t;
 9:     printf("%d", (*tp)());
10:   }
11: 
12:   return !!argv[argc];
13: }
14: int t(void) { void ((*volatile p)()); p = (void ((*)()))TS_STATUS_INFO_get0_failure_info; return !p; }
/* end */

" clang -o conftest -I/Users/Jun/.rbenv/versions/2.7.8/include/ruby-2.7.0/x86_64-darwin17 -I/Users/Jun/.rbenv/versions/2.7.8/include/ruby-2.7.0/ruby/backward -I/Users/Jun/.rbenv/versions/2.7.8/include/ruby-2.7.0 -I. -I/Users/Jun/.rbenv/versions/2.7.8/openssl/include -I/Users/Jun/.rbenv/versions/2.7.8/include  -D_XOPEN_SOURCE -D_DARWIN_C_SOURCE -D_DARWIN_UNLIMITED_SELECT -D_REENTRANT    -O3 -Wno-error=shorten-64-to-32  -fno-common -pipe conftest.c  -L. -L/Users/Jun/.rbenv/versions/2.7.8/lib -L/Users/Jun/.rbenv/versions/2.7.8/openssl/lib -L. -L/Users/Jun/.rbenv/versions/2.7.8/lib  -fstack-protector-strong -L/usr/local/lib    -lssl -lcrypto  -lruby.2.7 -lssl -lcrypto   "
checked program was:
/* begin */
 1: #include "ruby.h"
 2: 
 3: /*top*/
 4: extern int t(void);
 5: int main(int argc, char **argv)
 6: {
 7:   if (argc > 1000000) {
 8:     int (* volatile tp)(void)=(int (*)(void))&t;
 9:     printf("%d", (*tp)());
10:   }
11: 
12:   return !!argv[argc];
13: }
14: extern void TS_STATUS_INFO_get0_failure_info();
15: int t(void) { TS_STATUS_INFO_get0_failure_info(); return 0; }
/* end */

--------------------

have_func: checking for TS_VERIFY_CTS_set_certs(NULL, NULL) in openssl/ts.h... -------------------- yes

" clang -o conftest -I/Users/Jun/.rbenv/versions/2.7.8/include/ruby-2.7.0/x86_64-darwin17 -I/Users/Jun/.rbenv/versions/2.7.8/include/ruby-2.7.0/ruby/backward -I/Users/Jun/.rbenv/versions/2.7.8/include/ruby-2.7.0 -I. -I/Users/Jun/.rbenv/versions/2.7.8/openssl/include -I/Users/Jun/.rbenv/versions/2.7.8/include  -D_XOPEN_SOURCE -D_DARWIN_C_SOURCE -D_DARWIN_UNLIMITED_SELECT -D_REENTRANT    -O3 -Wno-error=shorten-64-to-32  -fno-common -pipe conftest.c  -L. -L/Users/Jun/.rbenv/versions/2.7.8/lib -L/Users/Jun/.rbenv/versions/2.7.8/openssl/lib -L. -L/Users/Jun/.rbenv/versions/2.7.8/lib  -fstack-protector-strong -L/usr/local/lib    -lssl -lcrypto  -lruby.2.7 -lssl -lcrypto   "
checked program was:
/* begin */
 1: #include "ruby.h"
 2: 
 3: #include <openssl/ts.h>
 4: 
 5: /*top*/
 6: extern int t(void);
 7: int main(int argc, char **argv)
 8: {
 9:   if (argc > 1000000) {
10:     int (* volatile tp)(void)=(int (*)(void))&t;
11:     printf("%d", (*tp)());
12:   }
13: 
14:   return !!argv[argc];
15: }
16: 
17: int t(void) { TS_VERIFY_CTS_set_certs(NULL, NULL); return 0; }
/* end */

--------------------

have_func: checking for TS_VERIFY_CTX_set_store()... -------------------- yes

" clang -o conftest -I/Users/Jun/.rbenv/versions/2.7.8/include/ruby-2.7.0/x86_64-darwin17 -I/Users/Jun/.rbenv/versions/2.7.8/include/ruby-2.7.0/ruby/backward -I/Users/Jun/.rbenv/versions/2.7.8/include/ruby-2.7.0 -I. -I/Users/Jun/.rbenv/versions/2.7.8/openssl/include -I/Users/Jun/.rbenv/versions/2.7.8/include  -D_XOPEN_SOURCE -D_DARWIN_C_SOURCE -D_DARWIN_UNLIMITED_SELECT -D_REENTRANT    -O3 -Wno-error=shorten-64-to-32  -fno-common -pipe conftest.c  -L. -L/Users/Jun/.rbenv/versions/2.7.8/lib -L/Users/Jun/.rbenv/versions/2.7.8/openssl/lib -L. -L/Users/Jun/.rbenv/versions/2.7.8/lib  -fstack-protector-strong -L/usr/local/lib    -lssl -lcrypto  -lruby.2.7 -lssl -lcrypto   "
conftest.c:14:57: error: use of undeclared identifier 'TS_VERIFY_CTX_set_store'
int t(void) { void ((*volatile p)()); p = (void ((*)()))TS_VERIFY_CTX_set_store; return !p; }
                                                        ^
1 error generated.
checked program was:
/* begin */
 1: #include "ruby.h"
 2: 
 3: /*top*/
 4: extern int t(void);
 5: int main(int argc, char **argv)
 6: {
 7:   if (argc > 1000000) {
 8:     int (* volatile tp)(void)=(int (*)(void))&t;
 9:     printf("%d", (*tp)());
10:   }
11: 
12:   return !!argv[argc];
13: }
14: int t(void) { void ((*volatile p)()); p = (void ((*)()))TS_VERIFY_CTX_set_store; return !p; }
/* end */

" clang -o conftest -I/Users/Jun/.rbenv/versions/2.7.8/include/ruby-2.7.0/x86_64-darwin17 -I/Users/Jun/.rbenv/versions/2.7.8/include/ruby-2.7.0/ruby/backward -I/Users/Jun/.rbenv/versions/2.7.8/include/ruby-2.7.0 -I. -I/Users/Jun/.rbenv/versions/2.7.8/openssl/include -I/Users/Jun/.rbenv/versions/2.7.8/include  -D_XOPEN_SOURCE -D_DARWIN_C_SOURCE -D_DARWIN_UNLIMITED_SELECT -D_REENTRANT    -O3 -Wno-error=shorten-64-to-32  -fno-common -pipe conftest.c  -L. -L/Users/Jun/.rbenv/versions/2.7.8/lib -L/Users/Jun/.rbenv/versions/2.7.8/openssl/lib -L. -L/Users/Jun/.rbenv/versions/2.7.8/lib  -fstack-protector-strong -L/usr/local/lib    -lssl -lcrypto  -lruby.2.7 -lssl -lcrypto   "
checked program was:
/* begin */
 1: #include "ruby.h"
 2: 
 3: /*top*/
 4: extern int t(void);
 5: int main(int argc, char **argv)
 6: {
 7:   if (argc > 1000000) {
 8:     int (* volatile tp)(void)=(int (*)(void))&t;
 9:     printf("%d", (*tp)());
10:   }
11: 
12:   return !!argv[argc];
13: }
14: extern void TS_VERIFY_CTX_set_store();
15: int t(void) { TS_VERIFY_CTX_set_store(); return 0; }
/* end */

--------------------

have_func: checking for TS_VERIFY_CTX_add_flags()... -------------------- yes

" clang -o conftest -I/Users/Jun/.rbenv/versions/2.7.8/include/ruby-2.7.0/x86_64-darwin17 -I/Users/Jun/.rbenv/versions/2.7.8/include/ruby-2.7.0/ruby/backward -I/Users/Jun/.rbenv/versions/2.7.8/include/ruby-2.7.0 -I. -I/Users/Jun/.rbenv/versions/2.7.8/openssl/include -I/Users/Jun/.rbenv/versions/2.7.8/include  -D_XOPEN_SOURCE -D_DARWIN_C_SOURCE -D_DARWIN_UNLIMITED_SELECT -D_REENTRANT    -O3 -Wno-error=shorten-64-to-32  -fno-common -pipe conftest.c  -L. -L/Users/Jun/.rbenv/versions/2.7.8/lib -L/Users/Jun/.rbenv/versions/2.7.8/openssl/lib -L. -L/Users/Jun/.rbenv/versions/2.7.8/lib  -fstack-protector-strong -L/usr/local/lib    -lssl -lcrypto  -lruby.2.7 -lssl -lcrypto   "
conftest.c:14:57: error: use of undeclared identifier 'TS_VERIFY_CTX_add_flags'
int t(void) { void ((*volatile p)()); p = (void ((*)()))TS_VERIFY_CTX_add_flags; return !p; }
                                                        ^
1 error generated.
checked program was:
/* begin */
 1: #include "ruby.h"
 2: 
 3: /*top*/
 4: extern int t(void);
 5: int main(int argc, char **argv)
 6: {
 7:   if (argc > 1000000) {
 8:     int (* volatile tp)(void)=(int (*)(void))&t;
 9:     printf("%d", (*tp)());
10:   }
11: 
12:   return !!argv[argc];
13: }
14: int t(void) { void ((*volatile p)()); p = (void ((*)()))TS_VERIFY_CTX_add_flags; return !p; }
/* end */

" clang -o conftest -I/Users/Jun/.rbenv/versions/2.7.8/include/ruby-2.7.0/x86_64-darwin17 -I/Users/Jun/.rbenv/versions/2.7.8/include/ruby-2.7.0/ruby/backward -I/Users/Jun/.rbenv/versions/2.7.8/include/ruby-2.7.0 -I. -I/Users/Jun/.rbenv/versions/2.7.8/openssl/include -I/Users/Jun/.rbenv/versions/2.7.8/include  -D_XOPEN_SOURCE -D_DARWIN_C_SOURCE -D_DARWIN_UNLIMITED_SELECT -D_REENTRANT    -O3 -Wno-error=shorten-64-to-32  -fno-common -pipe conftest.c  -L. -L/Users/Jun/.rbenv/versions/2.7.8/lib -L/Users/Jun/.rbenv/versions/2.7.8/openssl/lib -L. -L/Users/Jun/.rbenv/versions/2.7.8/lib  -fstack-protector-strong -L/usr/local/lib    -lssl -lcrypto  -lruby.2.7 -lssl -lcrypto   "
checked program was:
/* begin */
 1: #include "ruby.h"
 2: 
 3: /*top*/
 4: extern int t(void);
 5: int main(int argc, char **argv)
 6: {
 7:   if (argc > 1000000) {
 8:     int (* volatile tp)(void)=(int (*)(void))&t;
 9:     printf("%d", (*tp)());
10:   }
11: 
12:   return !!argv[argc];
13: }
14: extern void TS_VERIFY_CTX_add_flags();
15: int t(void) { TS_VERIFY_CTX_add_flags(); return 0; }
/* end */

--------------------

have_func: checking for TS_RESP_CTX_set_time_cb()... -------------------- yes

" clang -o conftest -I/Users/Jun/.rbenv/versions/2.7.8/include/ruby-2.7.0/x86_64-darwin17 -I/Users/Jun/.rbenv/versions/2.7.8/include/ruby-2.7.0/ruby/backward -I/Users/Jun/.rbenv/versions/2.7.8/include/ruby-2.7.0 -I. -I/Users/Jun/.rbenv/versions/2.7.8/openssl/include -I/Users/Jun/.rbenv/versions/2.7.8/include  -D_XOPEN_SOURCE -D_DARWIN_C_SOURCE -D_DARWIN_UNLIMITED_SELECT -D_REENTRANT    -O3 -Wno-error=shorten-64-to-32  -fno-common -pipe conftest.c  -L. -L/Users/Jun/.rbenv/versions/2.7.8/lib -L/Users/Jun/.rbenv/versions/2.7.8/openssl/lib -L. -L/Users/Jun/.rbenv/versions/2.7.8/lib  -fstack-protector-strong -L/usr/local/lib    -lssl -lcrypto  -lruby.2.7 -lssl -lcrypto   "
conftest.c:14:57: error: use of undeclared identifier 'TS_RESP_CTX_set_time_cb'
int t(void) { void ((*volatile p)()); p = (void ((*)()))TS_RESP_CTX_set_time_cb; return !p; }
                                                        ^
1 error generated.
checked program was:
/* begin */
 1: #include "ruby.h"
 2: 
 3: /*top*/
 4: extern int t(void);
 5: int main(int argc, char **argv)
 6: {
 7:   if (argc > 1000000) {
 8:     int (* volatile tp)(void)=(int (*)(void))&t;
 9:     printf("%d", (*tp)());
10:   }
11: 
12:   return !!argv[argc];
13: }
14: int t(void) { void ((*volatile p)()); p = (void ((*)()))TS_RESP_CTX_set_time_cb; return !p; }
/* end */

" clang -o conftest -I/Users/Jun/.rbenv/versions/2.7.8/include/ruby-2.7.0/x86_64-darwin17 -I/Users/Jun/.rbenv/versions/2.7.8/include/ruby-2.7.0/ruby/backward -I/Users/Jun/.rbenv/versions/2.7.8/include/ruby-2.7.0 -I. -I/Users/Jun/.rbenv/versions/2.7.8/openssl/include -I/Users/Jun/.rbenv/versions/2.7.8/include  -D_XOPEN_SOURCE -D_DARWIN_C_SOURCE -D_DARWIN_UNLIMITED_SELECT -D_REENTRANT    -O3 -Wno-error=shorten-64-to-32  -fno-common -pipe conftest.c  -L. -L/Users/Jun/.rbenv/versions/2.7.8/lib -L/Users/Jun/.rbenv/versions/2.7.8/openssl/lib -L. -L/Users/Jun/.rbenv/versions/2.7.8/lib  -fstack-protector-strong -L/usr/local/lib    -lssl -lcrypto  -lruby.2.7 -lssl -lcrypto   "
checked program was:
/* begin */
 1: #include "ruby.h"
 2: 
 3: /*top*/
 4: extern int t(void);
 5: int main(int argc, char **argv)
 6: {
 7:   if (argc > 1000000) {
 8:     int (* volatile tp)(void)=(int (*)(void))&t;
 9:     printf("%d", (*tp)());
10:   }
11: 
12:   return !!argv[argc];
13: }
14: extern void TS_RESP_CTX_set_time_cb();
15: int t(void) { TS_RESP_CTX_set_time_cb(); return 0; }
/* end */

--------------------

have_func: checking for EVP_PBE_scrypt()... -------------------- yes

" clang -o conftest -I/Users/Jun/.rbenv/versions/2.7.8/include/ruby-2.7.0/x86_64-darwin17 -I/Users/Jun/.rbenv/versions/2.7.8/include/ruby-2.7.0/ruby/backward -I/Users/Jun/.rbenv/versions/2.7.8/include/ruby-2.7.0 -I. -I/Users/Jun/.rbenv/versions/2.7.8/openssl/include -I/Users/Jun/.rbenv/versions/2.7.8/include  -D_XOPEN_SOURCE -D_DARWIN_C_SOURCE -D_DARWIN_UNLIMITED_SELECT -D_REENTRANT    -O3 -Wno-error=shorten-64-to-32  -fno-common -pipe conftest.c  -L. -L/Users/Jun/.rbenv/versions/2.7.8/lib -L/Users/Jun/.rbenv/versions/2.7.8/openssl/lib -L. -L/Users/Jun/.rbenv/versions/2.7.8/lib  -fstack-protector-strong -L/usr/local/lib    -lssl -lcrypto  -lruby.2.7 -lssl -lcrypto   "
conftest.c:14:57: error: use of undeclared identifier 'EVP_PBE_scrypt'
int t(void) { void ((*volatile p)()); p = (void ((*)()))EVP_PBE_scrypt; return !p; }
                                                        ^
1 error generated.
checked program was:
/* begin */
 1: #include "ruby.h"
 2: 
 3: /*top*/
 4: extern int t(void);
 5: int main(int argc, char **argv)
 6: {
 7:   if (argc > 1000000) {
 8:     int (* volatile tp)(void)=(int (*)(void))&t;
 9:     printf("%d", (*tp)());
10:   }
11: 
12:   return !!argv[argc];
13: }
14: int t(void) { void ((*volatile p)()); p = (void ((*)()))EVP_PBE_scrypt; return !p; }
/* end */

" clang -o conftest -I/Users/Jun/.rbenv/versions/2.7.8/include/ruby-2.7.0/x86_64-darwin17 -I/Users/Jun/.rbenv/versions/2.7.8/include/ruby-2.7.0/ruby/backward -I/Users/Jun/.rbenv/versions/2.7.8/include/ruby-2.7.0 -I. -I/Users/Jun/.rbenv/versions/2.7.8/openssl/include -I/Users/Jun/.rbenv/versions/2.7.8/include  -D_XOPEN_SOURCE -D_DARWIN_C_SOURCE -D_DARWIN_UNLIMITED_SELECT -D_REENTRANT    -O3 -Wno-error=shorten-64-to-32  -fno-common -pipe conftest.c  -L. -L/Users/Jun/.rbenv/versions/2.7.8/lib -L/Users/Jun/.rbenv/versions/2.7.8/openssl/lib -L. -L/Users/Jun/.rbenv/versions/2.7.8/lib  -fstack-protector-strong -L/usr/local/lib    -lssl -lcrypto  -lruby.2.7 -lssl -lcrypto   "
checked program was:
/* begin */
 1: #include "ruby.h"
 2: 
 3: /*top*/
 4: extern int t(void);
 5: int main(int argc, char **argv)
 6: {
 7:   if (argc > 1000000) {
 8:     int (* volatile tp)(void)=(int (*)(void))&t;
 9:     printf("%d", (*tp)());
10:   }
11: 
12:   return !!argv[argc];
13: }
14: extern void EVP_PBE_scrypt();
15: int t(void) { EVP_PBE_scrypt(); return 0; }
/* end */

--------------------

have_func: checking for SSL_CTX_set_post_handshake_auth()... -------------------- yes

" clang -o conftest -I/Users/Jun/.rbenv/versions/2.7.8/include/ruby-2.7.0/x86_64-darwin17 -I/Users/Jun/.rbenv/versions/2.7.8/include/ruby-2.7.0/ruby/backward -I/Users/Jun/.rbenv/versions/2.7.8/include/ruby-2.7.0 -I. -I/Users/Jun/.rbenv/versions/2.7.8/openssl/include -I/Users/Jun/.rbenv/versions/2.7.8/include  -D_XOPEN_SOURCE -D_DARWIN_C_SOURCE -D_DARWIN_UNLIMITED_SELECT -D_REENTRANT    -O3 -Wno-error=shorten-64-to-32  -fno-common -pipe conftest.c  -L. -L/Users/Jun/.rbenv/versions/2.7.8/lib -L/Users/Jun/.rbenv/versions/2.7.8/openssl/lib -L. -L/Users/Jun/.rbenv/versions/2.7.8/lib  -fstack-protector-strong -L/usr/local/lib    -lssl -lcrypto  -lruby.2.7 -lssl -lcrypto   "
conftest.c:14:57: error: use of undeclared identifier 'SSL_CTX_set_post_handshake_auth'
int t(void) { void ((*volatile p)()); p = (void ((*)()))SSL_CTX_set_post_handshake_auth; return !p; }
                                                        ^
1 error generated.
checked program was:
/* begin */
 1: #include "ruby.h"
 2: 
 3: /*top*/
 4: extern int t(void);
 5: int main(int argc, char **argv)
 6: {
 7:   if (argc > 1000000) {
 8:     int (* volatile tp)(void)=(int (*)(void))&t;
 9:     printf("%d", (*tp)());
10:   }
11: 
12:   return !!argv[argc];
13: }
14: int t(void) { void ((*volatile p)()); p = (void ((*)()))SSL_CTX_set_post_handshake_auth; return !p; }
/* end */

" clang -o conftest -I/Users/Jun/.rbenv/versions/2.7.8/include/ruby-2.7.0/x86_64-darwin17 -I/Users/Jun/.rbenv/versions/2.7.8/include/ruby-2.7.0/ruby/backward -I/Users/Jun/.rbenv/versions/2.7.8/include/ruby-2.7.0 -I. -I/Users/Jun/.rbenv/versions/2.7.8/openssl/include -I/Users/Jun/.rbenv/versions/2.7.8/include  -D_XOPEN_SOURCE -D_DARWIN_C_SOURCE -D_DARWIN_UNLIMITED_SELECT -D_REENTRANT    -O3 -Wno-error=shorten-64-to-32  -fno-common -pipe conftest.c  -L. -L/Users/Jun/.rbenv/versions/2.7.8/lib -L/Users/Jun/.rbenv/versions/2.7.8/openssl/lib -L. -L/Users/Jun/.rbenv/versions/2.7.8/lib  -fstack-protector-strong -L/usr/local/lib    -lssl -lcrypto  -lruby.2.7 -lssl -lcrypto   "
checked program was:
/* begin */
 1: #include "ruby.h"
 2: 
 3: /*top*/
 4: extern int t(void);
 5: int main(int argc, char **argv)
 6: {
 7:   if (argc > 1000000) {
 8:     int (* volatile tp)(void)=(int (*)(void))&t;
 9:     printf("%d", (*tp)());
10:   }
11: 
12:   return !!argv[argc];
13: }
14: extern void SSL_CTX_set_post_handshake_auth();
15: int t(void) { SSL_CTX_set_post_handshake_auth(); return 0; }
/* end */

--------------------

have_func: checking for TS_VERIFY_CTX_set_certs(NULL, NULL) in openssl/ts.h... -------------------- no

" clang -o conftest -I/Users/Jun/.rbenv/versions/2.7.8/include/ruby-2.7.0/x86_64-darwin17 -I/Users/Jun/.rbenv/versions/2.7.8/include/ruby-2.7.0/ruby/backward -I/Users/Jun/.rbenv/versions/2.7.8/include/ruby-2.7.0 -I. -I/Users/Jun/.rbenv/versions/2.7.8/openssl/include -I/Users/Jun/.rbenv/versions/2.7.8/include  -D_XOPEN_SOURCE -D_DARWIN_C_SOURCE -D_DARWIN_UNLIMITED_SELECT -D_REENTRANT    -O3 -Wno-error=shorten-64-to-32  -fno-common -pipe conftest.c  -L. -L/Users/Jun/.rbenv/versions/2.7.8/lib -L/Users/Jun/.rbenv/versions/2.7.8/openssl/lib -L. -L/Users/Jun/.rbenv/versions/2.7.8/lib  -fstack-protector-strong -L/usr/local/lib    -lssl -lcrypto  -lruby.2.7 -lssl -lcrypto   "
conftest.c:17:15: warning: implicit declaration of function 'TS_VERIFY_CTX_set_certs' is invalid in C99 [-Wimplicit-function-declaration]
int t(void) { TS_VERIFY_CTX_set_certs(NULL, NULL); return 0; }
              ^
1 warning generated.
Undefined symbols for architecture x86_64:
  "_TS_VERIFY_CTX_set_certs", referenced from:
      _t in conftest-13e56d.o
ld: symbol(s) not found for architecture x86_64
clang: error: linker command failed with exit code 1 (use -v to see invocation)
checked program was:
/* begin */
 1: #include "ruby.h"
 2: 
 3: #include <openssl/ts.h>
 4: 
 5: /*top*/
 6: extern int t(void);
 7: int main(int argc, char **argv)
 8: {
 9:   if (argc > 1000000) {
10:     int (* volatile tp)(void)=(int (*)(void))&t;
11:     printf("%d", (*tp)());
12:   }
13: 
14:   return !!argv[argc];
15: }
16: 
17: int t(void) { TS_VERIFY_CTX_set_certs(NULL, NULL); return 0; }
/* end */

--------------------

=== Checking done. ===
extconf.h is:
/* begin */
 1: #ifndef EXTCONF_H
 2: #define EXTCONF_H
 3: #define HAVE_OPENSSL_SSL_H 1
 4: #define HAVE_ENGINE_LOAD_DYNAMIC 1
 5: #define HAVE_ENGINE_LOAD_CRYPTODEV 1
 6: #define HAVE_EC_CURVE_NIST2NID 1
 7: #define HAVE_X509_REVOKED_DUP 1
 8: #define HAVE_X509_STORE_CTX_GET0_STORE 1
 9: #define HAVE_SSL_CTX_SET_ALPN_SELECT_CB 1
10: #define HAVE_SSL_CTX_SET1_CURVES_LIST 1
11: #define HAVE_SSL_CTX_SET_ECDH_AUTO 1
12: #define HAVE_SSL_GET_SERVER_TMP_KEY 1
13: #define HAVE_SSL_IS_SERVER 1
14: #define HAVE_OPAQUE_OPENSSL 1
15: #define HAVE_OPENSSL_110_THREADING_API 1
16: #define HAVE_BN_GENCB_NEW 1
17: #define HAVE_BN_GENCB_FREE 1
18: #define HAVE_BN_GENCB_GET_ARG 1
19: #define HAVE_EVP_MD_CTX_NEW 1
20: #define HAVE_EVP_MD_CTX_FREE 1
21: #define HAVE_HMAC_CTX_NEW 1
22: #define HAVE_HMAC_CTX_FREE 1
23: #define HAVE_X509_STORE_GET_EX_DATA 1
24: #define HAVE_X509_STORE_SET_EX_DATA 1
25: #define HAVE_X509_CRL_GET0_SIGNATURE 1
26: #define HAVE_X509_REQ_GET0_SIGNATURE 1
27: #define HAVE_X509_REVOKED_GET0_SERIALNUMBER 1
28: #define HAVE_X509_REVOKED_GET0_REVOCATIONDATE 1
29: #define HAVE_X509_GET0_TBS_SIGALG 1
30: #define HAVE_X509_STORE_CTX_GET0_UNTRUSTED 1
31: #define HAVE_X509_STORE_CTX_GET0_CERT 1
32: #define HAVE_X509_STORE_CTX_GET0_CHAIN 1
33: #define HAVE_OCSP_SINGLERESP_GET0_ID 1
34: #define HAVE_SSL_CTX_GET_CIPHERS 1
35: #define HAVE_X509_UP_REF 1
36: #define HAVE_X509_CRL_UP_REF 1
37: #define HAVE_X509_STORE_UP_REF 1
38: #define HAVE_SSL_SESSION_UP_REF 1
39: #define HAVE_EVP_PKEY_UP_REF 1
40: #define HAVE_SSL_CTX_SET_MIN_PROTO_VERSION 1
41: #define HAVE_SSL_CTX_GET_SECURITY_LEVEL 1
42: #define HAVE_X509_GET0_NOTBEFORE 1
43: #define HAVE_SSL_SESSION_GET_PROTOCOL_VERSION 1
44: #define HAVE_TS_STATUS_INFO_GET0_STATUS 1
45: #define HAVE_TS_STATUS_INFO_GET0_TEXT 1
46: #define HAVE_TS_STATUS_INFO_GET0_FAILURE_INFO 1
47: #define HAVE_TS_VERIFY_CTS_SET_CERTS 1
48: #define HAVE_TS_VERIFY_CTX_SET_STORE 1
49: #define HAVE_TS_VERIFY_CTX_ADD_FLAGS 1
50: #define HAVE_TS_RESP_CTX_SET_TIME_CB 1
51: #define HAVE_EVP_PBE_SCRYPT 1
52: #define HAVE_SSL_CTX_SET_POST_HANDSHAKE_AUTH 1
53: #endif
/* end */

Done.
